<?xml version="1.0" encoding="UTF-8"?>
<coverage generated="1653070018612" clover="3.2.0">
  <project timestamp="1653070018612" name="All files">
    <metrics statements="485" coveredstatements="438" conditionals="264" coveredconditionals="217" methods="80" coveredmethods="73" elements="829" coveredelements="728" complexity="0" loc="485" ncloc="485" packages="5" files="26" classes="26"/>
    <package name="Logic">
      <metrics statements="143" coveredstatements="127" conditionals="12" coveredconditionals="9" methods="21" coveredmethods="16"/>
      <file name="Game.ts" path="C:\Users\Usuario\Desktop\BOOTCAMP\BACKEND\GITHUB\ONION-CHESS\src\core\Domain\Logic\Game.ts">
        <metrics statements="50" coveredstatements="41" conditionals="12" coveredconditionals="9" methods="8" coveredmethods="6"/>
        <line num="4" count="1" type="stmt"/>
        <line num="6" count="1" type="stmt"/>
        <line num="7" count="1" type="stmt"/>
        <line num="8" count="1" type="stmt"/>
        <line num="9" count="1" type="stmt"/>
        <line num="11" count="1" type="stmt"/>
        <line num="12" count="1" type="stmt"/>
        <line num="13" count="1" type="stmt"/>
        <line num="14" count="1" type="stmt"/>
        <line num="15" count="1" type="stmt"/>
        <line num="18" count="1" type="stmt"/>
        <line num="22" count="0" type="stmt"/>
        <line num="26" count="1" type="stmt"/>
        <line num="27" count="1" type="stmt"/>
        <line num="31" count="15" type="stmt"/>
        <line num="32" count="218" type="stmt"/>
        <line num="35" count="15" type="stmt"/>
        <line num="36" count="386" type="cond" truecount="2" falsecount="0"/>
        <line num="41" count="15" type="stmt"/>
        <line num="42" count="467" type="cond" truecount="2" falsecount="0"/>
        <line num="45" count="15" type="stmt"/>
        <line num="48" count="15" type="cond" truecount="2" falsecount="1"/>
        <line num="49" count="0" type="stmt"/>
        <line num="50" count="0" type="stmt"/>
        <line num="54" count="15" type="cond" truecount="0" falsecount="1"/>
        <line num="55" count="0" type="stmt"/>
        <line num="56" count="0" type="stmt"/>
        <line num="60" count="15" type="cond" truecount="1" falsecount="0"/>
        <line num="61" count="1" type="stmt"/>
        <line num="62" count="1" type="stmt"/>
        <line num="66" count="14" type="stmt"/>
        <line num="67" count="14" type="cond" truecount="0" falsecount="1"/>
        <line num="68" count="0" type="stmt"/>
        <line num="69" count="0" type="stmt"/>
        <line num="73" count="14" type="stmt"/>
        <line num="79" count="14" type="cond" truecount="1" falsecount="0"/>
        <line num="80" count="3" type="stmt"/>
        <line num="81" count="3" type="stmt"/>
        <line num="86" count="11" type="cond" truecount="1" falsecount="0"/>
        <line num="95" count="1" type="stmt"/>
        <line num="96" count="1" type="stmt"/>
        <line num="100" count="10" type="stmt"/>
        <line num="104" count="10" type="stmt"/>
        <line num="105" count="10" type="stmt"/>
        <line num="106" count="10" type="stmt"/>
        <line num="107" count="10" type="stmt"/>
        <line num="110" count="10" type="stmt"/>
        <line num="112" count="10" type="stmt"/>
        <line num="116" count="0" type="stmt"/>
        <line num="117" count="0" type="stmt"/>
      </file>
      <file name="Populator.ts" path="C:\Users\Usuario\Desktop\BOOTCAMP\BACKEND\GITHUB\ONION-CHESS\src\core\Domain\Logic\Populator.ts">
        <metrics statements="82" coveredstatements="77" conditionals="0" coveredconditionals="0" methods="5" coveredmethods="4"/>
        <line num="1" count="1" type="stmt"/>
        <line num="2" count="1" type="stmt"/>
        <line num="3" count="1" type="stmt"/>
        <line num="4" count="1" type="stmt"/>
        <line num="5" count="1" type="stmt"/>
        <line num="6" count="1" type="stmt"/>
        <line num="7" count="1" type="stmt"/>
        <line num="12" count="1" type="stmt"/>
        <line num="14" count="1" type="stmt"/>
        <line num="15" count="1" type="stmt"/>
        <line num="19" count="0" type="stmt"/>
        <line num="20" count="0" type="stmt"/>
        <line num="21" count="0" type="stmt"/>
        <line num="22" count="0" type="stmt"/>
        <line num="23" count="0" type="stmt"/>
        <line num="27" count="1" type="stmt"/>
        <line num="28" count="8" type="stmt"/>
        <line num="29" count="64" type="stmt"/>
        <line num="36" count="1" type="stmt"/>
        <line num="37" count="1" type="stmt"/>
        <line num="39" count="1" type="stmt"/>
        <line num="40" count="1" type="stmt"/>
        <line num="42" count="1" type="stmt"/>
        <line num="43" count="1" type="stmt"/>
        <line num="45" count="1" type="stmt"/>
        <line num="46" count="1" type="stmt"/>
        <line num="48" count="1" type="stmt"/>
        <line num="49" count="1" type="stmt"/>
        <line num="51" count="1" type="stmt"/>
        <line num="52" count="1" type="stmt"/>
        <line num="54" count="1" type="stmt"/>
        <line num="55" count="1" type="stmt"/>
        <line num="57" count="1" type="stmt"/>
        <line num="58" count="1" type="stmt"/>
        <line num="60" count="1" type="stmt"/>
        <line num="61" count="1" type="stmt"/>
        <line num="63" count="1" type="stmt"/>
        <line num="64" count="1" type="stmt"/>
        <line num="66" count="1" type="stmt"/>
        <line num="67" count="1" type="stmt"/>
        <line num="69" count="1" type="stmt"/>
        <line num="70" count="1" type="stmt"/>
        <line num="72" count="1" type="stmt"/>
        <line num="73" count="1" type="stmt"/>
        <line num="75" count="1" type="stmt"/>
        <line num="76" count="1" type="stmt"/>
        <line num="78" count="1" type="stmt"/>
        <line num="79" count="1" type="stmt"/>
        <line num="81" count="1" type="stmt"/>
        <line num="82" count="1" type="stmt"/>
        <line num="85" count="1" type="stmt"/>
        <line num="86" count="1" type="stmt"/>
        <line num="88" count="1" type="stmt"/>
        <line num="89" count="1" type="stmt"/>
        <line num="91" count="1" type="stmt"/>
        <line num="92" count="1" type="stmt"/>
        <line num="94" count="1" type="stmt"/>
        <line num="95" count="1" type="stmt"/>
        <line num="97" count="1" type="stmt"/>
        <line num="98" count="1" type="stmt"/>
        <line num="100" count="1" type="stmt"/>
        <line num="101" count="1" type="stmt"/>
        <line num="103" count="1" type="stmt"/>
        <line num="104" count="1" type="stmt"/>
        <line num="106" count="1" type="stmt"/>
        <line num="107" count="1" type="stmt"/>
        <line num="109" count="1" type="stmt"/>
        <line num="110" count="1" type="stmt"/>
        <line num="112" count="1" type="stmt"/>
        <line num="113" count="1" type="stmt"/>
        <line num="115" count="1" type="stmt"/>
        <line num="116" count="1" type="stmt"/>
        <line num="118" count="1" type="stmt"/>
        <line num="119" count="1" type="stmt"/>
        <line num="121" count="1" type="stmt"/>
        <line num="122" count="1" type="stmt"/>
        <line num="124" count="1" type="stmt"/>
        <line num="125" count="1" type="stmt"/>
        <line num="127" count="1" type="stmt"/>
        <line num="128" count="1" type="stmt"/>
        <line num="130" count="1" type="stmt"/>
        <line num="131" count="1" type="stmt"/>
      </file>
      <file name="Position.ts" path="C:\Users\Usuario\Desktop\BOOTCAMP\BACKEND\GITHUB\ONION-CHESS\src\core\Domain\Logic\Position.ts">
        <metrics statements="11" coveredstatements="9" conditionals="0" coveredconditionals="0" methods="8" coveredmethods="6"/>
        <line num="3" count="7" type="stmt"/>
        <line num="4" count="126" type="stmt"/>
        <line num="10" count="126" type="stmt"/>
        <line num="11" count="126" type="stmt"/>
        <line num="15" count="597275" type="stmt"/>
        <line num="19" count="159283" type="stmt"/>
        <line num="23" count="0" type="stmt"/>
        <line num="27" count="6535" type="stmt"/>
        <line num="31" count="0" type="stmt"/>
        <line num="35" count="74" type="stmt"/>
        <line num="39" count="1854" type="stmt"/>
      </file>
    </package>
    <package name="Logic.Pieces">
      <metrics statements="50" coveredstatements="45" conditionals="63" coveredconditionals="50" methods="14" coveredmethods="13"/>
      <file name="Bishop.ts" path="C:\Users\Usuario\Desktop\BOOTCAMP\BACKEND\GITHUB\ONION-CHESS\src\core\Domain\Logic\Pieces\Bishop.ts">
        <metrics statements="6" coveredstatements="6" conditionals="4" coveredconditionals="4" methods="2" coveredmethods="2"/>
        <line num="1" count="2" type="stmt"/>
        <line num="5" count="2" type="stmt"/>
        <line num="7" count="5" type="stmt"/>
        <line num="11" count="8453" type="stmt"/>
        <line num="14" count="8453" type="cond" truecount="2" falsecount="0"/>
        <line num="16" count="8453" type="cond" truecount="2" falsecount="0"/>
      </file>
      <file name="King.ts" path="C:\Users\Usuario\Desktop\BOOTCAMP\BACKEND\GITHUB\ONION-CHESS\src\core\Domain\Logic\Pieces\King.ts">
        <metrics statements="8" coveredstatements="7" conditionals="6" coveredconditionals="6" methods="3" coveredmethods="2"/>
        <line num="1" count="2" type="stmt"/>
        <line num="5" count="2" type="stmt"/>
        <line num="6" count="3" type="stmt"/>
        <line num="9" count="3" type="stmt"/>
        <line num="13" count="0" type="stmt"/>
        <line num="17" count="2943" type="cond" truecount="2" falsecount="0"/>
        <line num="19" count="2943" type="cond" truecount="2" falsecount="0"/>
        <line num="22" count="2943" type="cond" truecount="2" falsecount="0"/>
      </file>
      <file name="Knight.ts" path="C:\Users\Usuario\Desktop\BOOTCAMP\BACKEND\GITHUB\ONION-CHESS\src\core\Domain\Logic\Pieces\Knight.ts">
        <metrics statements="6" coveredstatements="6" conditionals="8" coveredconditionals="8" methods="2" coveredmethods="2"/>
        <line num="1" count="2" type="stmt"/>
        <line num="5" count="2" type="stmt"/>
        <line num="7" count="5" type="stmt"/>
        <line num="11" count="6580" type="cond" truecount="2" falsecount="0"/>
        <line num="16" count="6580" type="cond" truecount="2" falsecount="0"/>
        <line num="18" count="6580" type="cond" truecount="2" falsecount="0"/>
      </file>
      <file name="Pawn.ts" path="C:\Users\Usuario\Desktop\BOOTCAMP\BACKEND\GITHUB\ONION-CHESS\src\core\Domain\Logic\Pieces\Pawn.ts">
        <metrics statements="17" coveredstatements="13" conditionals="35" coveredconditionals="22" methods="3" coveredmethods="3"/>
        <line num="1" count="2" type="stmt"/>
        <line num="5" count="2" type="stmt"/>
        <line num="7" count="17" type="stmt"/>
        <line num="11" count="16" type="cond" truecount="2" falsecount="0"/>
        <line num="13" count="16" type="cond" truecount="2" falsecount="0"/>
        <line num="14" count="12" type="cond" truecount="2" falsecount="0"/>
        <line num="15" count="11" type="cond" truecount="6" falsecount="0"/>
        <line num="31" count="1" type="cond" truecount="3" falsecount="1"/>
        <line num="42" count="4" type="cond" truecount="1" falsecount="1"/>
        <line num="43" count="4" type="cond" truecount="5" falsecount="1"/>
        <line num="59" count="0" type="cond" truecount="0" falsecount="4"/>
        <line num="74" count="4" type="cond" truecount="1" falsecount="0"/>
        <line num="75" count="4" type="stmt"/>
        <line num="76" count="4" type="stmt"/>
        <line num="78" count="0" type="cond" truecount="0" falsecount="2"/>
        <line num="79" count="0" type="cond" truecount="0" falsecount="2"/>
        <line num="82" count="0" type="cond" truecount="0" falsecount="2"/>
      </file>
      <file name="Queen.ts" path="C:\Users\Usuario\Desktop\BOOTCAMP\BACKEND\GITHUB\ONION-CHESS\src\core\Domain\Logic\Pieces\Queen.ts">
        <metrics statements="7" coveredstatements="7" conditionals="4" coveredconditionals="4" methods="2" coveredmethods="2"/>
        <line num="1" count="2" type="stmt"/>
        <line num="5" count="2" type="stmt"/>
        <line num="7" count="3" type="stmt"/>
        <line num="11" count="4062" type="stmt"/>
        <line num="14" count="4062" type="stmt"/>
        <line num="17" count="4062" type="cond" truecount="2" falsecount="0"/>
        <line num="19" count="4062" type="cond" truecount="2" falsecount="0"/>
      </file>
      <file name="Rook.ts" path="C:\Users\Usuario\Desktop\BOOTCAMP\BACKEND\GITHUB\ONION-CHESS\src\core\Domain\Logic\Pieces\Rook.ts">
        <metrics statements="6" coveredstatements="6" conditionals="6" coveredconditionals="6" methods="2" coveredmethods="2"/>
        <line num="1" count="2" type="stmt"/>
        <line num="5" count="2" type="stmt"/>
        <line num="7" count="5" type="stmt"/>
        <line num="11" count="6886" type="cond" truecount="2" falsecount="0"/>
        <line num="13" count="6886" type="cond" truecount="2" falsecount="0"/>
        <line num="16" count="6886" type="cond" truecount="2" falsecount="0"/>
      </file>
    </package>
    <package name="Logic.Restrictions">
      <metrics statements="41" coveredstatements="35" conditionals="27" coveredconditionals="16" methods="7" coveredmethods="7"/>
      <file name="BlockingRestriction.ts" path="C:\Users\Usuario\Desktop\BOOTCAMP\BACKEND\GITHUB\ONION-CHESS\src\core\Domain\Logic\Restrictions\BlockingRestriction.ts">
        <metrics statements="8" coveredstatements="8" conditionals="1" coveredconditionals="1" methods="2" coveredmethods="2"/>
        <line num="5" count="1" type="stmt"/>
        <line num="7" count="1" type="stmt"/>
        <line num="8" count="3" type="stmt"/>
        <line num="9" count="3" type="stmt"/>
        <line num="12" count="3399" type="stmt"/>
        <line num="14" count="3399" type="cond" truecount="1" falsecount="0"/>
        <line num="15" count="675" type="stmt"/>
        <line num="18" count="2724" type="stmt"/>
      </file>
      <file name="KingCheckRestriction.ts" path="C:\Users\Usuario\Desktop\BOOTCAMP\BACKEND\GITHUB\ONION-CHESS\src\core\Domain\Logic\Restrictions\KingCheckRestriction.ts">
        <metrics statements="23" coveredstatements="18" conditionals="18" coveredconditionals="8" methods="2" coveredmethods="2"/>
        <line num="3" count="1" type="stmt"/>
        <line num="4" count="1" type="stmt"/>
        <line num="6" count="1" type="stmt"/>
        <line num="7" count="1" type="stmt"/>
        <line num="8" count="1" type="stmt"/>
        <line num="11" count="11" type="cond" truecount="1" falsecount="1"/>
        <line num="12" count="11" type="stmt"/>
        <line num="14" count="11" type="stmt"/>
        <line num="15" count="11" type="stmt"/>
        <line num="17" count="11" type="stmt"/>
        <line num="18" count="11" type="stmt"/>
        <line num="19" count="11" type="stmt"/>
        <line num="21" count="11" type="stmt"/>
        <line num="23" count="11" type="cond" truecount="2" falsecount="0"/>
        <line num="24" count="6" type="cond" truecount="3" falsecount="0"/>
        <line num="27" count="1" type="stmt"/>
        <line num="30" count="5" type="cond" truecount="2" falsecount="1"/>
        <line num="33" count="0" type="stmt"/>
        <line num="37" count="0" type="cond" truecount="0" falsecount="4"/>
        <line num="38" count="0" type="stmt"/>
        <line num="40" count="0" type="cond" truecount="0" falsecount="4"/>
        <line num="41" count="0" type="stmt"/>
        <line num="44" count="10" type="stmt"/>
      </file>
      <file name="TakesRestriction.ts" path="C:\Users\Usuario\Desktop\BOOTCAMP\BACKEND\GITHUB\ONION-CHESS\src\core\Domain\Logic\Restrictions\TakesRestriction.ts">
        <metrics statements="10" coveredstatements="9" conditionals="8" coveredconditionals="7" methods="3" coveredmethods="3"/>
        <line num="5" count="1" type="stmt"/>
        <line num="7" count="10" type="cond" truecount="3" falsecount="0"/>
        <line num="8" count="4" type="stmt"/>
        <line num="9" count="4" type="cond" truecount="1" falsecount="0"/>
        <line num="10" count="1" type="stmt"/>
        <line num="12" count="1" type="cond" truecount="1" falsecount="1"/>
        <line num="13" count="1" type="stmt"/>
        <line num="15" count="0" type="stmt"/>
        <line num="22" count="4" type="stmt"/>
        <line num="23" count="35" type="cond" truecount="2" falsecount="0"/>
      </file>
    </package>
    <package name="Logic.Utils">
      <metrics statements="230" coveredstatements="210" conditionals="160" coveredconditionals="140" methods="27" coveredmethods="26"/>
      <file name="AttackMapping.ts" path="C:\Users\Usuario\Desktop\BOOTCAMP\BACKEND\GITHUB\ONION-CHESS\src\core\Domain\Logic\Utils\AttackMapping.ts">
        <metrics statements="49" coveredstatements="40" conditionals="34" coveredconditionals="21" methods="11" coveredmethods="11"/>
        <line num="4" count="1" type="stmt"/>
        <line num="7" count="1" type="stmt"/>
        <line num="8" count="2" type="stmt"/>
        <line num="11" count="21" type="stmt"/>
        <line num="13" count="21" type="stmt"/>
        <line num="14" count="672" type="cond" truecount="2" falsecount="0"/>
        <line num="15" count="336" type="cond" truecount="2" falsecount="0"/>
        <line num="16" count="168" type="stmt"/>
        <line num="17" count="168" type="stmt"/>
        <line num="18" count="168" type="stmt"/>
        <line num="20" count="10752" type="cond" truecount="1" falsecount="1"/>
        <line num="21" count="10752" type="cond" truecount="1" falsecount="1"/>
        <line num="23" count="168" type="cond" truecount="1" falsecount="1"/>
        <line num="24" count="0" type="stmt"/>
        <line num="25" count="168" type="cond" truecount="0" falsecount="1"/>
        <line num="26" count="0" type="stmt"/>
        <line num="29" count="168" type="cond" truecount="1" falsecount="1"/>
        <line num="30" count="0" type="stmt"/>
        <line num="31" count="168" type="cond" truecount="0" falsecount="1"/>
        <line num="32" count="0" type="stmt"/>
        <line num="35" count="168" type="stmt"/>
        <line num="36" count="168" type="stmt"/>
        <line num="37" count="168" type="stmt"/>
        <line num="39" count="10752" type="cond" truecount="1" falsecount="1"/>
        <line num="40" count="10752" type="cond" truecount="1" falsecount="1"/>
        <line num="42" count="168" type="cond" truecount="1" falsecount="1"/>
        <line num="43" count="0" type="stmt"/>
        <line num="44" count="168" type="cond" truecount="0" falsecount="1"/>
        <line num="45" count="0" type="stmt"/>
        <line num="48" count="168" type="cond" truecount="1" falsecount="1"/>
        <line num="49" count="0" type="stmt"/>
        <line num="50" count="168" type="cond" truecount="0" falsecount="1"/>
        <line num="51" count="0" type="stmt"/>
        <line num="55" count="336" type="stmt"/>
        <line num="56" count="21504" type="cond" truecount="1" falsecount="0"/>
        <line num="57" count="3385" type="stmt"/>
        <line num="58" count="3385" type="cond" truecount="1" falsecount="0"/>
        <line num="59" count="664" type="stmt"/>
        <line num="60" count="1164" type="cond" truecount="2" falsecount="0"/>
        <line num="61" count="553" type="cond" truecount="2" falsecount="0"/>
        <line num="62" count="246" type="stmt"/>
        <line num="64" count="307" type="cond" truecount="0" falsecount="1"/>
        <line num="65" count="0" type="stmt"/>
        <line num="69" count="611" type="cond" truecount="2" falsecount="0"/>
        <line num="70" count="206" type="stmt"/>
        <line num="71" count="405" type="cond" truecount="1" falsecount="0"/>
        <line num="72" count="58" type="stmt"/>
        <line num="83" count="21" type="stmt"/>
        <line num="84" count="1344" type="stmt"/>
      </file>
      <file name="DistanceCalculator.ts" path="C:\Users\Usuario\Desktop\BOOTCAMP\BACKEND\GITHUB\ONION-CHESS\src\core\Domain\Logic\Utils\DistanceCalculator.ts">
        <metrics statements="5" coveredstatements="3" conditionals="0" coveredconditionals="0" methods="3" coveredmethods="2"/>
        <line num="5" count="1" type="stmt"/>
        <line num="7" count="30960" type="stmt"/>
        <line num="11" count="22706" type="stmt"/>
        <line num="15" count="0" type="stmt"/>
        <line num="20" count="0" type="stmt"/>
      </file>
      <file name="DownLeftTrajectoryMapper.ts" path="C:\Users\Usuario\Desktop\BOOTCAMP\BACKEND\GITHUB\ONION-CHESS\src\core\Domain\Logic\Utils\DownLeftTrajectoryMapper.ts">
        <metrics statements="17" coveredstatements="15" conditionals="12" coveredconditionals="10" methods="1" coveredmethods="1"/>
        <line num="2" count="1" type="stmt"/>
        <line num="5" count="1" type="stmt"/>
        <line num="7" count="305" type="stmt"/>
        <line num="9" count="305" type="stmt"/>
        <line num="10" count="3784" type="cond" truecount="1" falsecount="0"/>
        <line num="17" count="208" type="cond" truecount="3" falsecount="0"/>
        <line num="18" count="87" type="stmt"/>
        <line num="19" count="87" type="stmt"/>
        <line num="21" count="121" type="stmt"/>
        <line num="25" count="218" type="cond" truecount="1" falsecount="0"/>
        <line num="26" count="122" type="stmt"/>
        <line num="27" count="122" type="stmt"/>
        <line num="30" count="96" type="cond" truecount="2" falsecount="2"/>
        <line num="32" count="0" type="stmt"/>
        <line num="33" count="0" type="stmt"/>
        <line num="35" count="96" type="stmt"/>
        <line num="38" count="96" type="stmt"/>
      </file>
      <file name="DownRightTrajectoryMapper.ts" path="C:\Users\Usuario\Desktop\BOOTCAMP\BACKEND\GITHUB\ONION-CHESS\src\core\Domain\Logic\Utils\DownRightTrajectoryMapper.ts">
        <metrics statements="17" coveredstatements="17" conditionals="12" coveredconditionals="12" methods="1" coveredmethods="1"/>
        <line num="2" count="1" type="stmt"/>
        <line num="5" count="1" type="stmt"/>
        <line num="7" count="401" type="stmt"/>
        <line num="9" count="401" type="stmt"/>
        <line num="10" count="3575" type="cond" truecount="1" falsecount="0"/>
        <line num="17" count="313" type="cond" truecount="3" falsecount="0"/>
        <line num="18" count="164" type="stmt"/>
        <line num="19" count="164" type="stmt"/>
        <line num="21" count="149" type="stmt"/>
        <line num="25" count="237" type="cond" truecount="1" falsecount="0"/>
        <line num="26" count="125" type="stmt"/>
        <line num="27" count="125" type="stmt"/>
        <line num="30" count="112" type="cond" truecount="4" falsecount="0"/>
        <line num="32" count="14" type="stmt"/>
        <line num="33" count="14" type="stmt"/>
        <line num="35" count="98" type="stmt"/>
        <line num="38" count="98" type="stmt"/>
      </file>
      <file name="DownTrajectoryMapper.ts" path="C:\Users\Usuario\Desktop\BOOTCAMP\BACKEND\GITHUB\ONION-CHESS\src\core\Domain\Logic\Utils\DownTrajectoryMapper.ts">
        <metrics statements="17" coveredstatements="17" conditionals="12" coveredconditionals="12" methods="1" coveredmethods="1"/>
        <line num="2" count="1" type="stmt"/>
        <line num="5" count="1" type="stmt"/>
        <line num="7" count="465" type="stmt"/>
        <line num="9" count="465" type="stmt"/>
        <line num="10" count="5557" type="cond" truecount="1" falsecount="0"/>
        <line num="17" count="580" type="cond" truecount="3" falsecount="0"/>
        <line num="18" count="334" type="stmt"/>
        <line num="19" count="334" type="stmt"/>
        <line num="21" count="246" type="stmt"/>
        <line num="25" count="131" type="cond" truecount="1" falsecount="0"/>
        <line num="26" count="62" type="stmt"/>
        <line num="27" count="62" type="stmt"/>
        <line num="30" count="69" type="cond" truecount="4" falsecount="0"/>
        <line num="32" count="4" type="stmt"/>
        <line num="33" count="4" type="stmt"/>
        <line num="35" count="65" type="stmt"/>
        <line num="38" count="65" type="stmt"/>
      </file>
      <file name="LeftTrajectoryMapper.ts" path="C:\Users\Usuario\Desktop\BOOTCAMP\BACKEND\GITHUB\ONION-CHESS\src\core\Domain\Logic\Utils\LeftTrajectoryMapper.ts">
        <metrics statements="17" coveredstatements="15" conditionals="12" coveredconditionals="10" methods="1" coveredmethods="1"/>
        <line num="2" count="1" type="stmt"/>
        <line num="5" count="1" type="stmt"/>
        <line num="7" count="462" type="stmt"/>
        <line num="9" count="462" type="stmt"/>
        <line num="10" count="443" type="cond" truecount="1" falsecount="0"/>
        <line num="17" count="443" type="cond" truecount="3" falsecount="0"/>
        <line num="18" count="311" type="stmt"/>
        <line num="19" count="311" type="stmt"/>
        <line num="21" count="132" type="stmt"/>
        <line num="25" count="151" type="cond" truecount="1" falsecount="0"/>
        <line num="26" count="25" type="stmt"/>
        <line num="27" count="25" type="stmt"/>
        <line num="30" count="126" type="cond" truecount="2" falsecount="2"/>
        <line num="32" count="0" type="stmt"/>
        <line num="33" count="0" type="stmt"/>
        <line num="35" count="126" type="stmt"/>
        <line num="38" count="126" type="stmt"/>
      </file>
      <file name="PieceMapper.ts" path="C:\Users\Usuario\Desktop\BOOTCAMP\BACKEND\GITHUB\ONION-CHESS\src\core\Domain\Logic\Utils\PieceMapper.ts">
        <metrics statements="3" coveredstatements="3" conditionals="2" coveredconditionals="2" methods="2" coveredmethods="2"/>
        <line num="4" count="1" type="stmt"/>
        <line num="6" count="11" type="stmt"/>
        <line num="7" count="135" type="cond" truecount="2" falsecount="0"/>
      </file>
      <file name="RightTrajectoryMapper.ts" path="C:\Users\Usuario\Desktop\BOOTCAMP\BACKEND\GITHUB\ONION-CHESS\src\core\Domain\Logic\Utils\RightTrajectoryMapper.ts">
        <metrics statements="17" coveredstatements="15" conditionals="12" coveredconditionals="10" methods="1" coveredmethods="1"/>
        <line num="2" count="1" type="stmt"/>
        <line num="5" count="1" type="stmt"/>
        <line num="7" count="588" type="stmt"/>
        <line num="9" count="588" type="stmt"/>
        <line num="10" count="473" type="cond" truecount="1" falsecount="0"/>
        <line num="17" count="473" type="cond" truecount="3" falsecount="0"/>
        <line num="18" count="449" type="stmt"/>
        <line num="19" count="449" type="stmt"/>
        <line num="21" count="24" type="stmt"/>
        <line num="25" count="139" type="cond" truecount="1" falsecount="0"/>
        <line num="26" count="13" type="stmt"/>
        <line num="27" count="13" type="stmt"/>
        <line num="30" count="126" type="cond" truecount="2" falsecount="2"/>
        <line num="32" count="0" type="stmt"/>
        <line num="33" count="0" type="stmt"/>
        <line num="35" count="126" type="stmt"/>
        <line num="38" count="126" type="stmt"/>
      </file>
      <file name="Trajectory.ts" path="C:\Users\Usuario\Desktop\BOOTCAMP\BACKEND\GITHUB\ONION-CHESS\src\core\Domain\Logic\Utils\Trajectory.ts">
        <metrics statements="36" coveredstatements="35" conditionals="28" coveredconditionals="28" methods="3" coveredmethods="3"/>
        <line num="3" count="1" type="stmt"/>
        <line num="4" count="1" type="stmt"/>
        <line num="5" count="1" type="stmt"/>
        <line num="6" count="1" type="stmt"/>
        <line num="7" count="1" type="stmt"/>
        <line num="8" count="1" type="stmt"/>
        <line num="9" count="1" type="stmt"/>
        <line num="10" count="1" type="stmt"/>
        <line num="11" count="1" type="stmt"/>
        <line num="13" count="1" type="stmt"/>
        <line num="15" count="3399" type="stmt"/>
        <line num="17" count="3399" type="stmt"/>
        <line num="18" count="3399" type="stmt"/>
        <line num="20" count="3399" type="stmt"/>
        <line num="21" count="3399" type="stmt"/>
        <line num="23" count="3399" type="stmt"/>
        <line num="24" count="108295" type="cond" truecount="2" falsecount="0"/>
        <line num="27" count="3399" type="stmt"/>
        <line num="28" count="109684" type="cond" truecount="2" falsecount="0"/>
        <line num="31" count="3399" type="cond" truecount="3" falsecount="0"/>
        <line num="32" count="399" type="stmt"/>
        <line num="35" count="3000" type="cond" truecount="3" falsecount="0"/>
        <line num="36" count="310" type="stmt"/>
        <line num="39" count="2690" type="cond" truecount="3" falsecount="0"/>
        <line num="41" count="305" type="stmt"/>
        <line num="44" count="2385" type="cond" truecount="3" falsecount="0"/>
        <line num="45" count="401" type="stmt"/>
        <line num="48" count="1984" type="cond" truecount="3" falsecount="0"/>
        <line num="49" count="588" type="stmt"/>
        <line num="52" count="1396" type="cond" truecount="3" falsecount="0"/>
        <line num="53" count="462" type="stmt"/>
        <line num="56" count="934" type="cond" truecount="3" falsecount="0"/>
        <line num="57" count="469" type="stmt"/>
        <line num="60" count="465" type="cond" truecount="3" falsecount="0"/>
        <line num="61" count="465" type="stmt"/>
        <line num="65" count="0" type="stmt"/>
      </file>
      <file name="UpLeftTrajectoryMapper.ts" path="C:\Users\Usuario\Desktop\BOOTCAMP\BACKEND\GITHUB\ONION-CHESS\src\core\Domain\Logic\Utils\UpLeftTrajectoryMapper.ts">
        <metrics statements="17" coveredstatements="17" conditionals="12" coveredconditionals="12" methods="1" coveredmethods="1"/>
        <line num="2" count="1" type="stmt"/>
        <line num="5" count="1" type="stmt"/>
        <line num="7" count="310" type="stmt"/>
        <line num="9" count="310" type="stmt"/>
        <line num="10" count="2478" type="cond" truecount="1" falsecount="0"/>
        <line num="17" count="179" type="cond" truecount="3" falsecount="0"/>
        <line num="18" count="134" type="stmt"/>
        <line num="19" count="134" type="stmt"/>
        <line num="21" count="45" type="stmt"/>
        <line num="25" count="176" type="cond" truecount="1" falsecount="0"/>
        <line num="26" count="93" type="stmt"/>
        <line num="27" count="93" type="stmt"/>
        <line num="30" count="83" type="cond" truecount="4" falsecount="0"/>
        <line num="32" count="4" type="stmt"/>
        <line num="33" count="4" type="stmt"/>
        <line num="35" count="79" type="stmt"/>
        <line num="38" count="79" type="stmt"/>
      </file>
      <file name="UpRightTrajectoryMapper.ts" path="C:\Users\Usuario\Desktop\BOOTCAMP\BACKEND\GITHUB\ONION-CHESS\src\core\Domain\Logic\Utils\UpRightTrajectoryMapper.ts">
        <metrics statements="17" coveredstatements="17" conditionals="12" coveredconditionals="12" methods="1" coveredmethods="1"/>
        <line num="3" count="1" type="stmt"/>
        <line num="5" count="1" type="stmt"/>
        <line num="7" count="399" type="stmt"/>
        <line num="8" count="399" type="stmt"/>
        <line num="9" count="5164" type="cond" truecount="1" falsecount="0"/>
        <line num="16" count="356" type="cond" truecount="3" falsecount="0"/>
        <line num="17" count="158" type="stmt"/>
        <line num="18" count="158" type="stmt"/>
        <line num="20" count="198" type="stmt"/>
        <line num="24" count="241" type="cond" truecount="1" falsecount="0"/>
        <line num="25" count="151" type="stmt"/>
        <line num="26" count="151" type="stmt"/>
        <line num="29" count="90" type="cond" truecount="4" falsecount="0"/>
        <line num="31" count="3" type="stmt"/>
        <line num="32" count="3" type="stmt"/>
        <line num="34" count="87" type="stmt"/>
        <line num="37" count="87" type="stmt"/>
      </file>
      <file name="UpTrajectoryMapper.ts" path="C:\Users\Usuario\Desktop\BOOTCAMP\BACKEND\GITHUB\ONION-CHESS\src\core\Domain\Logic\Utils\UpTrajectoryMapper.ts">
        <metrics statements="18" coveredstatements="16" conditionals="12" coveredconditionals="11" methods="1" coveredmethods="1"/>
        <line num="2" count="1" type="stmt"/>
        <line num="5" count="1" type="stmt"/>
        <line num="7" count="469" type="stmt"/>
        <line num="9" count="469" type="stmt"/>
        <line num="10" count="6087" type="cond" truecount="1" falsecount="0"/>
        <line num="17" count="634" type="cond" truecount="3" falsecount="0"/>
        <line num="18" count="324" type="stmt"/>
        <line num="19" count="324" type="stmt"/>
        <line num="21" count="310" type="stmt"/>
        <line num="25" count="145" type="cond" truecount="1" falsecount="0"/>
        <line num="26" count="59" type="stmt"/>
        <line num="27" count="59" type="stmt"/>
        <line num="30" count="86" type="stmt"/>
        <line num="32" count="86" type="cond" truecount="3" falsecount="1"/>
        <line num="34" count="0" type="stmt"/>
        <line num="35" count="0" type="stmt"/>
        <line num="37" count="86" type="stmt"/>
        <line num="40" count="86" type="stmt"/>
      </file>
    </package>
    <package name="abstracts">
      <metrics statements="21" coveredstatements="21" conditionals="2" coveredconditionals="2" methods="11" coveredmethods="11"/>
      <file name="Piece.ts" path="C:\Users\Usuario\Desktop\BOOTCAMP\BACKEND\GITHUB\ONION-CHESS\src\core\Domain\abstracts\Piece.ts">
        <metrics statements="13" coveredstatements="13" conditionals="0" coveredconditionals="0" methods="8" coveredmethods="8"/>
        <line num="4" count="7" type="stmt"/>
        <line num="5" count="38" type="stmt"/>
        <line num="8" count="38" type="stmt"/>
        <line num="9" count="38" type="stmt"/>
        <line num="10" count="38" type="stmt"/>
        <line num="11" count="38" type="stmt"/>
        <line num="15" count="21" type="stmt"/>
        <line num="19" count="3139" type="stmt"/>
        <line num="23" count="2743" type="stmt"/>
        <line num="27" count="353" type="stmt"/>
        <line num="31" count="71500" type="stmt"/>
        <line num="35" count="15" type="stmt"/>
        <line num="39" count="1" type="stmt"/>
      </file>
      <file name="TrajectoryMapper.ts" path="C:\Users\Usuario\Desktop\BOOTCAMP\BACKEND\GITHUB\ONION-CHESS\src\core\Domain\abstracts\TrajectoryMapper.ts">
        <metrics statements="8" coveredstatements="8" conditionals="2" coveredconditionals="2" methods="3" coveredmethods="3"/>
        <line num="4" count="1" type="stmt"/>
        <line num="6" count="1" type="stmt"/>
        <line num="8" count="3399" type="stmt"/>
        <line num="11" count="3399" type="stmt"/>
        <line num="12" count="3399" type="stmt"/>
        <line num="14" count="3399" type="stmt"/>
        <line num="18" count="788" type="stmt"/>
        <line num="19" count="13509" type="cond" truecount="2" falsecount="0"/>
      </file>
    </package>
  </project>
</coverage>
