{"C:\\Users\\Usuario\\Desktop\\BOOTCAMP\\BACKEND\\GITHUB\\ONION-CHESS\\src\\core\\Domain\\Logic\\Game.ts": {"path":"C:\\Users\\Usuario\\Desktop\\BOOTCAMP\\BACKEND\\GITHUB\\ONION-CHESS\\src\\core\\Domain\\Logic\\Game.ts","statementMap":{"0":{"start":{"line":4,"column":0},"end":{"line":4,"column":36}},"1":{"start":{"line":6,"column":0},"end":{"line":6,"column":69}},"2":{"start":{"line":7,"column":0},"end":{"line":7,"column":50}},"3":{"start":{"line":8,"column":0},"end":{"line":8,"column":71}},"4":{"start":{"line":16,"column":16},"end":{"line":16,"column":34}},"5":{"start":{"line":11,"column":12},"end":{"line":11,"column":74}},"6":{"start":{"line":12,"column":12},"end":{"line":12,"column":70}},"7":{"start":{"line":13,"column":12},"end":{"line":13,"column":84}},"8":{"start":{"line":20,"column":8},"end":{"line":20,"column":27}},"9":{"start":{"line":24,"column":8},"end":{"line":24,"column":40}},"10":{"start":{"line":25,"column":8},"end":{"line":25,"column":27}},"11":{"start":{"line":29,"column":31},"end":{"line":29,"column":121}},"12":{"start":{"line":29,"column":66},"end":{"line":29,"column":120}},"13":{"start":{"line":30,"column":35},"end":{"line":31,"column":147}},"14":{"start":{"line":30,"column":74},"end":{"line":31,"column":146}},"15":{"start":{"line":32,"column":34},"end":{"line":32,"column":152}},"16":{"start":{"line":32,"column":74},"end":{"line":32,"column":150}},"17":{"start":{"line":35,"column":8},"end":{"line":38,"column":null}},"18":{"start":{"line":36,"column":12},"end":{"line":36,"column":37}},"19":{"start":{"line":37,"column":12},"end":{"line":37,"column":25}},"20":{"start":{"line":41,"column":8},"end":{"line":44,"column":null}},"21":{"start":{"line":42,"column":12},"end":{"line":42,"column":42}},"22":{"start":{"line":43,"column":12},"end":{"line":43,"column":25}},"23":{"start":{"line":47,"column":37},"end":{"line":47,"column":93}},"24":{"start":{"line":48,"column":8},"end":{"line":51,"column":null}},"25":{"start":{"line":49,"column":12},"end":{"line":49,"column":72}},"26":{"start":{"line":50,"column":12},"end":{"line":50,"column":25}},"27":{"start":{"line":54,"column":30},"end":{"line":58,"column":null}},"28":{"start":{"line":60,"column":8},"end":{"line":63,"column":null}},"29":{"start":{"line":61,"column":12},"end":{"line":61,"column":54}},"30":{"start":{"line":62,"column":12},"end":{"line":62,"column":25}},"31":{"start":{"line":67,"column":8},"end":{"line":78,"column":null}},"32":{"start":{"line":76,"column":12},"end":{"line":76,"column":45}},"33":{"start":{"line":77,"column":12},"end":{"line":77,"column":25}},"34":{"start":{"line":82,"column":8},"end":{"line":82,"column":80}},"35":{"start":{"line":83,"column":8},"end":{"line":83,"column":62}},"36":{"start":{"line":84,"column":8},"end":{"line":84,"column":80}},"37":{"start":{"line":85,"column":8},"end":{"line":85,"column":55}},"38":{"start":{"line":88,"column":8},"end":{"line":88,"column":87}},"39":{"start":{"line":90,"column":8},"end":{"line":90,"column":20}},"40":{"start":{"line":94,"column":8},"end":{"line":94,"column":39}},"41":{"start":{"line":95,"column":8},"end":{"line":95,"column":28}},"42":{"start":{"line":10,"column":0},"end":{"line":10,"column":21}}},"fnMap":{"0":{"name":"(anonymous_1)","decl":{"start":{"line":15,"column":4},"end":{"line":15,"column":null}},"loc":{"start":{"line":16,"column":34},"end":{"line":17,"column":8}}},"1":{"name":"(anonymous_2)","decl":{"start":{"line":19,"column":4},"end":{"line":19,"column":13}},"loc":{"start":{"line":19,"column":13},"end":{"line":21,"column":5}}},"2":{"name":"(anonymous_3)","decl":{"start":{"line":23,"column":4},"end":{"line":23,"column":9}},"loc":{"start":{"line":23,"column":9},"end":{"line":26,"column":5}}},"3":{"name":"(anonymous_4)","decl":{"start":{"line":28,"column":4},"end":{"line":28,"column":8}},"loc":{"start":{"line":28,"column":49},"end":{"line":91,"column":5}}},"4":{"name":"(anonymous_5)","decl":{"start":{"line":29,"column":60},"end":{"line":29,"column":62}},"loc":{"start":{"line":29,"column":66},"end":{"line":29,"column":120}}},"5":{"name":"(anonymous_6)","decl":{"start":{"line":30,"column":67},"end":{"line":30,"column":70}},"loc":{"start":{"line":30,"column":74},"end":{"line":31,"column":146}}},"6":{"name":"(anonymous_7)","decl":{"start":{"line":32,"column":66},"end":{"line":32,"column":69}},"loc":{"start":{"line":32,"column":74},"end":{"line":32,"column":150}}},"7":{"name":"(anonymous_8)","decl":{"start":{"line":93,"column":4},"end":{"line":93,"column":11}},"loc":{"start":{"line":93,"column":11},"end":{"line":96,"column":5}}}},"branchMap":{"0":{"loc":{"start":{"line":30,"column":74},"end":{"line":31,"column":146}},"type":"binary-expr","locations":[{"start":{"line":30,"column":74},"end":{"line":30,"column":152}},{"start":{"line":31,"column":68},"end":{"line":31,"column":146}}]},"1":{"loc":{"start":{"line":32,"column":74},"end":{"line":32,"column":150}},"type":"binary-expr","locations":[{"start":{"line":32,"column":74},"end":{"line":32,"column":110}},{"start":{"line":32,"column":114},"end":{"line":32,"column":150}}]},"2":{"loc":{"start":{"line":35,"column":8},"end":{"line":38,"column":null}},"type":"if","locations":[{"start":{"line":35,"column":8},"end":{"line":38,"column":null}}]},"3":{"loc":{"start":{"line":35,"column":11},"end":{"line":35,"column":64}},"type":"binary-expr","locations":[{"start":{"line":35,"column":11},"end":{"line":35,"column":34}},{"start":{"line":35,"column":38},"end":{"line":35,"column":64}}]},"4":{"loc":{"start":{"line":41,"column":8},"end":{"line":44,"column":null}},"type":"if","locations":[{"start":{"line":41,"column":8},"end":{"line":44,"column":null}}]},"5":{"loc":{"start":{"line":48,"column":8},"end":{"line":51,"column":null}},"type":"if","locations":[{"start":{"line":48,"column":8},"end":{"line":51,"column":null}}]},"6":{"loc":{"start":{"line":60,"column":8},"end":{"line":63,"column":null}},"type":"if","locations":[{"start":{"line":60,"column":8},"end":{"line":63,"column":null}}]},"7":{"loc":{"start":{"line":67,"column":8},"end":{"line":78,"column":null}},"type":"if","locations":[{"start":{"line":67,"column":8},"end":{"line":78,"column":null}}]}},"s":{"0":1,"1":1,"2":1,"3":1,"4":1,"5":1,"6":1,"7":1,"8":0,"9":1,"10":1,"11":11,"12":152,"13":11,"14":256,"15":11,"16":307,"17":11,"18":0,"19":0,"20":11,"21":1,"22":1,"23":10,"24":10,"25":0,"26":0,"27":10,"28":10,"29":2,"30":2,"31":8,"32":1,"33":1,"34":7,"35":7,"36":7,"37":7,"38":7,"39":7,"40":0,"41":0,"42":1},"f":{"0":1,"1":0,"2":1,"3":11,"4":152,"5":256,"6":307,"7":0},"b":{"0":[256,38],"1":[307,45],"2":[0],"3":[11,11],"4":[1],"5":[0],"6":[2],"7":[1]}}
,"C:\\Users\\Usuario\\Desktop\\BOOTCAMP\\BACKEND\\GITHUB\\ONION-CHESS\\src\\core\\Domain\\Logic\\Populator.ts": {"path":"C:\\Users\\Usuario\\Desktop\\BOOTCAMP\\BACKEND\\GITHUB\\ONION-CHESS\\src\\core\\Domain\\Logic\\Populator.ts","statementMap":{"0":{"start":{"line":1,"column":0},"end":{"line":1,"column":33}},"1":{"start":{"line":2,"column":0},"end":{"line":2,"column":37}},"2":{"start":{"line":3,"column":0},"end":{"line":3,"column":37}},"3":{"start":{"line":4,"column":0},"end":{"line":4,"column":33}},"4":{"start":{"line":5,"column":0},"end":{"line":5,"column":35}},"5":{"start":{"line":6,"column":0},"end":{"line":6,"column":33}},"6":{"start":{"line":7,"column":0},"end":{"line":7,"column":34}},"7":{"start":{"line":14,"column":8},"end":{"line":14,"column":46}},"8":{"start":{"line":15,"column":8},"end":{"line":15,"column":65}},"9":{"start":{"line":19,"column":8},"end":{"line":19,"column":27}},"10":{"start":{"line":20,"column":8},"end":{"line":20,"column":30}},"11":{"start":{"line":21,"column":8},"end":{"line":21,"column":38}},"12":{"start":{"line":22,"column":8},"end":{"line":22,"column":38}},"13":{"start":{"line":23,"column":8},"end":{"line":23,"column":32}},"14":{"start":{"line":27,"column":8},"end":{"line":31,"column":null}},"15":{"start":{"line":27,"column":20},"end":{"line":27,"column":21}},"16":{"start":{"line":28,"column":12},"end":{"line":30,"column":15}},"17":{"start":{"line":29,"column":16},"end":{"line":29,"column":70}},"18":{"start":{"line":36,"column":8},"end":{"line":36,"column":73}},"19":{"start":{"line":37,"column":8},"end":{"line":37,"column":50}},"20":{"start":{"line":39,"column":8},"end":{"line":39,"column":75}},"21":{"start":{"line":40,"column":8},"end":{"line":40,"column":50}},"22":{"start":{"line":42,"column":8},"end":{"line":42,"column":75}},"23":{"start":{"line":43,"column":8},"end":{"line":43,"column":50}},"24":{"start":{"line":45,"column":8},"end":{"line":45,"column":74}},"25":{"start":{"line":46,"column":8},"end":{"line":46,"column":50}},"26":{"start":{"line":48,"column":8},"end":{"line":48,"column":73}},"27":{"start":{"line":49,"column":8},"end":{"line":49,"column":50}},"28":{"start":{"line":51,"column":8},"end":{"line":51,"column":75}},"29":{"start":{"line":52,"column":8},"end":{"line":52,"column":50}},"30":{"start":{"line":54,"column":8},"end":{"line":54,"column":75}},"31":{"start":{"line":55,"column":8},"end":{"line":55,"column":50}},"32":{"start":{"line":57,"column":8},"end":{"line":57,"column":73}},"33":{"start":{"line":58,"column":8},"end":{"line":58,"column":50}},"34":{"start":{"line":60,"column":8},"end":{"line":60,"column":73}},"35":{"start":{"line":61,"column":8},"end":{"line":61,"column":50}},"36":{"start":{"line":63,"column":8},"end":{"line":63,"column":74}},"37":{"start":{"line":64,"column":8},"end":{"line":64,"column":50}},"38":{"start":{"line":66,"column":8},"end":{"line":66,"column":75}},"39":{"start":{"line":67,"column":8},"end":{"line":67,"column":51}},"40":{"start":{"line":69,"column":8},"end":{"line":69,"column":75}},"41":{"start":{"line":70,"column":8},"end":{"line":70,"column":51}},"42":{"start":{"line":72,"column":8},"end":{"line":72,"column":75}},"43":{"start":{"line":73,"column":8},"end":{"line":73,"column":51}},"44":{"start":{"line":75,"column":8},"end":{"line":75,"column":75}},"45":{"start":{"line":76,"column":8},"end":{"line":76,"column":51}},"46":{"start":{"line":78,"column":8},"end":{"line":78,"column":75}},"47":{"start":{"line":79,"column":8},"end":{"line":79,"column":51}},"48":{"start":{"line":81,"column":8},"end":{"line":81,"column":75}},"49":{"start":{"line":82,"column":8},"end":{"line":82,"column":51}},"50":{"start":{"line":85,"column":8},"end":{"line":85,"column":74}},"51":{"start":{"line":86,"column":8},"end":{"line":86,"column":51}},"52":{"start":{"line":88,"column":8},"end":{"line":88,"column":76}},"53":{"start":{"line":89,"column":8},"end":{"line":89,"column":51}},"54":{"start":{"line":91,"column":8},"end":{"line":91,"column":76}},"55":{"start":{"line":92,"column":8},"end":{"line":92,"column":51}},"56":{"start":{"line":94,"column":8},"end":{"line":94,"column":75}},"57":{"start":{"line":95,"column":8},"end":{"line":95,"column":51}},"58":{"start":{"line":97,"column":8},"end":{"line":97,"column":74}},"59":{"start":{"line":98,"column":8},"end":{"line":98,"column":51}},"60":{"start":{"line":100,"column":8},"end":{"line":100,"column":76}},"61":{"start":{"line":101,"column":8},"end":{"line":101,"column":51}},"62":{"start":{"line":103,"column":8},"end":{"line":103,"column":76}},"63":{"start":{"line":104,"column":8},"end":{"line":104,"column":51}},"64":{"start":{"line":106,"column":8},"end":{"line":106,"column":74}},"65":{"start":{"line":107,"column":8},"end":{"line":107,"column":51}},"66":{"start":{"line":109,"column":8},"end":{"line":109,"column":74}},"67":{"start":{"line":110,"column":8},"end":{"line":110,"column":51}},"68":{"start":{"line":112,"column":8},"end":{"line":112,"column":75}},"69":{"start":{"line":113,"column":8},"end":{"line":113,"column":51}},"70":{"start":{"line":115,"column":8},"end":{"line":115,"column":75}},"71":{"start":{"line":116,"column":8},"end":{"line":116,"column":51}},"72":{"start":{"line":118,"column":8},"end":{"line":118,"column":75}},"73":{"start":{"line":119,"column":8},"end":{"line":119,"column":51}},"74":{"start":{"line":121,"column":8},"end":{"line":121,"column":75}},"75":{"start":{"line":122,"column":8},"end":{"line":122,"column":51}},"76":{"start":{"line":124,"column":8},"end":{"line":124,"column":75}},"77":{"start":{"line":125,"column":8},"end":{"line":125,"column":51}},"78":{"start":{"line":127,"column":8},"end":{"line":127,"column":75}},"79":{"start":{"line":128,"column":8},"end":{"line":128,"column":51}},"80":{"start":{"line":130,"column":8},"end":{"line":130,"column":75}},"81":{"start":{"line":131,"column":8},"end":{"line":131,"column":51}},"82":{"start":{"line":12,"column":0},"end":{"line":12,"column":21}}},"fnMap":{"0":{"name":"(anonymous_1)","decl":{"start":{"line":13,"column":4},"end":{"line":13,"column":10}},"loc":{"start":{"line":13,"column":38},"end":{"line":16,"column":5}}},"1":{"name":"(anonymous_2)","decl":{"start":{"line":18,"column":4},"end":{"line":18,"column":10}},"loc":{"start":{"line":18,"column":37},"end":{"line":24,"column":5}}},"2":{"name":"(anonymous_3)","decl":{"start":{"line":26,"column":4},"end":{"line":26,"column":10}},"loc":{"start":{"line":26,"column":42},"end":{"line":32,"column":5}}},"3":{"name":"(anonymous_4)","decl":{"start":{"line":28,"column":54},"end":{"line":28,"column":58}},"loc":{"start":{"line":28,"column":61},"end":{"line":30,"column":13}}},"4":{"name":"(anonymous_5)","decl":{"start":{"line":34,"column":4},"end":{"line":34,"column":10}},"loc":{"start":{"line":34,"column":63},"end":{"line":132,"column":5}}}},"branchMap":{},"s":{"0":1,"1":1,"2":1,"3":1,"4":1,"5":1,"6":1,"7":1,"8":1,"9":0,"10":0,"11":0,"12":0,"13":0,"14":1,"15":1,"16":8,"17":64,"18":1,"19":1,"20":1,"21":1,"22":1,"23":1,"24":1,"25":1,"26":1,"27":1,"28":1,"29":1,"30":1,"31":1,"32":1,"33":1,"34":1,"35":1,"36":1,"37":1,"38":1,"39":1,"40":1,"41":1,"42":1,"43":1,"44":1,"45":1,"46":1,"47":1,"48":1,"49":1,"50":1,"51":1,"52":1,"53":1,"54":1,"55":1,"56":1,"57":1,"58":1,"59":1,"60":1,"61":1,"62":1,"63":1,"64":1,"65":1,"66":1,"67":1,"68":1,"69":1,"70":1,"71":1,"72":1,"73":1,"74":1,"75":1,"76":1,"77":1,"78":1,"79":1,"80":1,"81":1,"82":1},"f":{"0":1,"1":0,"2":1,"3":64,"4":1},"b":{}}
,"C:\\Users\\Usuario\\Desktop\\BOOTCAMP\\BACKEND\\GITHUB\\ONION-CHESS\\src\\core\\Domain\\Logic\\Position.ts": {"path":"C:\\Users\\Usuario\\Desktop\\BOOTCAMP\\BACKEND\\GITHUB\\ONION-CHESS\\src\\core\\Domain\\Logic\\Position.ts","statementMap":{"0":{"start":{"line":10,"column":16},"end":{"line":10,"column":26}},"1":{"start":{"line":11,"column":16},"end":{"line":11,"column":26}},"2":{"start":{"line":4,"column":12},"end":{"line":7,"column":6}},"3":{"start":{"line":15,"column":8},"end":{"line":15,"column":25}},"4":{"start":{"line":19,"column":8},"end":{"line":19,"column":25}},"5":{"start":{"line":23,"column":8},"end":{"line":23,"column":26}},"6":{"start":{"line":27,"column":8},"end":{"line":27,"column":26}},"7":{"start":{"line":31,"column":8},"end":{"line":31,"column":27}},"8":{"start":{"line":35,"column":8},"end":{"line":35,"column":32}},"9":{"start":{"line":39,"column":8},"end":{"line":39,"column":36}},"10":{"start":{"line":3,"column":0},"end":{"line":3,"column":21}}},"fnMap":{"0":{"name":"(anonymous_0)","decl":{"start":{"line":9,"column":4},"end":{"line":9,"column":null}},"loc":{"start":{"line":11,"column":26},"end":{"line":12,"column":8}}},"1":{"name":"(anonymous_1)","decl":{"start":{"line":14,"column":4},"end":{"line":14,"column":11}},"loc":{"start":{"line":14,"column":11},"end":{"line":16,"column":5}}},"2":{"name":"(anonymous_2)","decl":{"start":{"line":18,"column":4},"end":{"line":18,"column":11}},"loc":{"start":{"line":18,"column":11},"end":{"line":20,"column":5}}},"3":{"name":"(anonymous_3)","decl":{"start":{"line":22,"column":4},"end":{"line":22,"column":15}},"loc":{"start":{"line":22,"column":15},"end":{"line":24,"column":5}}},"4":{"name":"(anonymous_4)","decl":{"start":{"line":26,"column":4},"end":{"line":26,"column":12}},"loc":{"start":{"line":26,"column":12},"end":{"line":28,"column":5}}},"5":{"name":"(anonymous_5)","decl":{"start":{"line":30,"column":4},"end":{"line":30,"column":12}},"loc":{"start":{"line":30,"column":33},"end":{"line":32,"column":5}}},"6":{"name":"(anonymous_6)","decl":{"start":{"line":34,"column":4},"end":{"line":34,"column":25}},"loc":{"start":{"line":34,"column":40},"end":{"line":36,"column":5}}},"7":{"name":"(anonymous_7)","decl":{"start":{"line":38,"column":4},"end":{"line":38,"column":19}},"loc":{"start":{"line":38,"column":33},"end":{"line":40,"column":5}}}},"branchMap":{},"s":{"0":75,"1":75,"2":75,"3":421772,"4":110807,"5":0,"6":5019,"7":0,"8":62,"9":1580,"10":1},"f":{"0":75,"1":421772,"2":110807,"3":0,"4":5019,"5":0,"6":62,"7":1580},"b":{}}
,"C:\\Users\\Usuario\\Desktop\\BOOTCAMP\\BACKEND\\GITHUB\\ONION-CHESS\\src\\core\\Domain\\Logic\\Pieces\\Bishop.ts": {"path":"C:\\Users\\Usuario\\Desktop\\BOOTCAMP\\BACKEND\\GITHUB\\ONION-CHESS\\src\\core\\Domain\\Logic\\Pieces\\Bishop.ts","statementMap":{"0":{"start":{"line":1,"column":0},"end":{"line":1,"column":42}},"1":{"start":{"line":7,"column":8},"end":{"line":7,"column":41}},"2":{"start":{"line":11,"column":31},"end":{"line":12,"column":94}},"3":{"start":{"line":14,"column":29},"end":{"line":14,"column":123}},"4":{"start":{"line":16,"column":8},"end":{"line":16,"column":46}},"5":{"start":{"line":5,"column":0},"end":{"line":5,"column":21}}},"fnMap":{"0":{"name":"(anonymous_1)","decl":{"start":{"line":6,"column":4},"end":{"line":6,"column":16}},"loc":{"start":{"line":6,"column":51},"end":{"line":8,"column":5}}},"1":{"name":"(anonymous_2)","decl":{"start":{"line":10,"column":4},"end":{"line":10,"column":13}},"loc":{"start":{"line":10,"column":32},"end":{"line":17,"column":5}}}},"branchMap":{"0":{"loc":{"start":{"line":14,"column":29},"end":{"line":14,"column":123}},"type":"binary-expr","locations":[{"start":{"line":14,"column":29},"end":{"line":14,"column":74}},{"start":{"line":14,"column":78},"end":{"line":14,"column":123}}]},"1":{"loc":{"start":{"line":16,"column":15},"end":{"line":16,"column":45}},"type":"binary-expr","locations":[{"start":{"line":16,"column":15},"end":{"line":16,"column":29}},{"start":{"line":16,"column":33},"end":{"line":16,"column":45}}]}},"s":{"0":1,"1":4,"2":5734,"3":5734,"4":5734,"5":1},"f":{"0":4,"1":5734},"b":{"0":[5734,480],"1":[5734,878]}}
,"C:\\Users\\Usuario\\Desktop\\BOOTCAMP\\BACKEND\\GITHUB\\ONION-CHESS\\src\\core\\Domain\\Logic\\Pieces\\King.ts": {"path":"C:\\Users\\Usuario\\Desktop\\BOOTCAMP\\BACKEND\\GITHUB\\ONION-CHESS\\src\\core\\Domain\\Logic\\Pieces\\King.ts","statementMap":{"0":{"start":{"line":1,"column":0},"end":{"line":1,"column":42}},"1":{"start":{"line":9,"column":8},"end":{"line":9,"column":44}},"2":{"start":{"line":6,"column":12},"end":{"line":6,"column":38}},"3":{"start":{"line":13,"column":8},"end":{"line":13,"column":26}},"4":{"start":{"line":17,"column":29},"end":{"line":17,"column":123}},"5":{"start":{"line":19,"column":29},"end":{"line":20,"column":108}},"6":{"start":{"line":22,"column":8},"end":{"line":22,"column":44}},"7":{"start":{"line":5,"column":0},"end":{"line":5,"column":21}}},"fnMap":{"0":{"name":"(anonymous_1)","decl":{"start":{"line":8,"column":4},"end":{"line":8,"column":16}},"loc":{"start":{"line":8,"column":51},"end":{"line":10,"column":5}}},"1":{"name":"(anonymous_2)","decl":{"start":{"line":12,"column":4},"end":{"line":12,"column":12}},"loc":{"start":{"line":12,"column":12},"end":{"line":14,"column":5}}},"2":{"name":"(anonymous_3)","decl":{"start":{"line":16,"column":4},"end":{"line":16,"column":13}},"loc":{"start":{"line":16,"column":32},"end":{"line":23,"column":5}}}},"branchMap":{"0":{"loc":{"start":{"line":17,"column":29},"end":{"line":17,"column":123}},"type":"binary-expr","locations":[{"start":{"line":17,"column":29},"end":{"line":17,"column":74}},{"start":{"line":17,"column":78},"end":{"line":17,"column":123}}]},"1":{"loc":{"start":{"line":19,"column":29},"end":{"line":20,"column":108}},"type":"binary-expr","locations":[{"start":{"line":19,"column":29},"end":{"line":19,"column":88}},{"start":{"line":20,"column":11},"end":{"line":20,"column":108}}]},"2":{"loc":{"start":{"line":22,"column":15},"end":{"line":22,"column":43}},"type":"binary-expr","locations":[{"start":{"line":22,"column":15},"end":{"line":22,"column":27}},{"start":{"line":22,"column":31},"end":{"line":22,"column":43}}]}},"s":{"0":1,"1":2,"2":2,"3":0,"4":2090,"5":2090,"6":2090,"7":1},"f":{"0":2,"1":0,"2":2090},"b":{"0":[2090,305],"1":[2090,650],"2":[2090,425]}}
,"C:\\Users\\Usuario\\Desktop\\BOOTCAMP\\BACKEND\\GITHUB\\ONION-CHESS\\src\\core\\Domain\\Logic\\Pieces\\Knight.ts": {"path":"C:\\Users\\Usuario\\Desktop\\BOOTCAMP\\BACKEND\\GITHUB\\ONION-CHESS\\src\\core\\Domain\\Logic\\Pieces\\Knight.ts","statementMap":{"0":{"start":{"line":1,"column":0},"end":{"line":1,"column":42}},"1":{"start":{"line":7,"column":8},"end":{"line":7,"column":41}},"2":{"start":{"line":11,"column":31},"end":{"line":14,"column":107}},"3":{"start":{"line":16,"column":29},"end":{"line":16,"column":123}},"4":{"start":{"line":18,"column":8},"end":{"line":18,"column":46}},"5":{"start":{"line":5,"column":0},"end":{"line":5,"column":21}}},"fnMap":{"0":{"name":"(anonymous_1)","decl":{"start":{"line":6,"column":4},"end":{"line":6,"column":16}},"loc":{"start":{"line":6,"column":51},"end":{"line":8,"column":5}}},"1":{"name":"(anonymous_2)","decl":{"start":{"line":10,"column":4},"end":{"line":10,"column":13}},"loc":{"start":{"line":10,"column":32},"end":{"line":19,"column":5}}}},"branchMap":{"0":{"loc":{"start":{"line":11,"column":34},"end":{"line":12,"column":99}},"type":"binary-expr","locations":[{"start":{"line":11,"column":34},"end":{"line":11,"column":94}},{"start":{"line":12,"column":11},"end":{"line":12,"column":99}}]},"1":{"loc":{"start":{"line":13,"column":12},"end":{"line":14,"column":99}},"type":"binary-expr","locations":[{"start":{"line":13,"column":12},"end":{"line":13,"column":72}},{"start":{"line":14,"column":11},"end":{"line":14,"column":99}}]},"2":{"loc":{"start":{"line":16,"column":29},"end":{"line":16,"column":123}},"type":"binary-expr","locations":[{"start":{"line":16,"column":29},"end":{"line":16,"column":74}},{"start":{"line":16,"column":78},"end":{"line":16,"column":123}}]},"3":{"loc":{"start":{"line":18,"column":15},"end":{"line":18,"column":45}},"type":"binary-expr","locations":[{"start":{"line":18,"column":15},"end":{"line":18,"column":29}},{"start":{"line":18,"column":33},"end":{"line":18,"column":45}}]}},"s":{"0":1,"1":4,"2":4660,"3":4660,"4":4660,"5":1},"f":{"0":4,"1":4660},"b":{"0":[4660,724],"1":[4660,1232],"2":[4660,480],"3":[4660,330]}}
,"C:\\Users\\Usuario\\Desktop\\BOOTCAMP\\BACKEND\\GITHUB\\ONION-CHESS\\src\\core\\Domain\\Logic\\Pieces\\Pawn.ts": {"path":"C:\\Users\\Usuario\\Desktop\\BOOTCAMP\\BACKEND\\GITHUB\\ONION-CHESS\\src\\core\\Domain\\Logic\\Pieces\\Pawn.ts","statementMap":{"0":{"start":{"line":1,"column":0},"end":{"line":1,"column":42}},"1":{"start":{"line":7,"column":8},"end":{"line":7,"column":39}},"2":{"start":{"line":11,"column":29},"end":{"line":11,"column":123}},"3":{"start":{"line":13,"column":8},"end":{"line":27,"column":null}},"4":{"start":{"line":14,"column":12},"end":{"line":19,"column":null}},"5":{"start":{"line":15,"column":16},"end":{"line":16,"column":87}},"6":{"start":{"line":18,"column":16},"end":{"line":18,"column":90}},"7":{"start":{"line":21,"column":12},"end":{"line":26,"column":null}},"8":{"start":{"line":22,"column":16},"end":{"line":23,"column":88}},"9":{"start":{"line":25,"column":16},"end":{"line":25,"column":91}},"10":{"start":{"line":5,"column":0},"end":{"line":5,"column":21}}},"fnMap":{"0":{"name":"(anonymous_1)","decl":{"start":{"line":6,"column":4},"end":{"line":6,"column":16}},"loc":{"start":{"line":6,"column":51},"end":{"line":8,"column":5}}},"1":{"name":"(anonymous_2)","decl":{"start":{"line":10,"column":4},"end":{"line":10,"column":13}},"loc":{"start":{"line":10,"column":32},"end":{"line":28,"column":5}}}},"branchMap":{"0":{"loc":{"start":{"line":11,"column":29},"end":{"line":11,"column":123}},"type":"binary-expr","locations":[{"start":{"line":11,"column":29},"end":{"line":11,"column":74}},{"start":{"line":11,"column":78},"end":{"line":11,"column":123}}]},"1":{"loc":{"start":{"line":13,"column":8},"end":{"line":27,"column":null}},"type":"if","locations":[{"start":{"line":13,"column":8},"end":{"line":27,"column":null}},{"start":{"line":20,"column":15},"end":{"line":27,"column":null}}]},"2":{"loc":{"start":{"line":14,"column":12},"end":{"line":19,"column":null}},"type":"if","locations":[{"start":{"line":14,"column":12},"end":{"line":19,"column":null}},{"start":{"line":17,"column":19},"end":{"line":19,"column":null}}]},"3":{"loc":{"start":{"line":15,"column":23},"end":{"line":16,"column":86}},"type":"binary-expr","locations":[{"start":{"line":15,"column":24},"end":{"line":15,"column":74}},{"start":{"line":16,"column":19},"end":{"line":16,"column":69}},{"start":{"line":16,"column":74},"end":{"line":16,"column":86}}]},"4":{"loc":{"start":{"line":18,"column":23},"end":{"line":18,"column":89}},"type":"binary-expr","locations":[{"start":{"line":18,"column":23},"end":{"line":18,"column":73}},{"start":{"line":18,"column":77},"end":{"line":18,"column":89}}]},"5":{"loc":{"start":{"line":21,"column":12},"end":{"line":26,"column":null}},"type":"if","locations":[{"start":{"line":21,"column":12},"end":{"line":26,"column":null}},{"start":{"line":24,"column":19},"end":{"line":26,"column":null}}]},"6":{"loc":{"start":{"line":22,"column":23},"end":{"line":23,"column":87}},"type":"binary-expr","locations":[{"start":{"line":22,"column":24},"end":{"line":22,"column":75}},{"start":{"line":23,"column":19},"end":{"line":23,"column":70}},{"start":{"line":23,"column":75},"end":{"line":23,"column":87}}]},"7":{"loc":{"start":{"line":25,"column":23},"end":{"line":25,"column":90}},"type":"binary-expr","locations":[{"start":{"line":25,"column":23},"end":{"line":25,"column":74}},{"start":{"line":25,"column":78},"end":{"line":25,"column":90}}]}},"s":{"0":1,"1":16,"2":9,"3":9,"4":6,"5":5,"6":1,"7":3,"8":3,"9":0,"10":1},"f":{"0":16,"1":9},"b":{"0":[9,0],"1":[6,3],"2":[5,1],"3":[5,1,5],"4":[1,1],"5":[3,0],"6":[3,1,3],"7":[0,0]}}
,"C:\\Users\\Usuario\\Desktop\\BOOTCAMP\\BACKEND\\GITHUB\\ONION-CHESS\\src\\core\\Domain\\Logic\\Pieces\\Queen.ts": {"path":"C:\\Users\\Usuario\\Desktop\\BOOTCAMP\\BACKEND\\GITHUB\\ONION-CHESS\\src\\core\\Domain\\Logic\\Pieces\\Queen.ts","statementMap":{"0":{"start":{"line":1,"column":0},"end":{"line":1,"column":42}},"1":{"start":{"line":7,"column":8},"end":{"line":7,"column":40}},"2":{"start":{"line":11,"column":31},"end":{"line":12,"column":89}},"3":{"start":{"line":14,"column":29},"end":{"line":15,"column":97}},"4":{"start":{"line":17,"column":29},"end":{"line":17,"column":123}},"5":{"start":{"line":19,"column":8},"end":{"line":19,"column":71}},"6":{"start":{"line":5,"column":0},"end":{"line":5,"column":21}}},"fnMap":{"0":{"name":"(anonymous_1)","decl":{"start":{"line":6,"column":4},"end":{"line":6,"column":16}},"loc":{"start":{"line":6,"column":51},"end":{"line":8,"column":5}}},"1":{"name":"(anonymous_2)","decl":{"start":{"line":10,"column":4},"end":{"line":10,"column":13}},"loc":{"start":{"line":10,"column":32},"end":{"line":20,"column":5}}}},"branchMap":{"0":{"loc":{"start":{"line":17,"column":29},"end":{"line":17,"column":123}},"type":"binary-expr","locations":[{"start":{"line":17,"column":29},"end":{"line":17,"column":74}},{"start":{"line":17,"column":78},"end":{"line":17,"column":123}}]},"1":{"loc":{"start":{"line":19,"column":15},"end":{"line":19,"column":70}},"type":"binary-expr","locations":[{"start":{"line":19,"column":15},"end":{"line":19,"column":54}},{"start":{"line":19,"column":58},"end":{"line":19,"column":70}}]}},"s":{"0":1,"1":2,"2":2846,"3":2846,"4":2846,"5":2846,"6":1},"f":{"0":2,"1":2846},"b":{"0":[2846,390],"1":[2846,1204]}}
,"C:\\Users\\Usuario\\Desktop\\BOOTCAMP\\BACKEND\\GITHUB\\ONION-CHESS\\src\\core\\Domain\\Logic\\Pieces\\Rook.ts": {"path":"C:\\Users\\Usuario\\Desktop\\BOOTCAMP\\BACKEND\\GITHUB\\ONION-CHESS\\src\\core\\Domain\\Logic\\Pieces\\Rook.ts","statementMap":{"0":{"start":{"line":1,"column":0},"end":{"line":1,"column":42}},"1":{"start":{"line":7,"column":8},"end":{"line":7,"column":39}},"2":{"start":{"line":11,"column":29},"end":{"line":11,"column":123}},"3":{"start":{"line":13,"column":29},"end":{"line":14,"column":89}},"4":{"start":{"line":16,"column":8},"end":{"line":16,"column":44}},"5":{"start":{"line":5,"column":0},"end":{"line":5,"column":21}}},"fnMap":{"0":{"name":"(anonymous_1)","decl":{"start":{"line":6,"column":4},"end":{"line":6,"column":16}},"loc":{"start":{"line":6,"column":50},"end":{"line":8,"column":5}}},"1":{"name":"(anonymous_2)","decl":{"start":{"line":10,"column":4},"end":{"line":10,"column":13}},"loc":{"start":{"line":10,"column":32},"end":{"line":17,"column":5}}}},"branchMap":{"0":{"loc":{"start":{"line":11,"column":29},"end":{"line":11,"column":123}},"type":"binary-expr","locations":[{"start":{"line":11,"column":29},"end":{"line":11,"column":74}},{"start":{"line":11,"column":78},"end":{"line":11,"column":123}}]},"1":{"loc":{"start":{"line":13,"column":29},"end":{"line":14,"column":89}},"type":"binary-expr","locations":[{"start":{"line":13,"column":29},"end":{"line":13,"column":79}},{"start":{"line":14,"column":11},"end":{"line":14,"column":89}}]},"2":{"loc":{"start":{"line":16,"column":15},"end":{"line":16,"column":43}},"type":"binary-expr","locations":[{"start":{"line":16,"column":15},"end":{"line":16,"column":27}},{"start":{"line":16,"column":31},"end":{"line":16,"column":43}}]}},"s":{"0":1,"1":4,"2":4869,"3":4869,"4":4869,"5":1},"f":{"0":4,"1":4869},"b":{"0":[4869,895],"1":[4869,3974],"2":[4869,1929]}}
,"C:\\Users\\Usuario\\Desktop\\BOOTCAMP\\BACKEND\\GITHUB\\ONION-CHESS\\src\\core\\Domain\\Logic\\Restrictions\\BlockingRestriction.ts": {"path":"C:\\Users\\Usuario\\Desktop\\BOOTCAMP\\BACKEND\\GITHUB\\ONION-CHESS\\src\\core\\Domain\\Logic\\Restrictions\\BlockingRestriction.ts","statementMap":{"0":{"start":{"line":5,"column":0},"end":{"line":5,"column":45}},"1":{"start":{"line":8,"column":4},"end":{"line":8,"column":53}},"2":{"start":{"line":9,"column":4},"end":{"line":9,"column":32}},"3":{"start":{"line":12,"column":8},"end":{"line":12,"column":98}},"4":{"start":{"line":14,"column":8},"end":{"line":16,"column":null}},"5":{"start":{"line":15,"column":12},"end":{"line":15,"column":24}},"6":{"start":{"line":18,"column":8},"end":{"line":18,"column":21}},"7":{"start":{"line":7,"column":0},"end":{"line":7,"column":21}}},"fnMap":{"0":{"name":"(anonymous_1)","decl":{"start":{"line":7,"column":0},"end":{"line":7,"column":21}},"loc":{"start":{"line":7,"column":0},"end":{"line":20,"column":1}}},"1":{"name":"(anonymous_2)","decl":{"start":{"line":11,"column":4},"end":{"line":11,"column":19}},"loc":{"start":{"line":11,"column":92},"end":{"line":19,"column":5}}}},"branchMap":{"0":{"loc":{"start":{"line":14,"column":8},"end":{"line":16,"column":null}},"type":"if","locations":[{"start":{"line":14,"column":8},"end":{"line":16,"column":null}}]}},"s":{"0":1,"1":3,"2":3,"3":2415,"4":2415,"5":825,"6":1590,"7":1},"f":{"0":3,"1":2415},"b":{"0":[825]}}
,"C:\\Users\\Usuario\\Desktop\\BOOTCAMP\\BACKEND\\GITHUB\\ONION-CHESS\\src\\core\\Domain\\Logic\\Restrictions\\KingCheckRestriction.ts": {"path":"C:\\Users\\Usuario\\Desktop\\BOOTCAMP\\BACKEND\\GITHUB\\ONION-CHESS\\src\\core\\Domain\\Logic\\Restrictions\\KingCheckRestriction.ts","statementMap":{"0":{"start":{"line":3,"column":0},"end":{"line":3,"column":47}},"1":{"start":{"line":5,"column":0},"end":{"line":5,"column":51}},"2":{"start":{"line":8,"column":12},"end":{"line":8,"column":62}},"3":{"start":{"line":9,"column":12},"end":{"line":9,"column":57}},"4":{"start":{"line":12,"column":8},"end":{"line":58,"column":null}},"5":{"start":{"line":13,"column":30},"end":{"line":13,"column":89}},"6":{"start":{"line":29,"column":34},"end":{"line":29,"column":48}},"7":{"start":{"line":30,"column":31},"end":{"line":30,"column":42}},"8":{"start":{"line":32,"column":12},"end":{"line":32,"column":76}},"9":{"start":{"line":33,"column":12},"end":{"line":33,"column":58}},"10":{"start":{"line":34,"column":12},"end":{"line":34,"column":76}},"11":{"start":{"line":36,"column":12},"end":{"line":36,"column":67}},"12":{"start":{"line":38,"column":12},"end":{"line":50,"column":null}},"13":{"start":{"line":39,"column":16},"end":{"line":43,"column":null}},"14":{"start":{"line":42,"column":20},"end":{"line":42,"column":33}},"15":{"start":{"line":45,"column":16},"end":{"line":49,"column":null}},"16":{"start":{"line":48,"column":20},"end":{"line":48,"column":33}},"17":{"start":{"line":52,"column":12},"end":{"line":54,"column":null}},"18":{"start":{"line":53,"column":16},"end":{"line":53,"column":29}},"19":{"start":{"line":55,"column":12},"end":{"line":57,"column":null}},"20":{"start":{"line":56,"column":16},"end":{"line":56,"column":29}},"21":{"start":{"line":59,"column":8},"end":{"line":59,"column":20}},"22":{"start":{"line":7,"column":0},"end":{"line":7,"column":21}}},"fnMap":{"0":{"name":"(anonymous_1)","decl":{"start":{"line":7,"column":0},"end":{"line":7,"column":21}},"loc":{"start":{"line":7,"column":0},"end":{"line":61,"column":1}}},"1":{"name":"(anonymous_2)","decl":{"start":{"line":11,"column":4},"end":{"line":11,"column":19}},"loc":{"start":{"line":11,"column":176},"end":{"line":60,"column":5}}}},"branchMap":{"0":{"loc":{"start":{"line":12,"column":8},"end":{"line":58,"column":null}},"type":"if","locations":[{"start":{"line":12,"column":8},"end":{"line":58,"column":null}},{"start":{"line":51,"column":15},"end":{"line":58,"column":null}}]},"1":{"loc":{"start":{"line":38,"column":12},"end":{"line":50,"column":null}},"type":"if","locations":[{"start":{"line":38,"column":12},"end":{"line":50,"column":null}},{"start":{"line":44,"column":19},"end":{"line":50,"column":null}}]},"2":{"loc":{"start":{"line":39,"column":16},"end":{"line":43,"column":null}},"type":"if","locations":[{"start":{"line":39,"column":16},"end":{"line":43,"column":null}}]},"3":{"loc":{"start":{"line":39,"column":19},"end":{"line":41,"column":84}},"type":"binary-expr","locations":[{"start":{"line":39,"column":19},"end":{"line":39,"column":88}},{"start":{"line":41,"column":16},"end":{"line":41,"column":84}}]},"4":{"loc":{"start":{"line":45,"column":16},"end":{"line":49,"column":null}},"type":"if","locations":[{"start":{"line":45,"column":16},"end":{"line":49,"column":null}}]},"5":{"loc":{"start":{"line":45,"column":19},"end":{"line":47,"column":84}},"type":"binary-expr","locations":[{"start":{"line":45,"column":19},"end":{"line":45,"column":88}},{"start":{"line":47,"column":16},"end":{"line":47,"column":84}}]},"6":{"loc":{"start":{"line":52,"column":12},"end":{"line":54,"column":null}},"type":"if","locations":[{"start":{"line":52,"column":12},"end":{"line":54,"column":null}}]},"7":{"loc":{"start":{"line":52,"column":15},"end":{"line":52,"column":144}},"type":"binary-expr","locations":[{"start":{"line":52,"column":15},"end":{"line":52,"column":43}},{"start":{"line":52,"column":48},"end":{"line":52,"column":94}},{"start":{"line":52,"column":98},"end":{"line":52,"column":143}}]},"8":{"loc":{"start":{"line":55,"column":12},"end":{"line":57,"column":null}},"type":"if","locations":[{"start":{"line":55,"column":12},"end":{"line":57,"column":null}}]},"9":{"loc":{"start":{"line":55,"column":15},"end":{"line":55,"column":144}},"type":"binary-expr","locations":[{"start":{"line":55,"column":15},"end":{"line":55,"column":43}},{"start":{"line":55,"column":48},"end":{"line":55,"column":94}},{"start":{"line":55,"column":98},"end":{"line":55,"column":143}}]}},"s":{"0":1,"1":1,"2":1,"3":1,"4":8,"5":8,"6":8,"7":8,"8":8,"9":8,"10":8,"11":8,"12":8,"13":5,"14":1,"15":3,"16":0,"17":0,"18":0,"19":0,"20":0,"21":7,"22":1},"f":{"0":1,"1":8},"b":{"0":[8,0],"1":[5,3],"2":[1],"3":[5,5],"4":[0],"5":[3,3],"6":[0],"7":[0,0,0],"8":[0],"9":[0,0,0]}}
,"C:\\Users\\Usuario\\Desktop\\BOOTCAMP\\BACKEND\\GITHUB\\ONION-CHESS\\src\\core\\Domain\\Logic\\Utils\\AttackMapping.ts": {"path":"C:\\Users\\Usuario\\Desktop\\BOOTCAMP\\BACKEND\\GITHUB\\ONION-CHESS\\src\\core\\Domain\\Logic\\Utils\\AttackMapping.ts","statementMap":{"0":{"start":{"line":4,"column":0},"end":{"line":4,"column":70}},"1":{"start":{"line":8,"column":12},"end":{"line":8,"column":78}},"2":{"start":{"line":11,"column":8},"end":{"line":11,"column":49}},"3":{"start":{"line":13,"column":8},"end":{"line":80,"column":11}},"4":{"start":{"line":14,"column":12},"end":{"line":79,"column":null}},"5":{"start":{"line":15,"column":16},"end":{"line":53,"column":null}},"6":{"start":{"line":16,"column":45},"end":{"line":16,"column":78}},"7":{"start":{"line":17,"column":49},"end":{"line":17,"column":119}},"8":{"start":{"line":18,"column":50},"end":{"line":18,"column":120}},"9":{"start":{"line":20,"column":47},"end":{"line":20,"column":136}},"10":{"start":{"line":20,"column":70},"end":{"line":20,"column":134}},"11":{"start":{"line":21,"column":48},"end":{"line":21,"column":138}},"12":{"start":{"line":21,"column":71},"end":{"line":21,"column":136}},"13":{"start":{"line":23,"column":20},"end":{"line":27,"column":null}},"14":{"start":{"line":24,"column":24},"end":{"line":24,"column":74}},"15":{"start":{"line":25,"column":27},"end":{"line":27,"column":null}},"16":{"start":{"line":26,"column":24},"end":{"line":26,"column":73}},"17":{"start":{"line":29,"column":20},"end":{"line":33,"column":null}},"18":{"start":{"line":30,"column":24},"end":{"line":30,"column":75}},"19":{"start":{"line":31,"column":27},"end":{"line":33,"column":null}},"20":{"start":{"line":32,"column":24},"end":{"line":32,"column":74}},"21":{"start":{"line":35,"column":45},"end":{"line":35,"column":78}},"22":{"start":{"line":36,"column":49},"end":{"line":36,"column":119}},"23":{"start":{"line":37,"column":50},"end":{"line":37,"column":120}},"24":{"start":{"line":39,"column":47},"end":{"line":39,"column":136}},"25":{"start":{"line":39,"column":70},"end":{"line":39,"column":134}},"26":{"start":{"line":40,"column":48},"end":{"line":40,"column":138}},"27":{"start":{"line":40,"column":71},"end":{"line":40,"column":136}},"28":{"start":{"line":42,"column":20},"end":{"line":46,"column":null}},"29":{"start":{"line":43,"column":24},"end":{"line":43,"column":74}},"30":{"start":{"line":44,"column":27},"end":{"line":46,"column":null}},"31":{"start":{"line":45,"column":24},"end":{"line":45,"column":73}},"32":{"start":{"line":48,"column":20},"end":{"line":52,"column":null}},"33":{"start":{"line":49,"column":24},"end":{"line":49,"column":75}},"34":{"start":{"line":50,"column":27},"end":{"line":52,"column":null}},"35":{"start":{"line":51,"column":24},"end":{"line":51,"column":74}},"36":{"start":{"line":55,"column":16},"end":{"line":78,"column":19}},"37":{"start":{"line":56,"column":20},"end":{"line":77,"column":null}},"38":{"start":{"line":57,"column":53},"end":{"line":57,"column":120}},"39":{"start":{"line":58,"column":24},"end":{"line":76,"column":null}},"40":{"start":{"line":59,"column":28},"end":{"line":75,"column":31}},"41":{"start":{"line":60,"column":32},"end":{"line":74,"column":null}},"42":{"start":{"line":61,"column":36},"end":{"line":67,"column":null}},"43":{"start":{"line":62,"column":40},"end":{"line":62,"column":79}},"44":{"start":{"line":63,"column":40},"end":{"line":63,"column":61}},"45":{"start":{"line":64,"column":43},"end":{"line":67,"column":null}},"46":{"start":{"line":65,"column":40},"end":{"line":65,"column":78}},"47":{"start":{"line":66,"column":40},"end":{"line":66,"column":61}},"48":{"start":{"line":69,"column":36},"end":{"line":73,"column":null}},"49":{"start":{"line":70,"column":40},"end":{"line":70,"column":79}},"50":{"start":{"line":71,"column":43},"end":{"line":73,"column":null}},"51":{"start":{"line":72,"column":40},"end":{"line":72,"column":78}},"52":{"start":{"line":83,"column":8},"end":{"line":85,"column":11}},"53":{"start":{"line":84,"column":12},"end":{"line":84,"column":40}},"54":{"start":{"line":7,"column":0},"end":{"line":7,"column":21}}},"fnMap":{"0":{"name":"(anonymous_1)","decl":{"start":{"line":7,"column":0},"end":{"line":7,"column":21}},"loc":{"start":{"line":7,"column":0},"end":{"line":87,"column":1}}},"1":{"name":"(anonymous_2)","decl":{"start":{"line":10,"column":4},"end":{"line":10,"column":13}},"loc":{"start":{"line":10,"column":52},"end":{"line":81,"column":5}}},"2":{"name":"(anonymous_3)","decl":{"start":{"line":13,"column":23},"end":{"line":13,"column":28}},"loc":{"start":{"line":13,"column":31},"end":{"line":80,"column":9}}},"3":{"name":"(anonymous_4)","decl":{"start":{"line":20,"column":62},"end":{"line":20,"column":65}},"loc":{"start":{"line":20,"column":70},"end":{"line":20,"column":134}}},"4":{"name":"(anonymous_5)","decl":{"start":{"line":21,"column":63},"end":{"line":21,"column":66}},"loc":{"start":{"line":21,"column":71},"end":{"line":21,"column":136}}},"5":{"name":"(anonymous_6)","decl":{"start":{"line":39,"column":62},"end":{"line":39,"column":65}},"loc":{"start":{"line":39,"column":70},"end":{"line":39,"column":134}}},"6":{"name":"(anonymous_7)","decl":{"start":{"line":40,"column":63},"end":{"line":40,"column":66}},"loc":{"start":{"line":40,"column":71},"end":{"line":40,"column":136}}},"7":{"name":"(anonymous_8)","decl":{"start":{"line":55,"column":34},"end":{"line":55,"column":37}},"loc":{"start":{"line":55,"column":40},"end":{"line":78,"column":17}}},"8":{"name":"(anonymous_9)","decl":{"start":{"line":59,"column":68},"end":{"line":59,"column":75}},"loc":{"start":{"line":59,"column":78},"end":{"line":75,"column":29}}},"9":{"name":"(anonymous_10)","decl":{"start":{"line":82,"column":4},"end":{"line":82,"column":28}},"loc":{"start":{"line":82,"column":50},"end":{"line":86,"column":5}}},"10":{"name":"(anonymous_11)","decl":{"start":{"line":83,"column":26},"end":{"line":83,"column":29}},"loc":{"start":{"line":83,"column":32},"end":{"line":85,"column":9}}}},"branchMap":{"0":{"loc":{"start":{"line":14,"column":12},"end":{"line":79,"column":null}},"type":"if","locations":[{"start":{"line":14,"column":12},"end":{"line":79,"column":null}},{"start":{"line":54,"column":19},"end":{"line":79,"column":null}}]},"1":{"loc":{"start":{"line":15,"column":16},"end":{"line":53,"column":null}},"type":"if","locations":[{"start":{"line":15,"column":16},"end":{"line":53,"column":null}},{"start":{"line":34,"column":23},"end":{"line":53,"column":null}}]},"2":{"loc":{"start":{"line":20,"column":70},"end":{"line":20,"column":134}},"type":"binary-expr","locations":[{"start":{"line":20,"column":70},"end":{"line":20,"column":98}},{"start":{"line":20,"column":102},"end":{"line":20,"column":134}}]},"3":{"loc":{"start":{"line":21,"column":71},"end":{"line":21,"column":136}},"type":"binary-expr","locations":[{"start":{"line":21,"column":71},"end":{"line":21,"column":99}},{"start":{"line":21,"column":103},"end":{"line":21,"column":136}}]},"4":{"loc":{"start":{"line":23,"column":20},"end":{"line":27,"column":null}},"type":"if","locations":[{"start":{"line":23,"column":20},"end":{"line":27,"column":null}},{"start":{"line":25,"column":27},"end":{"line":27,"column":null}}]},"5":{"loc":{"start":{"line":25,"column":27},"end":{"line":27,"column":null}},"type":"if","locations":[{"start":{"line":25,"column":27},"end":{"line":27,"column":null}}]},"6":{"loc":{"start":{"line":29,"column":20},"end":{"line":33,"column":null}},"type":"if","locations":[{"start":{"line":29,"column":20},"end":{"line":33,"column":null}},{"start":{"line":31,"column":27},"end":{"line":33,"column":null}}]},"7":{"loc":{"start":{"line":31,"column":27},"end":{"line":33,"column":null}},"type":"if","locations":[{"start":{"line":31,"column":27},"end":{"line":33,"column":null}}]},"8":{"loc":{"start":{"line":39,"column":70},"end":{"line":39,"column":134}},"type":"binary-expr","locations":[{"start":{"line":39,"column":70},"end":{"line":39,"column":98}},{"start":{"line":39,"column":102},"end":{"line":39,"column":134}}]},"9":{"loc":{"start":{"line":40,"column":71},"end":{"line":40,"column":136}},"type":"binary-expr","locations":[{"start":{"line":40,"column":71},"end":{"line":40,"column":99}},{"start":{"line":40,"column":103},"end":{"line":40,"column":136}}]},"10":{"loc":{"start":{"line":42,"column":20},"end":{"line":46,"column":null}},"type":"if","locations":[{"start":{"line":42,"column":20},"end":{"line":46,"column":null}},{"start":{"line":44,"column":27},"end":{"line":46,"column":null}}]},"11":{"loc":{"start":{"line":44,"column":27},"end":{"line":46,"column":null}},"type":"if","locations":[{"start":{"line":44,"column":27},"end":{"line":46,"column":null}}]},"12":{"loc":{"start":{"line":48,"column":20},"end":{"line":52,"column":null}},"type":"if","locations":[{"start":{"line":48,"column":20},"end":{"line":52,"column":null}},{"start":{"line":50,"column":27},"end":{"line":52,"column":null}}]},"13":{"loc":{"start":{"line":50,"column":27},"end":{"line":52,"column":null}},"type":"if","locations":[{"start":{"line":50,"column":27},"end":{"line":52,"column":null}}]},"14":{"loc":{"start":{"line":56,"column":20},"end":{"line":77,"column":null}},"type":"if","locations":[{"start":{"line":56,"column":20},"end":{"line":77,"column":null}}]},"15":{"loc":{"start":{"line":58,"column":24},"end":{"line":76,"column":null}},"type":"if","locations":[{"start":{"line":58,"column":24},"end":{"line":76,"column":null}}]},"16":{"loc":{"start":{"line":60,"column":32},"end":{"line":74,"column":null}},"type":"if","locations":[{"start":{"line":60,"column":32},"end":{"line":74,"column":null}},{"start":{"line":68,"column":39},"end":{"line":74,"column":null}}]},"17":{"loc":{"start":{"line":61,"column":36},"end":{"line":67,"column":null}},"type":"if","locations":[{"start":{"line":61,"column":36},"end":{"line":67,"column":null}},{"start":{"line":64,"column":43},"end":{"line":67,"column":null}}]},"18":{"loc":{"start":{"line":64,"column":43},"end":{"line":67,"column":null}},"type":"if","locations":[{"start":{"line":64,"column":43},"end":{"line":67,"column":null}}]},"19":{"loc":{"start":{"line":69,"column":36},"end":{"line":73,"column":null}},"type":"if","locations":[{"start":{"line":69,"column":36},"end":{"line":73,"column":null}},{"start":{"line":71,"column":43},"end":{"line":73,"column":null}}]},"20":{"loc":{"start":{"line":71,"column":43},"end":{"line":73,"column":null}},"type":"if","locations":[{"start":{"line":71,"column":43},"end":{"line":73,"column":null}}]}},"s":{"0":1,"1":2,"2":15,"3":15,"4":480,"5":240,"6":120,"7":120,"8":120,"9":120,"10":7680,"11":120,"12":7680,"13":120,"14":0,"15":120,"16":0,"17":120,"18":0,"19":120,"20":0,"21":120,"22":120,"23":120,"24":120,"25":7680,"26":120,"27":7680,"28":120,"29":0,"30":120,"31":0,"32":120,"33":0,"34":120,"35":0,"36":240,"37":15360,"38":2405,"39":2405,"40":817,"41":1214,"42":660,"43":337,"44":337,"45":323,"46":0,"47":0,"48":554,"49":238,"50":316,"51":45,"52":15,"53":960,"54":1},"f":{"0":2,"1":15,"2":480,"3":7680,"4":7680,"5":7680,"6":7680,"7":15360,"8":1214,"9":15,"10":960},"b":{"0":[240,240],"1":[120,120],"2":[7680,0],"3":[7680,0],"4":[0,120],"5":[0],"6":[0,120],"7":[0],"8":[7680,0],"9":[7680,0],"10":[0,120],"11":[0],"12":[0,120],"13":[0],"14":[2405],"15":[817],"16":[660,554],"17":[337,323],"18":[0],"19":[238,316],"20":[45]}}
,"C:\\Users\\Usuario\\Desktop\\BOOTCAMP\\BACKEND\\GITHUB\\ONION-CHESS\\src\\core\\Domain\\Logic\\Utils\\DistanceCalculator.ts": {"path":"C:\\Users\\Usuario\\Desktop\\BOOTCAMP\\BACKEND\\GITHUB\\ONION-CHESS\\src\\core\\Domain\\Logic\\Utils\\DistanceCalculator.ts","statementMap":{"0":{"start":{"line":7,"column":8},"end":{"line":7,"column":40}},"1":{"start":{"line":11,"column":8},"end":{"line":11,"column":68}},"2":{"start":{"line":15,"column":25},"end":{"line":18,"column":null}},"3":{"start":{"line":20,"column":8},"end":{"line":20,"column":24}},"4":{"start":{"line":5,"column":0},"end":{"line":5,"column":21}}},"fnMap":{"0":{"name":"(anonymous_0)","decl":{"start":{"line":6,"column":4},"end":{"line":6,"column":19}},"loc":{"start":{"line":6,"column":54},"end":{"line":8,"column":5}}},"1":{"name":"(anonymous_1)","decl":{"start":{"line":10,"column":4},"end":{"line":10,"column":19}},"loc":{"start":{"line":10,"column":55},"end":{"line":12,"column":5}}},"2":{"name":"(anonymous_2)","decl":{"start":{"line":14,"column":4},"end":{"line":14,"column":21}},"loc":{"start":{"line":14,"column":71},"end":{"line":21,"column":5}}}},"branchMap":{},"s":{"0":21250,"1":15376,"2":0,"3":0,"4":1},"f":{"0":21250,"1":15376,"2":0},"b":{}}
,"C:\\Users\\Usuario\\Desktop\\BOOTCAMP\\BACKEND\\GITHUB\\ONION-CHESS\\src\\core\\Domain\\Logic\\Utils\\DownLeftTrajectoryMapper.ts": {"path":"C:\\Users\\Usuario\\Desktop\\BOOTCAMP\\BACKEND\\GITHUB\\ONION-CHESS\\src\\core\\Domain\\Logic\\Utils\\DownLeftTrajectoryMapper.ts","statementMap":{"0":{"start":{"line":2,"column":0},"end":{"line":2,"column":64}},"1":{"start":{"line":7,"column":16},"end":{"line":7,"column":17}},"2":{"start":{"line":9,"column":8},"end":{"line":23,"column":null}},"3":{"start":{"line":10,"column":12},"end":{"line":22,"column":null}},"4":{"start":{"line":17,"column":16},"end":{"line":20,"column":null}},"5":{"start":{"line":18,"column":20},"end":{"line":18,"column":41}},"6":{"start":{"line":19,"column":20},"end":{"line":19,"column":43}},"7":{"start":{"line":21,"column":16},"end":{"line":21,"column":51}},"8":{"start":{"line":25,"column":8},"end":{"line":28,"column":null}},"9":{"start":{"line":26,"column":12},"end":{"line":26,"column":47}},"10":{"start":{"line":27,"column":12},"end":{"line":27,"column":35}},"11":{"start":{"line":30,"column":8},"end":{"line":35,"column":null}},"12":{"start":{"line":31,"column":12},"end":{"line":31,"column":47}},"13":{"start":{"line":32,"column":12},"end":{"line":32,"column":35}},"14":{"start":{"line":34,"column":12},"end":{"line":34,"column":33}},"15":{"start":{"line":37,"column":8},"end":{"line":37,"column":31}},"16":{"start":{"line":5,"column":0},"end":{"line":5,"column":21}}},"fnMap":{"0":{"name":"(anonymous_1)","decl":{"start":{"line":6,"column":4},"end":{"line":6,"column":17}},"loc":{"start":{"line":6,"column":88},"end":{"line":38,"column":5}}}},"branchMap":{"0":{"loc":{"start":{"line":10,"column":12},"end":{"line":22,"column":null}},"type":"if","locations":[{"start":{"line":10,"column":12},"end":{"line":22,"column":null}}]},"1":{"loc":{"start":{"line":11,"column":16},"end":{"line":15,"column":45}},"type":"binary-expr","locations":[{"start":{"line":11,"column":17},"end":{"line":11,"column":115}},{"start":{"line":13,"column":17},"end":{"line":13,"column":115}},{"start":{"line":15,"column":16},"end":{"line":15,"column":45}}]},"2":{"loc":{"start":{"line":17,"column":16},"end":{"line":20,"column":null}},"type":"if","locations":[{"start":{"line":17,"column":16},"end":{"line":20,"column":null}}]},"3":{"loc":{"start":{"line":17,"column":19},"end":{"line":17,"column":80}},"type":"binary-expr","locations":[{"start":{"line":17,"column":19},"end":{"line":17,"column":48}},{"start":{"line":17,"column":52},"end":{"line":17,"column":80}}]},"4":{"loc":{"start":{"line":25,"column":8},"end":{"line":28,"column":null}},"type":"if","locations":[{"start":{"line":25,"column":8},"end":{"line":28,"column":null}}]},"5":{"loc":{"start":{"line":30,"column":8},"end":{"line":35,"column":null}},"type":"if","locations":[{"start":{"line":30,"column":8},"end":{"line":35,"column":null}},{"start":{"line":33,"column":15},"end":{"line":35,"column":null}}]}},"s":{"0":1,"1":213,"2":213,"3":2514,"4":138,"5":69,"6":69,"7":69,"8":144,"9":72,"10":72,"11":72,"12":0,"13":0,"14":72,"15":72,"16":1},"f":{"0":213},"b":{"0":[138],"1":[2514,1694,513],"2":[69],"3":[138,79],"4":[72],"5":[0,72]}}
,"C:\\Users\\Usuario\\Desktop\\BOOTCAMP\\BACKEND\\GITHUB\\ONION-CHESS\\src\\core\\Domain\\Logic\\Utils\\DownRightTrajectoryMapper.ts": {"path":"C:\\Users\\Usuario\\Desktop\\BOOTCAMP\\BACKEND\\GITHUB\\ONION-CHESS\\src\\core\\Domain\\Logic\\Utils\\DownRightTrajectoryMapper.ts","statementMap":{"0":{"start":{"line":2,"column":0},"end":{"line":2,"column":64}},"1":{"start":{"line":7,"column":16},"end":{"line":7,"column":17}},"2":{"start":{"line":9,"column":8},"end":{"line":23,"column":null}},"3":{"start":{"line":10,"column":12},"end":{"line":22,"column":null}},"4":{"start":{"line":17,"column":16},"end":{"line":20,"column":null}},"5":{"start":{"line":18,"column":20},"end":{"line":18,"column":41}},"6":{"start":{"line":19,"column":20},"end":{"line":19,"column":43}},"7":{"start":{"line":21,"column":16},"end":{"line":21,"column":51}},"8":{"start":{"line":25,"column":8},"end":{"line":28,"column":null}},"9":{"start":{"line":26,"column":12},"end":{"line":26,"column":47}},"10":{"start":{"line":27,"column":12},"end":{"line":27,"column":35}},"11":{"start":{"line":30,"column":8},"end":{"line":35,"column":null}},"12":{"start":{"line":31,"column":12},"end":{"line":31,"column":47}},"13":{"start":{"line":32,"column":12},"end":{"line":32,"column":35}},"14":{"start":{"line":34,"column":12},"end":{"line":34,"column":33}},"15":{"start":{"line":37,"column":8},"end":{"line":37,"column":31}},"16":{"start":{"line":5,"column":0},"end":{"line":5,"column":21}}},"fnMap":{"0":{"name":"(anonymous_1)","decl":{"start":{"line":6,"column":4},"end":{"line":6,"column":17}},"loc":{"start":{"line":6,"column":88},"end":{"line":38,"column":5}}}},"branchMap":{"0":{"loc":{"start":{"line":10,"column":12},"end":{"line":22,"column":null}},"type":"if","locations":[{"start":{"line":10,"column":12},"end":{"line":22,"column":null}}]},"1":{"loc":{"start":{"line":11,"column":16},"end":{"line":15,"column":45}},"type":"binary-expr","locations":[{"start":{"line":11,"column":17},"end":{"line":11,"column":115}},{"start":{"line":13,"column":17},"end":{"line":13,"column":115}},{"start":{"line":15,"column":16},"end":{"line":15,"column":45}}]},"2":{"loc":{"start":{"line":17,"column":16},"end":{"line":20,"column":null}},"type":"if","locations":[{"start":{"line":17,"column":16},"end":{"line":20,"column":null}}]},"3":{"loc":{"start":{"line":17,"column":19},"end":{"line":17,"column":80}},"type":"binary-expr","locations":[{"start":{"line":17,"column":19},"end":{"line":17,"column":48}},{"start":{"line":17,"column":52},"end":{"line":17,"column":80}}]},"4":{"loc":{"start":{"line":25,"column":8},"end":{"line":28,"column":null}},"type":"if","locations":[{"start":{"line":25,"column":8},"end":{"line":28,"column":null}}]},"5":{"loc":{"start":{"line":30,"column":8},"end":{"line":35,"column":null}},"type":"if","locations":[{"start":{"line":30,"column":8},"end":{"line":35,"column":null}},{"start":{"line":33,"column":15},"end":{"line":35,"column":null}}]}},"s":{"0":1,"1":282,"2":282,"3":2467,"4":211,"5":122,"6":122,"7":89,"8":160,"9":83,"10":83,"11":77,"12":5,"13":5,"14":72,"15":72,"16":1},"f":{"0":282},"b":{"0":[211],"1":[2467,1612,1177],"2":[122],"3":[211,148],"4":[83],"5":[5,72]}}
,"C:\\Users\\Usuario\\Desktop\\BOOTCAMP\\BACKEND\\GITHUB\\ONION-CHESS\\src\\core\\Domain\\Logic\\Utils\\DownTrajectoryMapper.ts": {"path":"C:\\Users\\Usuario\\Desktop\\BOOTCAMP\\BACKEND\\GITHUB\\ONION-CHESS\\src\\core\\Domain\\Logic\\Utils\\DownTrajectoryMapper.ts","statementMap":{"0":{"start":{"line":2,"column":0},"end":{"line":2,"column":64}},"1":{"start":{"line":7,"column":16},"end":{"line":7,"column":17}},"2":{"start":{"line":9,"column":8},"end":{"line":23,"column":null}},"3":{"start":{"line":10,"column":12},"end":{"line":22,"column":null}},"4":{"start":{"line":17,"column":16},"end":{"line":20,"column":null}},"5":{"start":{"line":18,"column":20},"end":{"line":18,"column":41}},"6":{"start":{"line":19,"column":20},"end":{"line":19,"column":43}},"7":{"start":{"line":21,"column":16},"end":{"line":21,"column":51}},"8":{"start":{"line":25,"column":8},"end":{"line":28,"column":null}},"9":{"start":{"line":26,"column":12},"end":{"line":26,"column":47}},"10":{"start":{"line":27,"column":12},"end":{"line":27,"column":35}},"11":{"start":{"line":30,"column":8},"end":{"line":35,"column":null}},"12":{"start":{"line":31,"column":12},"end":{"line":31,"column":47}},"13":{"start":{"line":32,"column":12},"end":{"line":32,"column":35}},"14":{"start":{"line":34,"column":12},"end":{"line":34,"column":33}},"15":{"start":{"line":37,"column":8},"end":{"line":37,"column":null}},"16":{"start":{"line":5,"column":0},"end":{"line":5,"column":21}}},"fnMap":{"0":{"name":"(anonymous_1)","decl":{"start":{"line":6,"column":4},"end":{"line":6,"column":17}},"loc":{"start":{"line":6,"column":88},"end":{"line":38,"column":5}}}},"branchMap":{"0":{"loc":{"start":{"line":10,"column":12},"end":{"line":22,"column":null}},"type":"if","locations":[{"start":{"line":10,"column":12},"end":{"line":22,"column":null}}]},"1":{"loc":{"start":{"line":11,"column":16},"end":{"line":15,"column":45}},"type":"binary-expr","locations":[{"start":{"line":11,"column":17},"end":{"line":11,"column":115}},{"start":{"line":13,"column":17},"end":{"line":13,"column":117}},{"start":{"line":15,"column":16},"end":{"line":15,"column":45}}]},"2":{"loc":{"start":{"line":17,"column":16},"end":{"line":20,"column":null}},"type":"if","locations":[{"start":{"line":17,"column":16},"end":{"line":20,"column":null}}]},"3":{"loc":{"start":{"line":17,"column":19},"end":{"line":17,"column":80}},"type":"binary-expr","locations":[{"start":{"line":17,"column":19},"end":{"line":17,"column":48}},{"start":{"line":17,"column":52},"end":{"line":17,"column":80}}]},"4":{"loc":{"start":{"line":25,"column":8},"end":{"line":28,"column":null}},"type":"if","locations":[{"start":{"line":25,"column":8},"end":{"line":28,"column":null}}]},"5":{"loc":{"start":{"line":30,"column":8},"end":{"line":35,"column":null}},"type":"if","locations":[{"start":{"line":30,"column":8},"end":{"line":35,"column":null}},{"start":{"line":33,"column":15},"end":{"line":35,"column":null}}]}},"s":{"0":1,"1":332,"2":332,"3":3720,"4":388,"5":244,"6":244,"7":144,"8":88,"9":37,"10":37,"11":51,"12":51,"13":51,"14":0,"15":0,"16":1},"f":{"0":332},"b":{"0":[388],"1":[3720,2606,388],"2":[244],"3":[388,244],"4":[37],"5":[51,0]}}
,"C:\\Users\\Usuario\\Desktop\\BOOTCAMP\\BACKEND\\GITHUB\\ONION-CHESS\\src\\core\\Domain\\Logic\\Utils\\LeftTrajectoryMapper.ts": {"path":"C:\\Users\\Usuario\\Desktop\\BOOTCAMP\\BACKEND\\GITHUB\\ONION-CHESS\\src\\core\\Domain\\Logic\\Utils\\LeftTrajectoryMapper.ts","statementMap":{"0":{"start":{"line":2,"column":0},"end":{"line":2,"column":64}},"1":{"start":{"line":7,"column":16},"end":{"line":7,"column":17}},"2":{"start":{"line":9,"column":8},"end":{"line":23,"column":null}},"3":{"start":{"line":10,"column":12},"end":{"line":22,"column":null}},"4":{"start":{"line":17,"column":16},"end":{"line":20,"column":null}},"5":{"start":{"line":18,"column":20},"end":{"line":18,"column":41}},"6":{"start":{"line":19,"column":20},"end":{"line":19,"column":43}},"7":{"start":{"line":21,"column":16},"end":{"line":21,"column":51}},"8":{"start":{"line":25,"column":8},"end":{"line":28,"column":null}},"9":{"start":{"line":26,"column":12},"end":{"line":26,"column":47}},"10":{"start":{"line":27,"column":12},"end":{"line":27,"column":35}},"11":{"start":{"line":30,"column":8},"end":{"line":35,"column":null}},"12":{"start":{"line":31,"column":12},"end":{"line":31,"column":47}},"13":{"start":{"line":32,"column":12},"end":{"line":32,"column":35}},"14":{"start":{"line":34,"column":12},"end":{"line":34,"column":33}},"15":{"start":{"line":37,"column":8},"end":{"line":37,"column":31}},"16":{"start":{"line":5,"column":0},"end":{"line":5,"column":21}}},"fnMap":{"0":{"name":"(anonymous_1)","decl":{"start":{"line":6,"column":4},"end":{"line":6,"column":17}},"loc":{"start":{"line":6,"column":88},"end":{"line":38,"column":5}}}},"branchMap":{"0":{"loc":{"start":{"line":10,"column":12},"end":{"line":22,"column":null}},"type":"if","locations":[{"start":{"line":10,"column":12},"end":{"line":22,"column":null}}]},"1":{"loc":{"start":{"line":11,"column":16},"end":{"line":15,"column":45}},"type":"binary-expr","locations":[{"start":{"line":11,"column":17},"end":{"line":11,"column":117}},{"start":{"line":13,"column":17},"end":{"line":13,"column":115}},{"start":{"line":15,"column":16},"end":{"line":15,"column":45}}]},"2":{"loc":{"start":{"line":17,"column":16},"end":{"line":20,"column":null}},"type":"if","locations":[{"start":{"line":17,"column":16},"end":{"line":20,"column":null}}]},"3":{"loc":{"start":{"line":17,"column":19},"end":{"line":17,"column":80}},"type":"binary-expr","locations":[{"start":{"line":17,"column":19},"end":{"line":17,"column":48}},{"start":{"line":17,"column":52},"end":{"line":17,"column":80}}]},"4":{"loc":{"start":{"line":25,"column":8},"end":{"line":28,"column":null}},"type":"if","locations":[{"start":{"line":25,"column":8},"end":{"line":28,"column":null}}]},"5":{"loc":{"start":{"line":30,"column":8},"end":{"line":35,"column":null}},"type":"if","locations":[{"start":{"line":30,"column":8},"end":{"line":35,"column":null}},{"start":{"line":33,"column":15},"end":{"line":35,"column":null}}]}},"s":{"0":1,"1":330,"2":330,"3":295,"4":295,"5":229,"6":229,"7":66,"8":101,"9":11,"10":11,"11":90,"12":90,"13":90,"14":0,"15":0,"16":1},"f":{"0":330},"b":{"0":[295],"1":[295,295,295],"2":[229],"3":[295,229],"4":[11],"5":[90,0]}}
,"C:\\Users\\Usuario\\Desktop\\BOOTCAMP\\BACKEND\\GITHUB\\ONION-CHESS\\src\\core\\Domain\\Logic\\Utils\\PieceMapper.ts": {"path":"C:\\Users\\Usuario\\Desktop\\BOOTCAMP\\BACKEND\\GITHUB\\ONION-CHESS\\src\\core\\Domain\\Logic\\Utils\\PieceMapper.ts","statementMap":{"0":{"start":{"line":6,"column":8},"end":{"line":8,"column":11}},"1":{"start":{"line":7,"column":12},"end":{"line":7,"column":86}},"2":{"start":{"line":4,"column":0},"end":{"line":4,"column":21}}},"fnMap":{"0":{"name":"(anonymous_0)","decl":{"start":{"line":5,"column":4},"end":{"line":5,"column":17}},"loc":{"start":{"line":5,"column":73},"end":{"line":9,"column":5}}},"1":{"name":"(anonymous_1)","decl":{"start":{"line":6,"column":32},"end":{"line":6,"column":37}},"loc":{"start":{"line":6,"column":40},"end":{"line":8,"column":9}}}},"branchMap":{"0":{"loc":{"start":{"line":7,"column":19},"end":{"line":7,"column":85}},"type":"binary-expr","locations":[{"start":{"line":7,"column":19},"end":{"line":7,"column":55}},{"start":{"line":7,"column":59},"end":{"line":7,"column":85}}]}},"s":{"0":8,"1":88,"2":1},"f":{"0":8,"1":88},"b":{"0":[88,11]}}
,"C:\\Users\\Usuario\\Desktop\\BOOTCAMP\\BACKEND\\GITHUB\\ONION-CHESS\\src\\core\\Domain\\Logic\\Utils\\RightTrajectoryMapper.ts": {"path":"C:\\Users\\Usuario\\Desktop\\BOOTCAMP\\BACKEND\\GITHUB\\ONION-CHESS\\src\\core\\Domain\\Logic\\Utils\\RightTrajectoryMapper.ts","statementMap":{"0":{"start":{"line":2,"column":0},"end":{"line":2,"column":64}},"1":{"start":{"line":7,"column":16},"end":{"line":7,"column":17}},"2":{"start":{"line":9,"column":8},"end":{"line":23,"column":null}},"3":{"start":{"line":10,"column":12},"end":{"line":22,"column":null}},"4":{"start":{"line":17,"column":16},"end":{"line":20,"column":null}},"5":{"start":{"line":18,"column":20},"end":{"line":18,"column":41}},"6":{"start":{"line":19,"column":20},"end":{"line":19,"column":43}},"7":{"start":{"line":21,"column":16},"end":{"line":21,"column":51}},"8":{"start":{"line":25,"column":8},"end":{"line":28,"column":null}},"9":{"start":{"line":26,"column":12},"end":{"line":26,"column":47}},"10":{"start":{"line":27,"column":12},"end":{"line":27,"column":35}},"11":{"start":{"line":30,"column":8},"end":{"line":35,"column":null}},"12":{"start":{"line":31,"column":12},"end":{"line":31,"column":47}},"13":{"start":{"line":32,"column":12},"end":{"line":32,"column":35}},"14":{"start":{"line":34,"column":12},"end":{"line":34,"column":33}},"15":{"start":{"line":37,"column":8},"end":{"line":37,"column":31}},"16":{"start":{"line":5,"column":0},"end":{"line":5,"column":21}}},"fnMap":{"0":{"name":"(anonymous_1)","decl":{"start":{"line":6,"column":4},"end":{"line":6,"column":17}},"loc":{"start":{"line":6,"column":88},"end":{"line":38,"column":5}}}},"branchMap":{"0":{"loc":{"start":{"line":10,"column":12},"end":{"line":22,"column":null}},"type":"if","locations":[{"start":{"line":10,"column":12},"end":{"line":22,"column":null}}]},"1":{"loc":{"start":{"line":11,"column":16},"end":{"line":15,"column":45}},"type":"binary-expr","locations":[{"start":{"line":11,"column":17},"end":{"line":11,"column":117}},{"start":{"line":13,"column":17},"end":{"line":13,"column":115}},{"start":{"line":15,"column":16},"end":{"line":15,"column":45}}]},"2":{"loc":{"start":{"line":17,"column":16},"end":{"line":20,"column":null}},"type":"if","locations":[{"start":{"line":17,"column":16},"end":{"line":20,"column":null}}]},"3":{"loc":{"start":{"line":17,"column":19},"end":{"line":17,"column":80}},"type":"binary-expr","locations":[{"start":{"line":17,"column":19},"end":{"line":17,"column":48}},{"start":{"line":17,"column":52},"end":{"line":17,"column":80}}]},"4":{"loc":{"start":{"line":25,"column":8},"end":{"line":28,"column":null}},"type":"if","locations":[{"start":{"line":25,"column":8},"end":{"line":28,"column":null}}]},"5":{"loc":{"start":{"line":30,"column":8},"end":{"line":35,"column":null}},"type":"if","locations":[{"start":{"line":30,"column":8},"end":{"line":35,"column":null}},{"start":{"line":33,"column":15},"end":{"line":35,"column":null}}]}},"s":{"0":1,"1":420,"2":420,"3":335,"4":335,"5":325,"6":325,"7":10,"8":95,"9":5,"10":5,"11":90,"12":90,"13":90,"14":0,"15":0,"16":1},"f":{"0":420},"b":{"0":[335],"1":[335,335,335],"2":[325],"3":[335,325],"4":[5],"5":[90,0]}}
,"C:\\Users\\Usuario\\Desktop\\BOOTCAMP\\BACKEND\\GITHUB\\ONION-CHESS\\src\\core\\Domain\\Logic\\Utils\\Trajectory.ts": {"path":"C:\\Users\\Usuario\\Desktop\\BOOTCAMP\\BACKEND\\GITHUB\\ONION-CHESS\\src\\core\\Domain\\Logic\\Utils\\Trajectory.ts","statementMap":{"0":{"start":{"line":3,"column":0},"end":{"line":3,"column":54}},"1":{"start":{"line":4,"column":0},"end":{"line":4,"column":64}},"2":{"start":{"line":5,"column":0},"end":{"line":5,"column":62}},"3":{"start":{"line":6,"column":0},"end":{"line":6,"column":66}},"4":{"start":{"line":7,"column":0},"end":{"line":7,"column":68}},"5":{"start":{"line":8,"column":0},"end":{"line":8,"column":60}},"6":{"start":{"line":9,"column":0},"end":{"line":9,"column":58}},"7":{"start":{"line":10,"column":0},"end":{"line":10,"column":54}},"8":{"start":{"line":11,"column":0},"end":{"line":11,"column":58}},"9":{"start":{"line":15,"column":35},"end":{"line":15,"column":59}},"10":{"start":{"line":17,"column":26},"end":{"line":17,"column":55}},"11":{"start":{"line":18,"column":26},"end":{"line":18,"column":55}},"12":{"start":{"line":20,"column":29},"end":{"line":20,"column":91}},"13":{"start":{"line":21,"column":29},"end":{"line":21,"column":91}},"14":{"start":{"line":23,"column":35},"end":{"line":25,"column":10}},"15":{"start":{"line":24,"column":12},"end":{"line":24,"column":78}},"16":{"start":{"line":27,"column":36},"end":{"line":29,"column":10}},"17":{"start":{"line":28,"column":12},"end":{"line":28,"column":92}},"18":{"start":{"line":31,"column":8},"end":{"line":34,"column":null}},"19":{"start":{"line":32,"column":12},"end":{"line":33,"column":73}},"20":{"start":{"line":35,"column":8},"end":{"line":38,"column":null}},"21":{"start":{"line":36,"column":12},"end":{"line":37,"column":73}},"22":{"start":{"line":39,"column":8},"end":{"line":43,"column":null}},"23":{"start":{"line":41,"column":12},"end":{"line":42,"column":73}},"24":{"start":{"line":44,"column":8},"end":{"line":47,"column":null}},"25":{"start":{"line":45,"column":12},"end":{"line":46,"column":73}},"26":{"start":{"line":48,"column":8},"end":{"line":51,"column":null}},"27":{"start":{"line":49,"column":12},"end":{"line":50,"column":73}},"28":{"start":{"line":52,"column":8},"end":{"line":55,"column":null}},"29":{"start":{"line":53,"column":12},"end":{"line":54,"column":73}},"30":{"start":{"line":56,"column":8},"end":{"line":59,"column":null}},"31":{"start":{"line":57,"column":12},"end":{"line":58,"column":73}},"32":{"start":{"line":60,"column":8},"end":{"line":63,"column":null}},"33":{"start":{"line":61,"column":12},"end":{"line":62,"column":73}},"34":{"start":{"line":65,"column":8},"end":{"line":65,"column":18}},"35":{"start":{"line":13,"column":0},"end":{"line":13,"column":21}}},"fnMap":{"0":{"name":"(anonymous_1)","decl":{"start":{"line":14,"column":4},"end":{"line":14,"column":17}},"loc":{"start":{"line":14,"column":88},"end":{"line":66,"column":5}}},"1":{"name":"(anonymous_2)","decl":{"start":{"line":23,"column":55},"end":{"line":23,"column":58}},"loc":{"start":{"line":23,"column":61},"end":{"line":25,"column":9}}},"2":{"name":"(anonymous_3)","decl":{"start":{"line":27,"column":56},"end":{"line":27,"column":59}},"loc":{"start":{"line":27,"column":62},"end":{"line":29,"column":9}}}},"branchMap":{"0":{"loc":{"start":{"line":24,"column":19},"end":{"line":24,"column":77}},"type":"binary-expr","locations":[{"start":{"line":24,"column":19},"end":{"line":24,"column":46}},{"start":{"line":24,"column":50},"end":{"line":24,"column":77}}]},"1":{"loc":{"start":{"line":28,"column":19},"end":{"line":28,"column":91}},"type":"binary-expr","locations":[{"start":{"line":28,"column":19},"end":{"line":28,"column":53}},{"start":{"line":28,"column":57},"end":{"line":28,"column":91}}]},"2":{"loc":{"start":{"line":31,"column":8},"end":{"line":34,"column":null}},"type":"if","locations":[{"start":{"line":31,"column":8},"end":{"line":34,"column":null}}]},"3":{"loc":{"start":{"line":31,"column":11},"end":{"line":31,"column":47}},"type":"binary-expr","locations":[{"start":{"line":31,"column":11},"end":{"line":31,"column":27}},{"start":{"line":31,"column":31},"end":{"line":31,"column":47}}]},"4":{"loc":{"start":{"line":35,"column":8},"end":{"line":38,"column":null}},"type":"if","locations":[{"start":{"line":35,"column":8},"end":{"line":38,"column":null}}]},"5":{"loc":{"start":{"line":35,"column":11},"end":{"line":35,"column":47}},"type":"binary-expr","locations":[{"start":{"line":35,"column":11},"end":{"line":35,"column":27}},{"start":{"line":35,"column":31},"end":{"line":35,"column":47}}]},"6":{"loc":{"start":{"line":39,"column":8},"end":{"line":43,"column":null}},"type":"if","locations":[{"start":{"line":39,"column":8},"end":{"line":43,"column":null}}]},"7":{"loc":{"start":{"line":39,"column":11},"end":{"line":39,"column":47}},"type":"binary-expr","locations":[{"start":{"line":39,"column":11},"end":{"line":39,"column":27}},{"start":{"line":39,"column":31},"end":{"line":39,"column":47}}]},"8":{"loc":{"start":{"line":44,"column":8},"end":{"line":47,"column":null}},"type":"if","locations":[{"start":{"line":44,"column":8},"end":{"line":47,"column":null}}]},"9":{"loc":{"start":{"line":44,"column":11},"end":{"line":44,"column":47}},"type":"binary-expr","locations":[{"start":{"line":44,"column":11},"end":{"line":44,"column":27}},{"start":{"line":44,"column":31},"end":{"line":44,"column":47}}]},"10":{"loc":{"start":{"line":48,"column":8},"end":{"line":51,"column":null}},"type":"if","locations":[{"start":{"line":48,"column":8},"end":{"line":51,"column":null}}]},"11":{"loc":{"start":{"line":48,"column":11},"end":{"line":48,"column":49}},"type":"binary-expr","locations":[{"start":{"line":48,"column":11},"end":{"line":48,"column":29}},{"start":{"line":48,"column":33},"end":{"line":48,"column":49}}]},"12":{"loc":{"start":{"line":52,"column":8},"end":{"line":55,"column":null}},"type":"if","locations":[{"start":{"line":52,"column":8},"end":{"line":55,"column":null}}]},"13":{"loc":{"start":{"line":52,"column":11},"end":{"line":52,"column":49}},"type":"binary-expr","locations":[{"start":{"line":52,"column":11},"end":{"line":52,"column":29}},{"start":{"line":52,"column":33},"end":{"line":52,"column":49}}]},"14":{"loc":{"start":{"line":56,"column":8},"end":{"line":59,"column":null}},"type":"if","locations":[{"start":{"line":56,"column":8},"end":{"line":59,"column":null}}]},"15":{"loc":{"start":{"line":56,"column":11},"end":{"line":56,"column":49}},"type":"binary-expr","locations":[{"start":{"line":56,"column":11},"end":{"line":56,"column":27}},{"start":{"line":56,"column":31},"end":{"line":56,"column":49}}]},"16":{"loc":{"start":{"line":60,"column":8},"end":{"line":63,"column":null}},"type":"if","locations":[{"start":{"line":60,"column":8},"end":{"line":63,"column":null}}]},"17":{"loc":{"start":{"line":60,"column":11},"end":{"line":60,"column":49}},"type":"binary-expr","locations":[{"start":{"line":60,"column":11},"end":{"line":60,"column":27}},{"start":{"line":60,"column":31},"end":{"line":60,"column":49}}]}},"s":{"0":1,"1":1,"2":1,"3":1,"4":1,"5":1,"6":1,"7":1,"8":1,"9":2415,"10":2415,"11":2415,"12":2415,"13":2415,"14":2415,"15":76821,"16":2415,"17":77988,"18":2415,"19":286,"20":2129,"21":216,"22":1913,"23":213,"24":1700,"25":282,"26":1418,"27":420,"28":998,"29":330,"30":668,"31":336,"32":332,"33":332,"34":0,"35":1},"f":{"0":2415,"1":76821,"2":77988},"b":{"0":[76821,10565],"1":[77988,11252],"2":[286],"3":[2415,838],"4":[216],"5":[2129,552],"6":[213],"7":[1913,827],"8":[282],"9":[1700,614],"10":[420],"11":[1418,750],"12":[330],"13":[998,330],"14":[336],"15":[668,336],"16":[332],"17":[332,332]}}
,"C:\\Users\\Usuario\\Desktop\\BOOTCAMP\\BACKEND\\GITHUB\\ONION-CHESS\\src\\core\\Domain\\Logic\\Utils\\UpLeftTrajectoryMapper.ts": {"path":"C:\\Users\\Usuario\\Desktop\\BOOTCAMP\\BACKEND\\GITHUB\\ONION-CHESS\\src\\core\\Domain\\Logic\\Utils\\UpLeftTrajectoryMapper.ts","statementMap":{"0":{"start":{"line":2,"column":0},"end":{"line":2,"column":64}},"1":{"start":{"line":7,"column":16},"end":{"line":7,"column":17}},"2":{"start":{"line":9,"column":8},"end":{"line":23,"column":null}},"3":{"start":{"line":10,"column":12},"end":{"line":22,"column":null}},"4":{"start":{"line":17,"column":16},"end":{"line":20,"column":null}},"5":{"start":{"line":18,"column":20},"end":{"line":18,"column":41}},"6":{"start":{"line":19,"column":20},"end":{"line":19,"column":43}},"7":{"start":{"line":21,"column":16},"end":{"line":21,"column":51}},"8":{"start":{"line":25,"column":8},"end":{"line":28,"column":null}},"9":{"start":{"line":26,"column":12},"end":{"line":26,"column":47}},"10":{"start":{"line":27,"column":12},"end":{"line":27,"column":35}},"11":{"start":{"line":30,"column":8},"end":{"line":35,"column":null}},"12":{"start":{"line":31,"column":12},"end":{"line":31,"column":47}},"13":{"start":{"line":32,"column":12},"end":{"line":32,"column":35}},"14":{"start":{"line":34,"column":12},"end":{"line":34,"column":33}},"15":{"start":{"line":37,"column":8},"end":{"line":37,"column":31}},"16":{"start":{"line":5,"column":0},"end":{"line":5,"column":21}}},"fnMap":{"0":{"name":"(anonymous_1)","decl":{"start":{"line":6,"column":4},"end":{"line":6,"column":17}},"loc":{"start":{"line":6,"column":88},"end":{"line":38,"column":5}}}},"branchMap":{"0":{"loc":{"start":{"line":10,"column":12},"end":{"line":22,"column":null}},"type":"if","locations":[{"start":{"line":10,"column":12},"end":{"line":22,"column":null}}]},"1":{"loc":{"start":{"line":11,"column":16},"end":{"line":15,"column":45}},"type":"binary-expr","locations":[{"start":{"line":11,"column":17},"end":{"line":11,"column":115}},{"start":{"line":13,"column":17},"end":{"line":13,"column":115}},{"start":{"line":15,"column":16},"end":{"line":15,"column":45}}]},"2":{"loc":{"start":{"line":17,"column":16},"end":{"line":20,"column":null}},"type":"if","locations":[{"start":{"line":17,"column":16},"end":{"line":20,"column":null}}]},"3":{"loc":{"start":{"line":17,"column":19},"end":{"line":17,"column":80}},"type":"binary-expr","locations":[{"start":{"line":17,"column":19},"end":{"line":17,"column":48}},{"start":{"line":17,"column":52},"end":{"line":17,"column":80}}]},"4":{"loc":{"start":{"line":25,"column":8},"end":{"line":28,"column":null}},"type":"if","locations":[{"start":{"line":25,"column":8},"end":{"line":28,"column":null}}]},"5":{"loc":{"start":{"line":30,"column":8},"end":{"line":35,"column":null}},"type":"if","locations":[{"start":{"line":30,"column":8},"end":{"line":35,"column":null}},{"start":{"line":33,"column":15},"end":{"line":35,"column":null}}]}},"s":{"0":1,"1":216,"2":216,"3":1678,"4":123,"5":100,"6":100,"7":23,"8":116,"9":57,"10":57,"11":59,"12":59,"13":59,"14":0,"15":0,"16":1},"f":{"0":216},"b":{"0":[123],"1":[1678,980,794],"2":[100],"3":[123,105],"4":[57],"5":[59,0]}}
,"C:\\Users\\Usuario\\Desktop\\BOOTCAMP\\BACKEND\\GITHUB\\ONION-CHESS\\src\\core\\Domain\\Logic\\Utils\\UpRightTrajectoryMapper.ts": {"path":"C:\\Users\\Usuario\\Desktop\\BOOTCAMP\\BACKEND\\GITHUB\\ONION-CHESS\\src\\core\\Domain\\Logic\\Utils\\UpRightTrajectoryMapper.ts","statementMap":{"0":{"start":{"line":3,"column":0},"end":{"line":3,"column":64}},"1":{"start":{"line":7,"column":16},"end":{"line":7,"column":17}},"2":{"start":{"line":8,"column":8},"end":{"line":22,"column":null}},"3":{"start":{"line":9,"column":12},"end":{"line":21,"column":null}},"4":{"start":{"line":16,"column":16},"end":{"line":19,"column":null}},"5":{"start":{"line":17,"column":20},"end":{"line":17,"column":41}},"6":{"start":{"line":18,"column":20},"end":{"line":18,"column":43}},"7":{"start":{"line":20,"column":16},"end":{"line":20,"column":51}},"8":{"start":{"line":24,"column":8},"end":{"line":27,"column":null}},"9":{"start":{"line":25,"column":12},"end":{"line":25,"column":47}},"10":{"start":{"line":26,"column":12},"end":{"line":26,"column":35}},"11":{"start":{"line":29,"column":8},"end":{"line":34,"column":null}},"12":{"start":{"line":30,"column":12},"end":{"line":30,"column":47}},"13":{"start":{"line":31,"column":12},"end":{"line":31,"column":35}},"14":{"start":{"line":33,"column":12},"end":{"line":33,"column":33}},"15":{"start":{"line":36,"column":8},"end":{"line":36,"column":31}},"16":{"start":{"line":5,"column":0},"end":{"line":5,"column":21}}},"fnMap":{"0":{"name":"(anonymous_1)","decl":{"start":{"line":6,"column":4},"end":{"line":6,"column":17}},"loc":{"start":{"line":6,"column":88},"end":{"line":37,"column":5}}}},"branchMap":{"0":{"loc":{"start":{"line":9,"column":12},"end":{"line":21,"column":null}},"type":"if","locations":[{"start":{"line":9,"column":12},"end":{"line":21,"column":null}}]},"1":{"loc":{"start":{"line":10,"column":16},"end":{"line":14,"column":45}},"type":"binary-expr","locations":[{"start":{"line":10,"column":17},"end":{"line":10,"column":115}},{"start":{"line":12,"column":17},"end":{"line":12,"column":115}},{"start":{"line":14,"column":16},"end":{"line":14,"column":45}}]},"2":{"loc":{"start":{"line":16,"column":16},"end":{"line":19,"column":null}},"type":"if","locations":[{"start":{"line":16,"column":16},"end":{"line":19,"column":null}}]},"3":{"loc":{"start":{"line":16,"column":19},"end":{"line":16,"column":80}},"type":"binary-expr","locations":[{"start":{"line":16,"column":19},"end":{"line":16,"column":48}},{"start":{"line":16,"column":52},"end":{"line":16,"column":80}}]},"4":{"loc":{"start":{"line":24,"column":8},"end":{"line":27,"column":null}},"type":"if","locations":[{"start":{"line":24,"column":8},"end":{"line":27,"column":null}}]},"5":{"loc":{"start":{"line":29,"column":8},"end":{"line":34,"column":null}},"type":"if","locations":[{"start":{"line":29,"column":8},"end":{"line":34,"column":null}},{"start":{"line":32,"column":15},"end":{"line":34,"column":null}}]}},"s":{"0":1,"1":286,"2":286,"3":3576,"4":248,"5":122,"6":122,"7":126,"8":164,"9":101,"10":101,"11":63,"12":63,"13":63,"14":0,"15":0,"16":1},"f":{"0":286},"b":{"0":[248],"1":[3576,2418,894],"2":[122],"3":[248,130],"4":[101],"5":[63,0]}}
,"C:\\Users\\Usuario\\Desktop\\BOOTCAMP\\BACKEND\\GITHUB\\ONION-CHESS\\src\\core\\Domain\\Logic\\Utils\\UpTrajectoryMapper.ts": {"path":"C:\\Users\\Usuario\\Desktop\\BOOTCAMP\\BACKEND\\GITHUB\\ONION-CHESS\\src\\core\\Domain\\Logic\\Utils\\UpTrajectoryMapper.ts","statementMap":{"0":{"start":{"line":2,"column":0},"end":{"line":2,"column":64}},"1":{"start":{"line":7,"column":16},"end":{"line":7,"column":17}},"2":{"start":{"line":9,"column":8},"end":{"line":23,"column":null}},"3":{"start":{"line":10,"column":12},"end":{"line":22,"column":null}},"4":{"start":{"line":17,"column":16},"end":{"line":20,"column":null}},"5":{"start":{"line":18,"column":20},"end":{"line":18,"column":41}},"6":{"start":{"line":19,"column":20},"end":{"line":19,"column":43}},"7":{"start":{"line":21,"column":16},"end":{"line":21,"column":51}},"8":{"start":{"line":25,"column":8},"end":{"line":28,"column":null}},"9":{"start":{"line":26,"column":12},"end":{"line":26,"column":47}},"10":{"start":{"line":27,"column":12},"end":{"line":27,"column":35}},"11":{"start":{"line":30,"column":8},"end":{"line":35,"column":null}},"12":{"start":{"line":31,"column":12},"end":{"line":31,"column":47}},"13":{"start":{"line":32,"column":12},"end":{"line":32,"column":35}},"14":{"start":{"line":34,"column":12},"end":{"line":34,"column":33}},"15":{"start":{"line":37,"column":8},"end":{"line":37,"column":31}},"16":{"start":{"line":5,"column":0},"end":{"line":5,"column":21}}},"fnMap":{"0":{"name":"(anonymous_1)","decl":{"start":{"line":6,"column":4},"end":{"line":6,"column":17}},"loc":{"start":{"line":6,"column":88},"end":{"line":38,"column":5}}}},"branchMap":{"0":{"loc":{"start":{"line":10,"column":12},"end":{"line":22,"column":null}},"type":"if","locations":[{"start":{"line":10,"column":12},"end":{"line":22,"column":null}}]},"1":{"loc":{"start":{"line":11,"column":16},"end":{"line":15,"column":45}},"type":"binary-expr","locations":[{"start":{"line":11,"column":17},"end":{"line":11,"column":115}},{"start":{"line":13,"column":17},"end":{"line":13,"column":117}},{"start":{"line":15,"column":16},"end":{"line":15,"column":45}}]},"2":{"loc":{"start":{"line":17,"column":16},"end":{"line":20,"column":null}},"type":"if","locations":[{"start":{"line":17,"column":16},"end":{"line":20,"column":null}}]},"3":{"loc":{"start":{"line":17,"column":19},"end":{"line":17,"column":80}},"type":"binary-expr","locations":[{"start":{"line":17,"column":19},"end":{"line":17,"column":48}},{"start":{"line":17,"column":52},"end":{"line":17,"column":80}}]},"4":{"loc":{"start":{"line":25,"column":8},"end":{"line":28,"column":null}},"type":"if","locations":[{"start":{"line":25,"column":8},"end":{"line":28,"column":null}}]},"5":{"loc":{"start":{"line":30,"column":8},"end":{"line":35,"column":null}},"type":"if","locations":[{"start":{"line":30,"column":8},"end":{"line":35,"column":null}},{"start":{"line":33,"column":15},"end":{"line":35,"column":null}}]}},"s":{"0":1,"1":336,"2":336,"3":4250,"4":442,"5":234,"6":234,"7":208,"8":102,"9":41,"10":41,"11":61,"12":60,"13":60,"14":1,"15":1,"16":1},"f":{"0":336},"b":{"0":[442],"1":[4250,3021,442],"2":[234],"3":[442,234],"4":[41],"5":[60,1]}}
,"C:\\Users\\Usuario\\Desktop\\BOOTCAMP\\BACKEND\\GITHUB\\ONION-CHESS\\src\\core\\Domain\\abstracts\\Piece.ts": {"path":"C:\\Users\\Usuario\\Desktop\\BOOTCAMP\\BACKEND\\GITHUB\\ONION-CHESS\\src\\core\\Domain\\abstracts\\Piece.ts","statementMap":{"0":{"start":{"line":6,"column":18},"end":{"line":6,"column":33}},"1":{"start":{"line":7,"column":18},"end":{"line":7,"column":30}},"2":{"start":{"line":8,"column":18},"end":{"line":8,"column":31}},"3":{"start":{"line":9,"column":18},"end":{"line":9,"column":36}},"4":{"start":{"line":13,"column":8},"end":{"line":13,"column":33}},"5":{"start":{"line":17,"column":8},"end":{"line":17,"column":29}},"6":{"start":{"line":21,"column":8},"end":{"line":21,"column":25}},"7":{"start":{"line":25,"column":8},"end":{"line":25,"column":23}},"8":{"start":{"line":29,"column":8},"end":{"line":29,"column":29}},"9":{"start":{"line":4,"column":0},"end":{"line":4,"column":30}}},"fnMap":{"0":{"name":"(anonymous_0)","decl":{"start":{"line":5,"column":4},"end":{"line":5,"column":null}},"loc":{"start":{"line":9,"column":36},"end":{"line":10,"column":8}}},"1":{"name":"(anonymous_1)","decl":{"start":{"line":12,"column":4},"end":{"line":12,"column":10}},"loc":{"start":{"line":12,"column":29},"end":{"line":14,"column":5}}},"2":{"name":"(anonymous_2)","decl":{"start":{"line":16,"column":4},"end":{"line":16,"column":12}},"loc":{"start":{"line":16,"column":12},"end":{"line":18,"column":5}}},"3":{"name":"(anonymous_3)","decl":{"start":{"line":20,"column":4},"end":{"line":20,"column":11}},"loc":{"start":{"line":20,"column":11},"end":{"line":22,"column":5}}},"4":{"name":"(anonymous_4)","decl":{"start":{"line":24,"column":4},"end":{"line":24,"column":9}},"loc":{"start":{"line":24,"column":9},"end":{"line":26,"column":5}}},"5":{"name":"(anonymous_5)","decl":{"start":{"line":28,"column":4},"end":{"line":28,"column":15}},"loc":{"start":{"line":28,"column":15},"end":{"line":30,"column":5}}}},"branchMap":{},"s":{"0":32,"1":32,"2":32,"3":32,"4":15,"5":2616,"6":1982,"7":240,"8":49536,"9":1},"f":{"0":32,"1":15,"2":2616,"3":1982,"4":240,"5":49536},"b":{}}
,"C:\\Users\\Usuario\\Desktop\\BOOTCAMP\\BACKEND\\GITHUB\\ONION-CHESS\\src\\core\\Domain\\abstracts\\TrajectoryMapper.ts": {"path":"C:\\Users\\Usuario\\Desktop\\BOOTCAMP\\BACKEND\\GITHUB\\ONION-CHESS\\src\\core\\Domain\\abstracts\\TrajectoryMapper.ts","statementMap":{"0":{"start":{"line":4,"column":0},"end":{"line":4,"column":67}},"1":{"start":{"line":11,"column":18},"end":{"line":11,"column":51}},"2":{"start":{"line":12,"column":18},"end":{"line":12,"column":49}},"3":{"start":{"line":8,"column":14},"end":{"line":8,"column":81}},"4":{"start":{"line":14,"column":8},"end":{"line":14,"column":29}},"5":{"start":{"line":18,"column":8},"end":{"line":21,"column":11}},"6":{"start":{"line":19,"column":12},"end":{"line":20,"column":null}},"7":{"start":{"line":6,"column":0},"end":{"line":6,"column":30}}},"fnMap":{"0":{"name":"(anonymous_1)","decl":{"start":{"line":10,"column":4},"end":{"line":10,"column":null}},"loc":{"start":{"line":12,"column":49},"end":{"line":15,"column":5}}},"1":{"name":"(anonymous_2)","decl":{"start":{"line":17,"column":4},"end":{"line":17,"column":24}},"loc":{"start":{"line":17,"column":60},"end":{"line":22,"column":5}}},"2":{"name":"(anonymous_3)","decl":{"start":{"line":18,"column":27},"end":{"line":18,"column":32}},"loc":{"start":{"line":18,"column":35},"end":{"line":21,"column":9}}}},"branchMap":{"0":{"loc":{"start":{"line":19,"column":19},"end":{"line":20,"column":67}},"type":"binary-expr","locations":[{"start":{"line":19,"column":19},"end":{"line":19,"column":71}},{"start":{"line":20,"column":15},"end":{"line":20,"column":67}}]}},"s":{"0":1,"1":2415,"2":2415,"3":2415,"4":2415,"5":563,"6":9746,"7":1},"f":{"0":2415,"1":563,"2":9746},"b":{"0":[9746,2134]}}
}
