{"C:\\Users\\Usuario\\Desktop\\BOOTCAMP\\BACKEND\\GITHUB\\ONION-CHESS\\src\\core\\Domain\\Logic\\Game.ts": {"path":"C:\\Users\\Usuario\\Desktop\\BOOTCAMP\\BACKEND\\GITHUB\\ONION-CHESS\\src\\core\\Domain\\Logic\\Game.ts","statementMap":{"0":{"start":{"line":4,"column":0},"end":{"line":4,"column":36}},"1":{"start":{"line":6,"column":0},"end":{"line":6,"column":69}},"2":{"start":{"line":7,"column":0},"end":{"line":7,"column":50}},"3":{"start":{"line":8,"column":0},"end":{"line":8,"column":71}},"4":{"start":{"line":9,"column":0},"end":{"line":9,"column":63}},"5":{"start":{"line":18,"column":16},"end":{"line":18,"column":34}},"6":{"start":{"line":12,"column":12},"end":{"line":12,"column":74}},"7":{"start":{"line":13,"column":12},"end":{"line":13,"column":70}},"8":{"start":{"line":14,"column":12},"end":{"line":14,"column":84}},"9":{"start":{"line":15,"column":12},"end":{"line":15,"column":72}},"10":{"start":{"line":22,"column":8},"end":{"line":22,"column":27}},"11":{"start":{"line":26,"column":8},"end":{"line":26,"column":40}},"12":{"start":{"line":27,"column":8},"end":{"line":27,"column":27}},"13":{"start":{"line":31,"column":31},"end":{"line":32,"column":null}},"14":{"start":{"line":32,"column":12},"end":{"line":32,"column":66}},"15":{"start":{"line":35,"column":35},"end":{"line":38,"column":null}},"16":{"start":{"line":36,"column":12},"end":{"line":38,"column":90}},"17":{"start":{"line":41,"column":34},"end":{"line":42,"column":null}},"18":{"start":{"line":42,"column":13},"end":{"line":42,"column":89}},"19":{"start":{"line":45,"column":30},"end":{"line":45,"column":32}},"20":{"start":{"line":48,"column":8},"end":{"line":51,"column":null}},"21":{"start":{"line":49,"column":12},"end":{"line":49,"column":37}},"22":{"start":{"line":50,"column":12},"end":{"line":50,"column":25}},"23":{"start":{"line":54,"column":8},"end":{"line":57,"column":null}},"24":{"start":{"line":55,"column":12},"end":{"line":55,"column":85}},"25":{"start":{"line":56,"column":12},"end":{"line":56,"column":25}},"26":{"start":{"line":60,"column":8},"end":{"line":63,"column":null}},"27":{"start":{"line":61,"column":12},"end":{"line":61,"column":42}},"28":{"start":{"line":62,"column":12},"end":{"line":62,"column":25}},"29":{"start":{"line":66,"column":37},"end":{"line":66,"column":127}},"30":{"start":{"line":67,"column":8},"end":{"line":70,"column":null}},"31":{"start":{"line":68,"column":12},"end":{"line":68,"column":72}},"32":{"start":{"line":69,"column":12},"end":{"line":69,"column":25}},"33":{"start":{"line":73,"column":30},"end":{"line":77,"column":null}},"34":{"start":{"line":79,"column":8},"end":{"line":82,"column":null}},"35":{"start":{"line":80,"column":12},"end":{"line":80,"column":54}},"36":{"start":{"line":81,"column":12},"end":{"line":81,"column":25}},"37":{"start":{"line":86,"column":8},"end":{"line":97,"column":null}},"38":{"start":{"line":95,"column":12},"end":{"line":95,"column":45}},"39":{"start":{"line":96,"column":12},"end":{"line":96,"column":25}},"40":{"start":{"line":100,"column":8},"end":{"line":100,"column":130}},"41":{"start":{"line":104,"column":8},"end":{"line":104,"column":80}},"42":{"start":{"line":105,"column":8},"end":{"line":105,"column":62}},"43":{"start":{"line":106,"column":8},"end":{"line":106,"column":80}},"44":{"start":{"line":107,"column":8},"end":{"line":107,"column":55}},"45":{"start":{"line":110,"column":8},"end":{"line":110,"column":87}},"46":{"start":{"line":112,"column":8},"end":{"line":112,"column":20}},"47":{"start":{"line":116,"column":8},"end":{"line":116,"column":39}},"48":{"start":{"line":117,"column":8},"end":{"line":117,"column":28}},"49":{"start":{"line":11,"column":0},"end":{"line":11,"column":21}}},"fnMap":{"0":{"name":"(anonymous_1)","decl":{"start":{"line":17,"column":4},"end":{"line":17,"column":null}},"loc":{"start":{"line":18,"column":34},"end":{"line":19,"column":8}}},"1":{"name":"(anonymous_2)","decl":{"start":{"line":21,"column":4},"end":{"line":21,"column":13}},"loc":{"start":{"line":21,"column":13},"end":{"line":23,"column":5}}},"2":{"name":"(anonymous_3)","decl":{"start":{"line":25,"column":4},"end":{"line":25,"column":9}},"loc":{"start":{"line":25,"column":9},"end":{"line":28,"column":5}}},"3":{"name":"(anonymous_4)","decl":{"start":{"line":30,"column":4},"end":{"line":30,"column":8}},"loc":{"start":{"line":30,"column":49},"end":{"line":113,"column":5}}},"4":{"name":"(anonymous_5)","decl":{"start":{"line":31,"column":60},"end":{"line":31,"column":62}},"loc":{"start":{"line":32,"column":12},"end":{"line":32,"column":66}}},"5":{"name":"(anonymous_6)","decl":{"start":{"line":35,"column":67},"end":{"line":35,"column":70}},"loc":{"start":{"line":36,"column":12},"end":{"line":38,"column":90}}},"6":{"name":"(anonymous_7)","decl":{"start":{"line":41,"column":66},"end":{"line":41,"column":69}},"loc":{"start":{"line":42,"column":13},"end":{"line":42,"column":89}}},"7":{"name":"(anonymous_8)","decl":{"start":{"line":115,"column":4},"end":{"line":115,"column":11}},"loc":{"start":{"line":115,"column":11},"end":{"line":118,"column":5}}}},"branchMap":{"0":{"loc":{"start":{"line":36,"column":12},"end":{"line":38,"column":90}},"type":"binary-expr","locations":[{"start":{"line":36,"column":12},"end":{"line":36,"column":90}},{"start":{"line":38,"column":12},"end":{"line":38,"column":90}}]},"1":{"loc":{"start":{"line":42,"column":13},"end":{"line":42,"column":89}},"type":"binary-expr","locations":[{"start":{"line":42,"column":13},"end":{"line":42,"column":49}},{"start":{"line":42,"column":53},"end":{"line":42,"column":89}}]},"2":{"loc":{"start":{"line":48,"column":8},"end":{"line":51,"column":null}},"type":"if","locations":[{"start":{"line":48,"column":8},"end":{"line":51,"column":null}}]},"3":{"loc":{"start":{"line":48,"column":11},"end":{"line":48,"column":86}},"type":"binary-expr","locations":[{"start":{"line":48,"column":11},"end":{"line":48,"column":45}},{"start":{"line":48,"column":49},"end":{"line":48,"column":86}}]},"4":{"loc":{"start":{"line":54,"column":8},"end":{"line":57,"column":null}},"type":"if","locations":[{"start":{"line":54,"column":8},"end":{"line":57,"column":null}}]},"5":{"loc":{"start":{"line":60,"column":8},"end":{"line":63,"column":null}},"type":"if","locations":[{"start":{"line":60,"column":8},"end":{"line":63,"column":null}}]},"6":{"loc":{"start":{"line":67,"column":8},"end":{"line":70,"column":null}},"type":"if","locations":[{"start":{"line":67,"column":8},"end":{"line":70,"column":null}}]},"7":{"loc":{"start":{"line":79,"column":8},"end":{"line":82,"column":null}},"type":"if","locations":[{"start":{"line":79,"column":8},"end":{"line":82,"column":null}}]},"8":{"loc":{"start":{"line":86,"column":8},"end":{"line":97,"column":null}},"type":"if","locations":[{"start":{"line":86,"column":8},"end":{"line":97,"column":null}}]}},"s":{"0":1,"1":1,"2":1,"3":1,"4":1,"5":1,"6":1,"7":1,"8":1,"9":1,"10":0,"11":1,"12":1,"13":14,"14":192,"15":14,"16":308,"17":14,"18":361,"19":14,"20":14,"21":0,"22":0,"23":14,"24":0,"25":0,"26":14,"27":1,"28":1,"29":13,"30":13,"31":1,"32":1,"33":12,"34":12,"35":3,"36":3,"37":9,"38":1,"39":1,"40":8,"41":8,"42":8,"43":8,"44":8,"45":8,"46":8,"47":0,"48":0,"49":1},"f":{"0":1,"1":0,"2":1,"3":14,"4":192,"5":308,"6":361,"7":0},"b":{"0":[308,46],"1":[361,53],"2":[0],"3":[14,14],"4":[0],"5":[1],"6":[1],"7":[3],"8":[1]}}
,"C:\\Users\\Usuario\\Desktop\\BOOTCAMP\\BACKEND\\GITHUB\\ONION-CHESS\\src\\core\\Domain\\Logic\\Populator.ts": {"path":"C:\\Users\\Usuario\\Desktop\\BOOTCAMP\\BACKEND\\GITHUB\\ONION-CHESS\\src\\core\\Domain\\Logic\\Populator.ts","statementMap":{"0":{"start":{"line":1,"column":0},"end":{"line":1,"column":33}},"1":{"start":{"line":2,"column":0},"end":{"line":2,"column":37}},"2":{"start":{"line":3,"column":0},"end":{"line":3,"column":37}},"3":{"start":{"line":4,"column":0},"end":{"line":4,"column":33}},"4":{"start":{"line":5,"column":0},"end":{"line":5,"column":35}},"5":{"start":{"line":6,"column":0},"end":{"line":6,"column":33}},"6":{"start":{"line":7,"column":0},"end":{"line":7,"column":34}},"7":{"start":{"line":14,"column":8},"end":{"line":14,"column":46}},"8":{"start":{"line":15,"column":8},"end":{"line":15,"column":65}},"9":{"start":{"line":19,"column":8},"end":{"line":19,"column":27}},"10":{"start":{"line":20,"column":8},"end":{"line":20,"column":30}},"11":{"start":{"line":21,"column":8},"end":{"line":21,"column":38}},"12":{"start":{"line":22,"column":8},"end":{"line":22,"column":38}},"13":{"start":{"line":23,"column":8},"end":{"line":23,"column":32}},"14":{"start":{"line":27,"column":8},"end":{"line":31,"column":null}},"15":{"start":{"line":27,"column":20},"end":{"line":27,"column":21}},"16":{"start":{"line":28,"column":12},"end":{"line":30,"column":15}},"17":{"start":{"line":29,"column":16},"end":{"line":29,"column":70}},"18":{"start":{"line":36,"column":8},"end":{"line":36,"column":73}},"19":{"start":{"line":37,"column":8},"end":{"line":37,"column":50}},"20":{"start":{"line":39,"column":8},"end":{"line":39,"column":75}},"21":{"start":{"line":40,"column":8},"end":{"line":40,"column":50}},"22":{"start":{"line":42,"column":8},"end":{"line":42,"column":75}},"23":{"start":{"line":43,"column":8},"end":{"line":43,"column":50}},"24":{"start":{"line":45,"column":8},"end":{"line":45,"column":74}},"25":{"start":{"line":46,"column":8},"end":{"line":46,"column":50}},"26":{"start":{"line":48,"column":8},"end":{"line":48,"column":73}},"27":{"start":{"line":49,"column":8},"end":{"line":49,"column":50}},"28":{"start":{"line":51,"column":8},"end":{"line":51,"column":75}},"29":{"start":{"line":52,"column":8},"end":{"line":52,"column":50}},"30":{"start":{"line":54,"column":8},"end":{"line":54,"column":75}},"31":{"start":{"line":55,"column":8},"end":{"line":55,"column":50}},"32":{"start":{"line":57,"column":8},"end":{"line":57,"column":73}},"33":{"start":{"line":58,"column":8},"end":{"line":58,"column":50}},"34":{"start":{"line":60,"column":8},"end":{"line":60,"column":73}},"35":{"start":{"line":61,"column":8},"end":{"line":61,"column":50}},"36":{"start":{"line":63,"column":8},"end":{"line":63,"column":74}},"37":{"start":{"line":64,"column":8},"end":{"line":64,"column":50}},"38":{"start":{"line":66,"column":8},"end":{"line":66,"column":75}},"39":{"start":{"line":67,"column":8},"end":{"line":67,"column":51}},"40":{"start":{"line":69,"column":8},"end":{"line":69,"column":75}},"41":{"start":{"line":70,"column":8},"end":{"line":70,"column":51}},"42":{"start":{"line":72,"column":8},"end":{"line":72,"column":75}},"43":{"start":{"line":73,"column":8},"end":{"line":73,"column":51}},"44":{"start":{"line":75,"column":8},"end":{"line":75,"column":75}},"45":{"start":{"line":76,"column":8},"end":{"line":76,"column":51}},"46":{"start":{"line":78,"column":8},"end":{"line":78,"column":75}},"47":{"start":{"line":79,"column":8},"end":{"line":79,"column":51}},"48":{"start":{"line":81,"column":8},"end":{"line":81,"column":75}},"49":{"start":{"line":82,"column":8},"end":{"line":82,"column":51}},"50":{"start":{"line":85,"column":8},"end":{"line":85,"column":74}},"51":{"start":{"line":86,"column":8},"end":{"line":86,"column":51}},"52":{"start":{"line":88,"column":8},"end":{"line":88,"column":76}},"53":{"start":{"line":89,"column":8},"end":{"line":89,"column":51}},"54":{"start":{"line":91,"column":8},"end":{"line":91,"column":76}},"55":{"start":{"line":92,"column":8},"end":{"line":92,"column":51}},"56":{"start":{"line":94,"column":8},"end":{"line":94,"column":75}},"57":{"start":{"line":95,"column":8},"end":{"line":95,"column":51}},"58":{"start":{"line":97,"column":8},"end":{"line":97,"column":74}},"59":{"start":{"line":98,"column":8},"end":{"line":98,"column":51}},"60":{"start":{"line":100,"column":8},"end":{"line":100,"column":76}},"61":{"start":{"line":101,"column":8},"end":{"line":101,"column":51}},"62":{"start":{"line":103,"column":8},"end":{"line":103,"column":76}},"63":{"start":{"line":104,"column":8},"end":{"line":104,"column":51}},"64":{"start":{"line":106,"column":8},"end":{"line":106,"column":74}},"65":{"start":{"line":107,"column":8},"end":{"line":107,"column":51}},"66":{"start":{"line":109,"column":8},"end":{"line":109,"column":74}},"67":{"start":{"line":110,"column":8},"end":{"line":110,"column":51}},"68":{"start":{"line":112,"column":8},"end":{"line":112,"column":75}},"69":{"start":{"line":113,"column":8},"end":{"line":113,"column":51}},"70":{"start":{"line":115,"column":8},"end":{"line":115,"column":75}},"71":{"start":{"line":116,"column":8},"end":{"line":116,"column":51}},"72":{"start":{"line":118,"column":8},"end":{"line":118,"column":75}},"73":{"start":{"line":119,"column":8},"end":{"line":119,"column":51}},"74":{"start":{"line":121,"column":8},"end":{"line":121,"column":75}},"75":{"start":{"line":122,"column":8},"end":{"line":122,"column":51}},"76":{"start":{"line":124,"column":8},"end":{"line":124,"column":75}},"77":{"start":{"line":125,"column":8},"end":{"line":125,"column":51}},"78":{"start":{"line":127,"column":8},"end":{"line":127,"column":75}},"79":{"start":{"line":128,"column":8},"end":{"line":128,"column":51}},"80":{"start":{"line":130,"column":8},"end":{"line":130,"column":75}},"81":{"start":{"line":131,"column":8},"end":{"line":131,"column":51}},"82":{"start":{"line":12,"column":0},"end":{"line":12,"column":21}}},"fnMap":{"0":{"name":"(anonymous_1)","decl":{"start":{"line":13,"column":4},"end":{"line":13,"column":10}},"loc":{"start":{"line":13,"column":38},"end":{"line":16,"column":5}}},"1":{"name":"(anonymous_2)","decl":{"start":{"line":18,"column":4},"end":{"line":18,"column":10}},"loc":{"start":{"line":18,"column":37},"end":{"line":24,"column":5}}},"2":{"name":"(anonymous_3)","decl":{"start":{"line":26,"column":4},"end":{"line":26,"column":10}},"loc":{"start":{"line":26,"column":42},"end":{"line":32,"column":5}}},"3":{"name":"(anonymous_4)","decl":{"start":{"line":28,"column":54},"end":{"line":28,"column":58}},"loc":{"start":{"line":28,"column":61},"end":{"line":30,"column":13}}},"4":{"name":"(anonymous_5)","decl":{"start":{"line":34,"column":4},"end":{"line":34,"column":10}},"loc":{"start":{"line":34,"column":63},"end":{"line":132,"column":5}}}},"branchMap":{},"s":{"0":1,"1":1,"2":1,"3":1,"4":1,"5":1,"6":1,"7":1,"8":1,"9":0,"10":0,"11":0,"12":0,"13":0,"14":1,"15":1,"16":8,"17":64,"18":1,"19":1,"20":1,"21":1,"22":1,"23":1,"24":1,"25":1,"26":1,"27":1,"28":1,"29":1,"30":1,"31":1,"32":1,"33":1,"34":1,"35":1,"36":1,"37":1,"38":1,"39":1,"40":1,"41":1,"42":1,"43":1,"44":1,"45":1,"46":1,"47":1,"48":1,"49":1,"50":1,"51":1,"52":1,"53":1,"54":1,"55":1,"56":1,"57":1,"58":1,"59":1,"60":1,"61":1,"62":1,"63":1,"64":1,"65":1,"66":1,"67":1,"68":1,"69":1,"70":1,"71":1,"72":1,"73":1,"74":1,"75":1,"76":1,"77":1,"78":1,"79":1,"80":1,"81":1,"82":1},"f":{"0":1,"1":0,"2":1,"3":64,"4":1},"b":{}}
,"C:\\Users\\Usuario\\Desktop\\BOOTCAMP\\BACKEND\\GITHUB\\ONION-CHESS\\src\\core\\Domain\\Logic\\Position.ts": {"path":"C:\\Users\\Usuario\\Desktop\\BOOTCAMP\\BACKEND\\GITHUB\\ONION-CHESS\\src\\core\\Domain\\Logic\\Position.ts","statementMap":{"0":{"start":{"line":10,"column":16},"end":{"line":10,"column":26}},"1":{"start":{"line":11,"column":16},"end":{"line":11,"column":26}},"2":{"start":{"line":4,"column":12},"end":{"line":7,"column":6}},"3":{"start":{"line":15,"column":8},"end":{"line":15,"column":25}},"4":{"start":{"line":19,"column":8},"end":{"line":19,"column":25}},"5":{"start":{"line":23,"column":8},"end":{"line":23,"column":26}},"6":{"start":{"line":27,"column":8},"end":{"line":27,"column":26}},"7":{"start":{"line":31,"column":8},"end":{"line":31,"column":27}},"8":{"start":{"line":35,"column":8},"end":{"line":35,"column":32}},"9":{"start":{"line":39,"column":8},"end":{"line":39,"column":36}},"10":{"start":{"line":3,"column":0},"end":{"line":3,"column":21}}},"fnMap":{"0":{"name":"(anonymous_0)","decl":{"start":{"line":9,"column":4},"end":{"line":9,"column":null}},"loc":{"start":{"line":11,"column":26},"end":{"line":12,"column":8}}},"1":{"name":"(anonymous_1)","decl":{"start":{"line":14,"column":4},"end":{"line":14,"column":11}},"loc":{"start":{"line":14,"column":11},"end":{"line":16,"column":5}}},"2":{"name":"(anonymous_2)","decl":{"start":{"line":18,"column":4},"end":{"line":18,"column":11}},"loc":{"start":{"line":18,"column":11},"end":{"line":20,"column":5}}},"3":{"name":"(anonymous_3)","decl":{"start":{"line":22,"column":4},"end":{"line":22,"column":15}},"loc":{"start":{"line":22,"column":15},"end":{"line":24,"column":5}}},"4":{"name":"(anonymous_4)","decl":{"start":{"line":26,"column":4},"end":{"line":26,"column":12}},"loc":{"start":{"line":26,"column":12},"end":{"line":28,"column":5}}},"5":{"name":"(anonymous_5)","decl":{"start":{"line":30,"column":4},"end":{"line":30,"column":12}},"loc":{"start":{"line":30,"column":33},"end":{"line":32,"column":5}}},"6":{"name":"(anonymous_6)","decl":{"start":{"line":34,"column":4},"end":{"line":34,"column":25}},"loc":{"start":{"line":34,"column":40},"end":{"line":36,"column":5}}},"7":{"name":"(anonymous_7)","decl":{"start":{"line":38,"column":4},"end":{"line":38,"column":19}},"loc":{"start":{"line":38,"column":33},"end":{"line":40,"column":5}}}},"branchMap":{},"s":{"0":125,"1":125,"2":125,"3":479731,"4":127085,"5":0,"6":5042,"7":0,"8":66,"9":1480,"10":7},"f":{"0":125,"1":479731,"2":127085,"3":0,"4":5042,"5":0,"6":66,"7":1480},"b":{}}
,"C:\\Users\\Usuario\\Desktop\\BOOTCAMP\\BACKEND\\GITHUB\\ONION-CHESS\\src\\core\\Domain\\Logic\\Pieces\\Bishop.ts": {"path":"C:\\Users\\Usuario\\Desktop\\BOOTCAMP\\BACKEND\\GITHUB\\ONION-CHESS\\src\\core\\Domain\\Logic\\Pieces\\Bishop.ts","statementMap":{"0":{"start":{"line":1,"column":0},"end":{"line":1,"column":42}},"1":{"start":{"line":7,"column":8},"end":{"line":7,"column":41}},"2":{"start":{"line":11,"column":31},"end":{"line":12,"column":94}},"3":{"start":{"line":14,"column":29},"end":{"line":14,"column":123}},"4":{"start":{"line":16,"column":8},"end":{"line":16,"column":46}},"5":{"start":{"line":5,"column":0},"end":{"line":5,"column":21}}},"fnMap":{"0":{"name":"(anonymous_1)","decl":{"start":{"line":6,"column":4},"end":{"line":6,"column":16}},"loc":{"start":{"line":6,"column":51},"end":{"line":8,"column":5}}},"1":{"name":"(anonymous_2)","decl":{"start":{"line":10,"column":4},"end":{"line":10,"column":13}},"loc":{"start":{"line":10,"column":32},"end":{"line":17,"column":5}}}},"branchMap":{"0":{"loc":{"start":{"line":14,"column":29},"end":{"line":14,"column":123}},"type":"binary-expr","locations":[{"start":{"line":14,"column":29},"end":{"line":14,"column":74}},{"start":{"line":14,"column":78},"end":{"line":14,"column":123}}]},"1":{"loc":{"start":{"line":16,"column":15},"end":{"line":16,"column":45}},"type":"binary-expr","locations":[{"start":{"line":16,"column":15},"end":{"line":16,"column":29}},{"start":{"line":16,"column":33},"end":{"line":16,"column":45}}]}},"s":{"0":2,"1":5,"2":6630,"3":6630,"4":6630,"5":2},"f":{"0":5,"1":6630},"b":{"0":[6630,545],"1":[6630,1024]}}
,"C:\\Users\\Usuario\\Desktop\\BOOTCAMP\\BACKEND\\GITHUB\\ONION-CHESS\\src\\core\\Domain\\Logic\\Pieces\\King.ts": {"path":"C:\\Users\\Usuario\\Desktop\\BOOTCAMP\\BACKEND\\GITHUB\\ONION-CHESS\\src\\core\\Domain\\Logic\\Pieces\\King.ts","statementMap":{"0":{"start":{"line":1,"column":0},"end":{"line":1,"column":42}},"1":{"start":{"line":9,"column":8},"end":{"line":9,"column":44}},"2":{"start":{"line":6,"column":12},"end":{"line":6,"column":38}},"3":{"start":{"line":13,"column":8},"end":{"line":13,"column":26}},"4":{"start":{"line":17,"column":29},"end":{"line":17,"column":123}},"5":{"start":{"line":19,"column":29},"end":{"line":20,"column":108}},"6":{"start":{"line":22,"column":8},"end":{"line":22,"column":44}},"7":{"start":{"line":5,"column":0},"end":{"line":5,"column":21}}},"fnMap":{"0":{"name":"(anonymous_1)","decl":{"start":{"line":8,"column":4},"end":{"line":8,"column":16}},"loc":{"start":{"line":8,"column":51},"end":{"line":10,"column":5}}},"1":{"name":"(anonymous_2)","decl":{"start":{"line":12,"column":4},"end":{"line":12,"column":12}},"loc":{"start":{"line":12,"column":12},"end":{"line":14,"column":5}}},"2":{"name":"(anonymous_3)","decl":{"start":{"line":16,"column":4},"end":{"line":16,"column":13}},"loc":{"start":{"line":16,"column":32},"end":{"line":23,"column":5}}}},"branchMap":{"0":{"loc":{"start":{"line":17,"column":29},"end":{"line":17,"column":123}},"type":"binary-expr","locations":[{"start":{"line":17,"column":29},"end":{"line":17,"column":74}},{"start":{"line":17,"column":78},"end":{"line":17,"column":123}}]},"1":{"loc":{"start":{"line":19,"column":29},"end":{"line":20,"column":108}},"type":"binary-expr","locations":[{"start":{"line":19,"column":29},"end":{"line":19,"column":88}},{"start":{"line":20,"column":11},"end":{"line":20,"column":108}}]},"2":{"loc":{"start":{"line":22,"column":15},"end":{"line":22,"column":43}},"type":"binary-expr","locations":[{"start":{"line":22,"column":15},"end":{"line":22,"column":27}},{"start":{"line":22,"column":31},"end":{"line":22,"column":43}}]}},"s":{"0":2,"1":3,"2":3,"3":0,"4":2377,"5":2377,"6":2377,"7":2},"f":{"0":3,"1":0,"2":2377},"b":{"0":[2377,350],"1":[2377,744],"2":[2377,489]}}
,"C:\\Users\\Usuario\\Desktop\\BOOTCAMP\\BACKEND\\GITHUB\\ONION-CHESS\\src\\core\\Domain\\Logic\\Pieces\\Knight.ts": {"path":"C:\\Users\\Usuario\\Desktop\\BOOTCAMP\\BACKEND\\GITHUB\\ONION-CHESS\\src\\core\\Domain\\Logic\\Pieces\\Knight.ts","statementMap":{"0":{"start":{"line":1,"column":0},"end":{"line":1,"column":42}},"1":{"start":{"line":7,"column":8},"end":{"line":7,"column":41}},"2":{"start":{"line":11,"column":31},"end":{"line":14,"column":107}},"3":{"start":{"line":16,"column":29},"end":{"line":16,"column":123}},"4":{"start":{"line":18,"column":8},"end":{"line":18,"column":46}},"5":{"start":{"line":5,"column":0},"end":{"line":5,"column":21}}},"fnMap":{"0":{"name":"(anonymous_1)","decl":{"start":{"line":6,"column":4},"end":{"line":6,"column":16}},"loc":{"start":{"line":6,"column":51},"end":{"line":8,"column":5}}},"1":{"name":"(anonymous_2)","decl":{"start":{"line":10,"column":4},"end":{"line":10,"column":13}},"loc":{"start":{"line":10,"column":32},"end":{"line":19,"column":5}}}},"branchMap":{"0":{"loc":{"start":{"line":11,"column":34},"end":{"line":12,"column":99}},"type":"binary-expr","locations":[{"start":{"line":11,"column":34},"end":{"line":11,"column":94}},{"start":{"line":12,"column":11},"end":{"line":12,"column":99}}]},"1":{"loc":{"start":{"line":13,"column":12},"end":{"line":14,"column":99}},"type":"binary-expr","locations":[{"start":{"line":13,"column":12},"end":{"line":13,"column":72}},{"start":{"line":14,"column":11},"end":{"line":14,"column":99}}]},"2":{"loc":{"start":{"line":16,"column":29},"end":{"line":16,"column":123}},"type":"binary-expr","locations":[{"start":{"line":16,"column":29},"end":{"line":16,"column":74}},{"start":{"line":16,"column":78},"end":{"line":16,"column":123}}]},"3":{"loc":{"start":{"line":18,"column":15},"end":{"line":18,"column":45}},"type":"binary-expr","locations":[{"start":{"line":18,"column":15},"end":{"line":18,"column":29}},{"start":{"line":18,"column":33},"end":{"line":18,"column":45}}]}},"s":{"0":2,"1":5,"2":5294,"3":5294,"4":5294,"5":2},"f":{"0":5,"1":5294},"b":{"0":[5294,828],"1":[5294,1408],"2":[5294,545],"3":[5294,386]}}
,"C:\\Users\\Usuario\\Desktop\\BOOTCAMP\\BACKEND\\GITHUB\\ONION-CHESS\\src\\core\\Domain\\Logic\\Pieces\\Pawn.ts": {"path":"C:\\Users\\Usuario\\Desktop\\BOOTCAMP\\BACKEND\\GITHUB\\ONION-CHESS\\src\\core\\Domain\\Logic\\Pieces\\Pawn.ts","statementMap":{"0":{"start":{"line":1,"column":0},"end":{"line":1,"column":42}},"1":{"start":{"line":7,"column":8},"end":{"line":7,"column":39}},"2":{"start":{"line":11,"column":29},"end":{"line":11,"column":123}},"3":{"start":{"line":13,"column":8},"end":{"line":69,"column":null}},"4":{"start":{"line":14,"column":12},"end":{"line":40,"column":null}},"5":{"start":{"line":15,"column":16},"end":{"line":29,"column":34}},"6":{"start":{"line":31,"column":16},"end":{"line":39,"column":34}},"7":{"start":{"line":42,"column":12},"end":{"line":68,"column":null}},"8":{"start":{"line":43,"column":16},"end":{"line":57,"column":34}},"9":{"start":{"line":59,"column":16},"end":{"line":67,"column":34}},"10":{"start":{"line":74,"column":8},"end":{"line":77,"column":null}},"11":{"start":{"line":75,"column":12},"end":{"line":75,"column":44}},"12":{"start":{"line":76,"column":12},"end":{"line":76,"column":25}},"13":{"start":{"line":78,"column":8},"end":{"line":84,"column":null}},"14":{"start":{"line":79,"column":12},"end":{"line":80,"column":99}},"15":{"start":{"line":82,"column":12},"end":{"line":83,"column":99}},"16":{"start":{"line":5,"column":0},"end":{"line":5,"column":21}}},"fnMap":{"0":{"name":"(anonymous_1)","decl":{"start":{"line":6,"column":4},"end":{"line":6,"column":16}},"loc":{"start":{"line":6,"column":51},"end":{"line":8,"column":5}}},"1":{"name":"(anonymous_2)","decl":{"start":{"line":10,"column":4},"end":{"line":10,"column":13}},"loc":{"start":{"line":10,"column":32},"end":{"line":71,"column":5}}},"2":{"name":"(anonymous_3)","decl":{"start":{"line":73,"column":4},"end":{"line":73,"column":12}},"loc":{"start":{"line":73,"column":31},"end":{"line":85,"column":5}}}},"branchMap":{"0":{"loc":{"start":{"line":11,"column":29},"end":{"line":11,"column":123}},"type":"binary-expr","locations":[{"start":{"line":11,"column":29},"end":{"line":11,"column":74}},{"start":{"line":11,"column":78},"end":{"line":11,"column":123}}]},"1":{"loc":{"start":{"line":13,"column":8},"end":{"line":69,"column":null}},"type":"if","locations":[{"start":{"line":13,"column":8},"end":{"line":69,"column":null}},{"start":{"line":41,"column":15},"end":{"line":69,"column":null}}]},"2":{"loc":{"start":{"line":14,"column":12},"end":{"line":40,"column":null}},"type":"if","locations":[{"start":{"line":14,"column":12},"end":{"line":40,"column":null}},{"start":{"line":30,"column":19},"end":{"line":40,"column":null}}]},"3":{"loc":{"start":{"line":15,"column":23},"end":{"line":29,"column":33}},"type":"binary-expr","locations":[{"start":{"line":17,"column":24},"end":{"line":17,"column":74}},{"start":{"line":19,"column":24},"end":{"line":19,"column":102}},{"start":{"line":23,"column":24},"end":{"line":23,"column":74}},{"start":{"line":25,"column":24},"end":{"line":25,"column":102}},{"start":{"line":28,"column":20},"end":{"line":28,"column":43}},{"start":{"line":29,"column":21},"end":{"line":29,"column":33}}]},"4":{"loc":{"start":{"line":31,"column":23},"end":{"line":39,"column":33}},"type":"binary-expr","locations":[{"start":{"line":33,"column":24},"end":{"line":33,"column":74}},{"start":{"line":35,"column":24},"end":{"line":35,"column":102}},{"start":{"line":38,"column":20},"end":{"line":38,"column":43}},{"start":{"line":39,"column":21},"end":{"line":39,"column":33}}]},"5":{"loc":{"start":{"line":42,"column":12},"end":{"line":68,"column":null}},"type":"if","locations":[{"start":{"line":42,"column":12},"end":{"line":68,"column":null}},{"start":{"line":58,"column":19},"end":{"line":68,"column":null}}]},"6":{"loc":{"start":{"line":43,"column":23},"end":{"line":57,"column":33}},"type":"binary-expr","locations":[{"start":{"line":45,"column":24},"end":{"line":45,"column":75}},{"start":{"line":47,"column":24},"end":{"line":47,"column":102}},{"start":{"line":51,"column":24},"end":{"line":51,"column":75}},{"start":{"line":53,"column":24},"end":{"line":53,"column":102}},{"start":{"line":56,"column":20},"end":{"line":56,"column":43}},{"start":{"line":57,"column":21},"end":{"line":57,"column":33}}]},"7":{"loc":{"start":{"line":59,"column":23},"end":{"line":67,"column":33}},"type":"binary-expr","locations":[{"start":{"line":61,"column":24},"end":{"line":61,"column":75}},{"start":{"line":63,"column":24},"end":{"line":63,"column":102}},{"start":{"line":66,"column":20},"end":{"line":66,"column":43}},{"start":{"line":67,"column":21},"end":{"line":67,"column":33}}]},"8":{"loc":{"start":{"line":74,"column":8},"end":{"line":77,"column":null}},"type":"if","locations":[{"start":{"line":74,"column":8},"end":{"line":77,"column":null}}]},"9":{"loc":{"start":{"line":78,"column":8},"end":{"line":84,"column":null}},"type":"if","locations":[{"start":{"line":78,"column":8},"end":{"line":84,"column":null}},{"start":{"line":81,"column":15},"end":{"line":84,"column":null}}]},"10":{"loc":{"start":{"line":79,"column":19},"end":{"line":80,"column":98}},"type":"binary-expr","locations":[{"start":{"line":79,"column":19},"end":{"line":79,"column":69}},{"start":{"line":80,"column":15},"end":{"line":80,"column":98}}]},"11":{"loc":{"start":{"line":82,"column":19},"end":{"line":83,"column":98}},"type":"binary-expr","locations":[{"start":{"line":82,"column":19},"end":{"line":82,"column":70}},{"start":{"line":83,"column":15},"end":{"line":83,"column":98}}]}},"s":{"0":2,"1":17,"2":16,"3":16,"4":13,"5":11,"6":2,"7":3,"8":3,"9":0,"10":5,"11":4,"12":4,"13":1,"14":1,"15":0,"16":2},"f":{"0":17,"1":16,"2":5},"b":{"0":[16,2],"1":[13,3],"2":[11,2],"3":[11,5,6,2,4,7],"4":[2,1,1,1],"5":[3,0],"6":[3,2,1,1,0,3],"7":[0,0,0,0],"8":[4],"9":[1,0],"10":[1,0],"11":[0,0]}}
,"C:\\Users\\Usuario\\Desktop\\BOOTCAMP\\BACKEND\\GITHUB\\ONION-CHESS\\src\\core\\Domain\\Logic\\Pieces\\Queen.ts": {"path":"C:\\Users\\Usuario\\Desktop\\BOOTCAMP\\BACKEND\\GITHUB\\ONION-CHESS\\src\\core\\Domain\\Logic\\Pieces\\Queen.ts","statementMap":{"0":{"start":{"line":1,"column":0},"end":{"line":1,"column":42}},"1":{"start":{"line":7,"column":8},"end":{"line":7,"column":40}},"2":{"start":{"line":11,"column":31},"end":{"line":12,"column":89}},"3":{"start":{"line":14,"column":29},"end":{"line":15,"column":97}},"4":{"start":{"line":17,"column":29},"end":{"line":17,"column":123}},"5":{"start":{"line":19,"column":8},"end":{"line":19,"column":71}},"6":{"start":{"line":5,"column":0},"end":{"line":5,"column":21}}},"fnMap":{"0":{"name":"(anonymous_1)","decl":{"start":{"line":6,"column":4},"end":{"line":6,"column":16}},"loc":{"start":{"line":6,"column":51},"end":{"line":8,"column":5}}},"1":{"name":"(anonymous_2)","decl":{"start":{"line":10,"column":4},"end":{"line":10,"column":13}},"loc":{"start":{"line":10,"column":32},"end":{"line":20,"column":5}}}},"branchMap":{"0":{"loc":{"start":{"line":17,"column":29},"end":{"line":17,"column":123}},"type":"binary-expr","locations":[{"start":{"line":17,"column":29},"end":{"line":17,"column":74}},{"start":{"line":17,"column":78},"end":{"line":17,"column":123}}]},"1":{"loc":{"start":{"line":19,"column":15},"end":{"line":19,"column":70}},"type":"binary-expr","locations":[{"start":{"line":19,"column":15},"end":{"line":19,"column":54}},{"start":{"line":19,"column":58},"end":{"line":19,"column":70}}]}},"s":{"0":2,"1":3,"2":3254,"3":3254,"4":3254,"5":3254,"6":2},"f":{"0":3,"1":3254},"b":{"0":[3254,444],"1":[3254,1379]}}
,"C:\\Users\\Usuario\\Desktop\\BOOTCAMP\\BACKEND\\GITHUB\\ONION-CHESS\\src\\core\\Domain\\Logic\\Pieces\\Rook.ts": {"path":"C:\\Users\\Usuario\\Desktop\\BOOTCAMP\\BACKEND\\GITHUB\\ONION-CHESS\\src\\core\\Domain\\Logic\\Pieces\\Rook.ts","statementMap":{"0":{"start":{"line":1,"column":0},"end":{"line":1,"column":42}},"1":{"start":{"line":7,"column":8},"end":{"line":7,"column":39}},"2":{"start":{"line":11,"column":29},"end":{"line":11,"column":123}},"3":{"start":{"line":13,"column":29},"end":{"line":14,"column":89}},"4":{"start":{"line":16,"column":8},"end":{"line":16,"column":44}},"5":{"start":{"line":5,"column":0},"end":{"line":5,"column":21}}},"fnMap":{"0":{"name":"(anonymous_1)","decl":{"start":{"line":6,"column":4},"end":{"line":6,"column":16}},"loc":{"start":{"line":6,"column":50},"end":{"line":8,"column":5}}},"1":{"name":"(anonymous_2)","decl":{"start":{"line":10,"column":4},"end":{"line":10,"column":13}},"loc":{"start":{"line":10,"column":32},"end":{"line":17,"column":5}}}},"branchMap":{"0":{"loc":{"start":{"line":11,"column":29},"end":{"line":11,"column":123}},"type":"binary-expr","locations":[{"start":{"line":11,"column":29},"end":{"line":11,"column":74}},{"start":{"line":11,"column":78},"end":{"line":11,"column":123}}]},"1":{"loc":{"start":{"line":13,"column":29},"end":{"line":14,"column":89}},"type":"binary-expr","locations":[{"start":{"line":13,"column":29},"end":{"line":13,"column":79}},{"start":{"line":14,"column":11},"end":{"line":14,"column":89}}]},"2":{"loc":{"start":{"line":16,"column":15},"end":{"line":16,"column":43}},"type":"binary-expr","locations":[{"start":{"line":16,"column":15},"end":{"line":16,"column":27}},{"start":{"line":16,"column":31},"end":{"line":16,"column":43}}]}},"s":{"0":2,"1":5,"2":5530,"3":5530,"4":5530,"5":2},"f":{"0":5,"1":5530},"b":{"0":[5530,1020],"1":[5530,4510],"2":[5530,2197]}}
,"C:\\Users\\Usuario\\Desktop\\BOOTCAMP\\BACKEND\\GITHUB\\ONION-CHESS\\src\\core\\Domain\\Logic\\Restrictions\\BlockingRestriction.ts": {"path":"C:\\Users\\Usuario\\Desktop\\BOOTCAMP\\BACKEND\\GITHUB\\ONION-CHESS\\src\\core\\Domain\\Logic\\Restrictions\\BlockingRestriction.ts","statementMap":{"0":{"start":{"line":5,"column":0},"end":{"line":5,"column":45}},"1":{"start":{"line":8,"column":4},"end":{"line":8,"column":53}},"2":{"start":{"line":9,"column":4},"end":{"line":9,"column":32}},"3":{"start":{"line":12,"column":8},"end":{"line":12,"column":98}},"4":{"start":{"line":14,"column":8},"end":{"line":16,"column":null}},"5":{"start":{"line":15,"column":12},"end":{"line":15,"column":24}},"6":{"start":{"line":18,"column":8},"end":{"line":18,"column":21}},"7":{"start":{"line":7,"column":0},"end":{"line":7,"column":21}}},"fnMap":{"0":{"name":"(anonymous_1)","decl":{"start":{"line":7,"column":0},"end":{"line":7,"column":21}},"loc":{"start":{"line":7,"column":0},"end":{"line":20,"column":1}}},"1":{"name":"(anonymous_2)","decl":{"start":{"line":11,"column":4},"end":{"line":11,"column":19}},"loc":{"start":{"line":11,"column":92},"end":{"line":19,"column":5}}}},"branchMap":{"0":{"loc":{"start":{"line":14,"column":8},"end":{"line":16,"column":null}},"type":"if","locations":[{"start":{"line":14,"column":8},"end":{"line":16,"column":null}}]}},"s":{"0":1,"1":3,"2":3,"3":2747,"4":2747,"5":497,"6":2250,"7":1},"f":{"0":3,"1":2747},"b":{"0":[497]}}
,"C:\\Users\\Usuario\\Desktop\\BOOTCAMP\\BACKEND\\GITHUB\\ONION-CHESS\\src\\core\\Domain\\Logic\\Restrictions\\KingCheckRestriction.ts": {"path":"C:\\Users\\Usuario\\Desktop\\BOOTCAMP\\BACKEND\\GITHUB\\ONION-CHESS\\src\\core\\Domain\\Logic\\Restrictions\\KingCheckRestriction.ts","statementMap":{"0":{"start":{"line":3,"column":0},"end":{"line":3,"column":47}},"1":{"start":{"line":5,"column":0},"end":{"line":5,"column":51}},"2":{"start":{"line":8,"column":12},"end":{"line":8,"column":62}},"3":{"start":{"line":9,"column":12},"end":{"line":9,"column":57}},"4":{"start":{"line":12,"column":8},"end":{"line":44,"column":null}},"5":{"start":{"line":13,"column":30},"end":{"line":13,"column":89}},"6":{"start":{"line":15,"column":34},"end":{"line":15,"column":48}},"7":{"start":{"line":16,"column":31},"end":{"line":16,"column":42}},"8":{"start":{"line":18,"column":12},"end":{"line":18,"column":76}},"9":{"start":{"line":19,"column":12},"end":{"line":19,"column":58}},"10":{"start":{"line":20,"column":12},"end":{"line":20,"column":76}},"11":{"start":{"line":22,"column":12},"end":{"line":22,"column":67}},"12":{"start":{"line":24,"column":12},"end":{"line":36,"column":null}},"13":{"start":{"line":25,"column":16},"end":{"line":29,"column":null}},"14":{"start":{"line":28,"column":20},"end":{"line":28,"column":33}},"15":{"start":{"line":31,"column":16},"end":{"line":35,"column":null}},"16":{"start":{"line":34,"column":20},"end":{"line":34,"column":33}},"17":{"start":{"line":38,"column":12},"end":{"line":40,"column":null}},"18":{"start":{"line":39,"column":16},"end":{"line":39,"column":29}},"19":{"start":{"line":41,"column":12},"end":{"line":43,"column":null}},"20":{"start":{"line":42,"column":16},"end":{"line":42,"column":29}},"21":{"start":{"line":45,"column":8},"end":{"line":45,"column":20}},"22":{"start":{"line":7,"column":0},"end":{"line":7,"column":21}}},"fnMap":{"0":{"name":"(anonymous_1)","decl":{"start":{"line":7,"column":0},"end":{"line":7,"column":21}},"loc":{"start":{"line":7,"column":0},"end":{"line":47,"column":1}}},"1":{"name":"(anonymous_2)","decl":{"start":{"line":11,"column":4},"end":{"line":11,"column":19}},"loc":{"start":{"line":11,"column":176},"end":{"line":46,"column":5}}}},"branchMap":{"0":{"loc":{"start":{"line":12,"column":8},"end":{"line":44,"column":null}},"type":"if","locations":[{"start":{"line":12,"column":8},"end":{"line":44,"column":null}},{"start":{"line":37,"column":15},"end":{"line":44,"column":null}}]},"1":{"loc":{"start":{"line":24,"column":12},"end":{"line":36,"column":null}},"type":"if","locations":[{"start":{"line":24,"column":12},"end":{"line":36,"column":null}},{"start":{"line":30,"column":19},"end":{"line":36,"column":null}}]},"2":{"loc":{"start":{"line":25,"column":16},"end":{"line":29,"column":null}},"type":"if","locations":[{"start":{"line":25,"column":16},"end":{"line":29,"column":null}}]},"3":{"loc":{"start":{"line":25,"column":19},"end":{"line":27,"column":84}},"type":"binary-expr","locations":[{"start":{"line":25,"column":19},"end":{"line":25,"column":88}},{"start":{"line":27,"column":16},"end":{"line":27,"column":84}}]},"4":{"loc":{"start":{"line":31,"column":16},"end":{"line":35,"column":null}},"type":"if","locations":[{"start":{"line":31,"column":16},"end":{"line":35,"column":null}}]},"5":{"loc":{"start":{"line":31,"column":19},"end":{"line":33,"column":84}},"type":"binary-expr","locations":[{"start":{"line":31,"column":19},"end":{"line":31,"column":88}},{"start":{"line":33,"column":16},"end":{"line":33,"column":84}}]},"6":{"loc":{"start":{"line":38,"column":12},"end":{"line":40,"column":null}},"type":"if","locations":[{"start":{"line":38,"column":12},"end":{"line":40,"column":null}}]},"7":{"loc":{"start":{"line":38,"column":15},"end":{"line":38,"column":144}},"type":"binary-expr","locations":[{"start":{"line":38,"column":15},"end":{"line":38,"column":43}},{"start":{"line":38,"column":48},"end":{"line":38,"column":94}},{"start":{"line":38,"column":98},"end":{"line":38,"column":143}}]},"8":{"loc":{"start":{"line":41,"column":12},"end":{"line":43,"column":null}},"type":"if","locations":[{"start":{"line":41,"column":12},"end":{"line":43,"column":null}}]},"9":{"loc":{"start":{"line":41,"column":15},"end":{"line":41,"column":144}},"type":"binary-expr","locations":[{"start":{"line":41,"column":15},"end":{"line":41,"column":43}},{"start":{"line":41,"column":48},"end":{"line":41,"column":94}},{"start":{"line":41,"column":98},"end":{"line":41,"column":143}}]}},"s":{"0":1,"1":1,"2":1,"3":1,"4":9,"5":9,"6":9,"7":9,"8":9,"9":9,"10":9,"11":9,"12":9,"13":5,"14":1,"15":4,"16":0,"17":0,"18":0,"19":0,"20":0,"21":8,"22":1},"f":{"0":1,"1":9},"b":{"0":[9,0],"1":[5,4],"2":[1],"3":[5,4],"4":[0],"5":[4,4],"6":[0],"7":[0,0,0],"8":[0],"9":[0,0,0]}}
,"C:\\Users\\Usuario\\Desktop\\BOOTCAMP\\BACKEND\\GITHUB\\ONION-CHESS\\src\\core\\Domain\\Logic\\Restrictions\\TakesRestriction.ts": {"path":"C:\\Users\\Usuario\\Desktop\\BOOTCAMP\\BACKEND\\GITHUB\\ONION-CHESS\\src\\core\\Domain\\Logic\\Restrictions\\TakesRestriction.ts","statementMap":{"0":{"start":{"line":7,"column":8},"end":{"line":18,"column":null}},"1":{"start":{"line":8,"column":39},"end":{"line":8,"column":100}},"2":{"start":{"line":9,"column":12},"end":{"line":17,"column":null}},"3":{"start":{"line":10,"column":16},"end":{"line":10,"column":65}},"4":{"start":{"line":12,"column":16},"end":{"line":16,"column":null}},"5":{"start":{"line":13,"column":20},"end":{"line":13,"column":85}},"6":{"start":{"line":15,"column":20},"end":{"line":15,"column":85}},"7":{"start":{"line":22,"column":8},"end":{"line":25,"column":11}},"8":{"start":{"line":23,"column":12},"end":{"line":24,"column":68}},"9":{"start":{"line":5,"column":0},"end":{"line":5,"column":21}}},"fnMap":{"0":{"name":"(anonymous_0)","decl":{"start":{"line":6,"column":4},"end":{"line":6,"column":8}},"loc":{"start":{"line":6,"column":73},"end":{"line":19,"column":5}}},"1":{"name":"(anonymous_1)","decl":{"start":{"line":21,"column":4},"end":{"line":21,"column":29}},"loc":{"start":{"line":21,"column":65},"end":{"line":26,"column":5}}},"2":{"name":"(anonymous_2)","decl":{"start":{"line":22,"column":32},"end":{"line":22,"column":37}},"loc":{"start":{"line":22,"column":40},"end":{"line":25,"column":9}}}},"branchMap":{"0":{"loc":{"start":{"line":7,"column":8},"end":{"line":18,"column":null}},"type":"if","locations":[{"start":{"line":7,"column":8},"end":{"line":18,"column":null}}]},"1":{"loc":{"start":{"line":7,"column":11},"end":{"line":7,"column":78}},"type":"binary-expr","locations":[{"start":{"line":7,"column":11},"end":{"line":7,"column":42}},{"start":{"line":7,"column":46},"end":{"line":7,"column":78}}]},"2":{"loc":{"start":{"line":9,"column":12},"end":{"line":17,"column":null}},"type":"if","locations":[{"start":{"line":9,"column":12},"end":{"line":17,"column":null}}]},"3":{"loc":{"start":{"line":12,"column":16},"end":{"line":16,"column":null}},"type":"if","locations":[{"start":{"line":12,"column":16},"end":{"line":16,"column":null}},{"start":{"line":14,"column":23},"end":{"line":16,"column":null}}]},"4":{"loc":{"start":{"line":23,"column":19},"end":{"line":24,"column":67}},"type":"binary-expr","locations":[{"start":{"line":23,"column":19},"end":{"line":23,"column":71}},{"start":{"line":24,"column":15},"end":{"line":24,"column":67}}]}},"s":{"0":8,"1":3,"2":3,"3":1,"4":1,"5":1,"6":0,"7":3,"8":40,"9":1},"f":{"0":8,"1":3,"2":40},"b":{"0":[3],"1":[8,8],"2":[1],"3":[1,0],"4":[40,8]}}
,"C:\\Users\\Usuario\\Desktop\\BOOTCAMP\\BACKEND\\GITHUB\\ONION-CHESS\\src\\core\\Domain\\Logic\\Utils\\AttackMapping.ts": {"path":"C:\\Users\\Usuario\\Desktop\\BOOTCAMP\\BACKEND\\GITHUB\\ONION-CHESS\\src\\core\\Domain\\Logic\\Utils\\AttackMapping.ts","statementMap":{"0":{"start":{"line":4,"column":0},"end":{"line":4,"column":70}},"1":{"start":{"line":8,"column":12},"end":{"line":8,"column":78}},"2":{"start":{"line":11,"column":8},"end":{"line":11,"column":49}},"3":{"start":{"line":13,"column":8},"end":{"line":80,"column":11}},"4":{"start":{"line":14,"column":12},"end":{"line":79,"column":null}},"5":{"start":{"line":15,"column":16},"end":{"line":53,"column":null}},"6":{"start":{"line":16,"column":45},"end":{"line":16,"column":78}},"7":{"start":{"line":17,"column":49},"end":{"line":17,"column":119}},"8":{"start":{"line":18,"column":50},"end":{"line":18,"column":120}},"9":{"start":{"line":20,"column":47},"end":{"line":20,"column":136}},"10":{"start":{"line":20,"column":70},"end":{"line":20,"column":134}},"11":{"start":{"line":21,"column":48},"end":{"line":21,"column":138}},"12":{"start":{"line":21,"column":71},"end":{"line":21,"column":136}},"13":{"start":{"line":23,"column":20},"end":{"line":27,"column":null}},"14":{"start":{"line":24,"column":24},"end":{"line":24,"column":74}},"15":{"start":{"line":25,"column":27},"end":{"line":27,"column":null}},"16":{"start":{"line":26,"column":24},"end":{"line":26,"column":73}},"17":{"start":{"line":29,"column":20},"end":{"line":33,"column":null}},"18":{"start":{"line":30,"column":24},"end":{"line":30,"column":75}},"19":{"start":{"line":31,"column":27},"end":{"line":33,"column":null}},"20":{"start":{"line":32,"column":24},"end":{"line":32,"column":74}},"21":{"start":{"line":35,"column":45},"end":{"line":35,"column":78}},"22":{"start":{"line":36,"column":49},"end":{"line":36,"column":119}},"23":{"start":{"line":37,"column":50},"end":{"line":37,"column":120}},"24":{"start":{"line":39,"column":47},"end":{"line":39,"column":136}},"25":{"start":{"line":39,"column":70},"end":{"line":39,"column":134}},"26":{"start":{"line":40,"column":48},"end":{"line":40,"column":138}},"27":{"start":{"line":40,"column":71},"end":{"line":40,"column":136}},"28":{"start":{"line":42,"column":20},"end":{"line":46,"column":null}},"29":{"start":{"line":43,"column":24},"end":{"line":43,"column":74}},"30":{"start":{"line":44,"column":27},"end":{"line":46,"column":null}},"31":{"start":{"line":45,"column":24},"end":{"line":45,"column":73}},"32":{"start":{"line":48,"column":20},"end":{"line":52,"column":null}},"33":{"start":{"line":49,"column":24},"end":{"line":49,"column":75}},"34":{"start":{"line":50,"column":27},"end":{"line":52,"column":null}},"35":{"start":{"line":51,"column":24},"end":{"line":51,"column":74}},"36":{"start":{"line":55,"column":16},"end":{"line":78,"column":19}},"37":{"start":{"line":56,"column":20},"end":{"line":77,"column":null}},"38":{"start":{"line":57,"column":53},"end":{"line":57,"column":120}},"39":{"start":{"line":58,"column":24},"end":{"line":76,"column":null}},"40":{"start":{"line":59,"column":28},"end":{"line":75,"column":31}},"41":{"start":{"line":60,"column":32},"end":{"line":74,"column":null}},"42":{"start":{"line":61,"column":36},"end":{"line":67,"column":null}},"43":{"start":{"line":62,"column":40},"end":{"line":62,"column":79}},"44":{"start":{"line":64,"column":43},"end":{"line":67,"column":null}},"45":{"start":{"line":65,"column":40},"end":{"line":65,"column":78}},"46":{"start":{"line":69,"column":36},"end":{"line":73,"column":null}},"47":{"start":{"line":70,"column":40},"end":{"line":70,"column":79}},"48":{"start":{"line":71,"column":43},"end":{"line":73,"column":null}},"49":{"start":{"line":72,"column":40},"end":{"line":72,"column":78}},"50":{"start":{"line":83,"column":8},"end":{"line":85,"column":11}},"51":{"start":{"line":84,"column":12},"end":{"line":84,"column":40}},"52":{"start":{"line":7,"column":0},"end":{"line":7,"column":21}}},"fnMap":{"0":{"name":"(anonymous_1)","decl":{"start":{"line":7,"column":0},"end":{"line":7,"column":21}},"loc":{"start":{"line":7,"column":0},"end":{"line":87,"column":1}}},"1":{"name":"(anonymous_2)","decl":{"start":{"line":10,"column":4},"end":{"line":10,"column":13}},"loc":{"start":{"line":10,"column":52},"end":{"line":81,"column":5}}},"2":{"name":"(anonymous_3)","decl":{"start":{"line":13,"column":23},"end":{"line":13,"column":28}},"loc":{"start":{"line":13,"column":31},"end":{"line":80,"column":9}}},"3":{"name":"(anonymous_4)","decl":{"start":{"line":20,"column":62},"end":{"line":20,"column":65}},"loc":{"start":{"line":20,"column":70},"end":{"line":20,"column":134}}},"4":{"name":"(anonymous_5)","decl":{"start":{"line":21,"column":63},"end":{"line":21,"column":66}},"loc":{"start":{"line":21,"column":71},"end":{"line":21,"column":136}}},"5":{"name":"(anonymous_6)","decl":{"start":{"line":39,"column":62},"end":{"line":39,"column":65}},"loc":{"start":{"line":39,"column":70},"end":{"line":39,"column":134}}},"6":{"name":"(anonymous_7)","decl":{"start":{"line":40,"column":63},"end":{"line":40,"column":66}},"loc":{"start":{"line":40,"column":71},"end":{"line":40,"column":136}}},"7":{"name":"(anonymous_8)","decl":{"start":{"line":55,"column":34},"end":{"line":55,"column":37}},"loc":{"start":{"line":55,"column":40},"end":{"line":78,"column":17}}},"8":{"name":"(anonymous_9)","decl":{"start":{"line":59,"column":68},"end":{"line":59,"column":75}},"loc":{"start":{"line":59,"column":78},"end":{"line":75,"column":29}}},"9":{"name":"(anonymous_10)","decl":{"start":{"line":82,"column":4},"end":{"line":82,"column":28}},"loc":{"start":{"line":82,"column":50},"end":{"line":86,"column":5}}},"10":{"name":"(anonymous_11)","decl":{"start":{"line":83,"column":26},"end":{"line":83,"column":29}},"loc":{"start":{"line":83,"column":32},"end":{"line":85,"column":9}}}},"branchMap":{"0":{"loc":{"start":{"line":14,"column":12},"end":{"line":79,"column":null}},"type":"if","locations":[{"start":{"line":14,"column":12},"end":{"line":79,"column":null}},{"start":{"line":54,"column":19},"end":{"line":79,"column":null}}]},"1":{"loc":{"start":{"line":15,"column":16},"end":{"line":53,"column":null}},"type":"if","locations":[{"start":{"line":15,"column":16},"end":{"line":53,"column":null}},{"start":{"line":34,"column":23},"end":{"line":53,"column":null}}]},"2":{"loc":{"start":{"line":20,"column":70},"end":{"line":20,"column":134}},"type":"binary-expr","locations":[{"start":{"line":20,"column":70},"end":{"line":20,"column":98}},{"start":{"line":20,"column":102},"end":{"line":20,"column":134}}]},"3":{"loc":{"start":{"line":21,"column":71},"end":{"line":21,"column":136}},"type":"binary-expr","locations":[{"start":{"line":21,"column":71},"end":{"line":21,"column":99}},{"start":{"line":21,"column":103},"end":{"line":21,"column":136}}]},"4":{"loc":{"start":{"line":23,"column":20},"end":{"line":27,"column":null}},"type":"if","locations":[{"start":{"line":23,"column":20},"end":{"line":27,"column":null}},{"start":{"line":25,"column":27},"end":{"line":27,"column":null}}]},"5":{"loc":{"start":{"line":25,"column":27},"end":{"line":27,"column":null}},"type":"if","locations":[{"start":{"line":25,"column":27},"end":{"line":27,"column":null}}]},"6":{"loc":{"start":{"line":29,"column":20},"end":{"line":33,"column":null}},"type":"if","locations":[{"start":{"line":29,"column":20},"end":{"line":33,"column":null}},{"start":{"line":31,"column":27},"end":{"line":33,"column":null}}]},"7":{"loc":{"start":{"line":31,"column":27},"end":{"line":33,"column":null}},"type":"if","locations":[{"start":{"line":31,"column":27},"end":{"line":33,"column":null}}]},"8":{"loc":{"start":{"line":39,"column":70},"end":{"line":39,"column":134}},"type":"binary-expr","locations":[{"start":{"line":39,"column":70},"end":{"line":39,"column":98}},{"start":{"line":39,"column":102},"end":{"line":39,"column":134}}]},"9":{"loc":{"start":{"line":40,"column":71},"end":{"line":40,"column":136}},"type":"binary-expr","locations":[{"start":{"line":40,"column":71},"end":{"line":40,"column":99}},{"start":{"line":40,"column":103},"end":{"line":40,"column":136}}]},"10":{"loc":{"start":{"line":42,"column":20},"end":{"line":46,"column":null}},"type":"if","locations":[{"start":{"line":42,"column":20},"end":{"line":46,"column":null}},{"start":{"line":44,"column":27},"end":{"line":46,"column":null}}]},"11":{"loc":{"start":{"line":44,"column":27},"end":{"line":46,"column":null}},"type":"if","locations":[{"start":{"line":44,"column":27},"end":{"line":46,"column":null}}]},"12":{"loc":{"start":{"line":48,"column":20},"end":{"line":52,"column":null}},"type":"if","locations":[{"start":{"line":48,"column":20},"end":{"line":52,"column":null}},{"start":{"line":50,"column":27},"end":{"line":52,"column":null}}]},"13":{"loc":{"start":{"line":50,"column":27},"end":{"line":52,"column":null}},"type":"if","locations":[{"start":{"line":50,"column":27},"end":{"line":52,"column":null}}]},"14":{"loc":{"start":{"line":56,"column":20},"end":{"line":77,"column":null}},"type":"if","locations":[{"start":{"line":56,"column":20},"end":{"line":77,"column":null}}]},"15":{"loc":{"start":{"line":58,"column":24},"end":{"line":76,"column":null}},"type":"if","locations":[{"start":{"line":58,"column":24},"end":{"line":76,"column":null}}]},"16":{"loc":{"start":{"line":60,"column":32},"end":{"line":74,"column":null}},"type":"if","locations":[{"start":{"line":60,"column":32},"end":{"line":74,"column":null}},{"start":{"line":68,"column":39},"end":{"line":74,"column":null}}]},"17":{"loc":{"start":{"line":61,"column":36},"end":{"line":67,"column":null}},"type":"if","locations":[{"start":{"line":61,"column":36},"end":{"line":67,"column":null}},{"start":{"line":64,"column":43},"end":{"line":67,"column":null}}]},"18":{"loc":{"start":{"line":64,"column":43},"end":{"line":67,"column":null}},"type":"if","locations":[{"start":{"line":64,"column":43},"end":{"line":67,"column":null}}]},"19":{"loc":{"start":{"line":69,"column":36},"end":{"line":73,"column":null}},"type":"if","locations":[{"start":{"line":69,"column":36},"end":{"line":73,"column":null}},{"start":{"line":71,"column":43},"end":{"line":73,"column":null}}]},"20":{"loc":{"start":{"line":71,"column":43},"end":{"line":73,"column":null}},"type":"if","locations":[{"start":{"line":71,"column":43},"end":{"line":73,"column":null}}]}},"s":{"0":1,"1":2,"2":17,"3":17,"4":544,"5":272,"6":136,"7":136,"8":136,"9":136,"10":8704,"11":136,"12":8704,"13":136,"14":0,"15":136,"16":0,"17":136,"18":0,"19":136,"20":0,"21":136,"22":136,"23":136,"24":136,"25":8704,"26":136,"27":8704,"28":136,"29":0,"30":136,"31":0,"32":136,"33":0,"34":136,"35":0,"36":272,"37":17408,"38":2735,"39":2735,"40":488,"41":860,"42":413,"43":190,"44":223,"45":0,"46":447,"47":148,"48":299,"49":54,"50":17,"51":1088,"52":1},"f":{"0":2,"1":17,"2":544,"3":8704,"4":8704,"5":8704,"6":8704,"7":17408,"8":860,"9":17,"10":1088},"b":{"0":[272,272],"1":[136,136],"2":[8704,0],"3":[8704,0],"4":[0,136],"5":[0],"6":[0,136],"7":[0],"8":[8704,0],"9":[8704,0],"10":[0,136],"11":[0],"12":[0,136],"13":[0],"14":[2735],"15":[488],"16":[413,447],"17":[190,223],"18":[0],"19":[148,299],"20":[54]}}
,"C:\\Users\\Usuario\\Desktop\\BOOTCAMP\\BACKEND\\GITHUB\\ONION-CHESS\\src\\core\\Domain\\Logic\\Utils\\DistanceCalculator.ts": {"path":"C:\\Users\\Usuario\\Desktop\\BOOTCAMP\\BACKEND\\GITHUB\\ONION-CHESS\\src\\core\\Domain\\Logic\\Utils\\DistanceCalculator.ts","statementMap":{"0":{"start":{"line":7,"column":8},"end":{"line":7,"column":40}},"1":{"start":{"line":11,"column":8},"end":{"line":11,"column":68}},"2":{"start":{"line":15,"column":25},"end":{"line":18,"column":null}},"3":{"start":{"line":20,"column":8},"end":{"line":20,"column":24}},"4":{"start":{"line":5,"column":0},"end":{"line":5,"column":21}}},"fnMap":{"0":{"name":"(anonymous_0)","decl":{"start":{"line":6,"column":4},"end":{"line":6,"column":19}},"loc":{"start":{"line":6,"column":54},"end":{"line":8,"column":5}}},"1":{"name":"(anonymous_1)","decl":{"start":{"line":10,"column":4},"end":{"line":10,"column":19}},"loc":{"start":{"line":10,"column":55},"end":{"line":12,"column":5}}},"2":{"name":"(anonymous_2)","decl":{"start":{"line":14,"column":4},"end":{"line":14,"column":21}},"loc":{"start":{"line":14,"column":71},"end":{"line":21,"column":5}}}},"branchMap":{},"s":{"0":24511,"1":17828,"2":0,"3":0,"4":1},"f":{"0":24511,"1":17828,"2":0},"b":{}}
,"C:\\Users\\Usuario\\Desktop\\BOOTCAMP\\BACKEND\\GITHUB\\ONION-CHESS\\src\\core\\Domain\\Logic\\Utils\\DownLeftTrajectoryMapper.ts": {"path":"C:\\Users\\Usuario\\Desktop\\BOOTCAMP\\BACKEND\\GITHUB\\ONION-CHESS\\src\\core\\Domain\\Logic\\Utils\\DownLeftTrajectoryMapper.ts","statementMap":{"0":{"start":{"line":2,"column":0},"end":{"line":2,"column":64}},"1":{"start":{"line":7,"column":16},"end":{"line":7,"column":17}},"2":{"start":{"line":9,"column":8},"end":{"line":23,"column":null}},"3":{"start":{"line":10,"column":12},"end":{"line":22,"column":null}},"4":{"start":{"line":17,"column":16},"end":{"line":20,"column":null}},"5":{"start":{"line":18,"column":20},"end":{"line":18,"column":41}},"6":{"start":{"line":19,"column":20},"end":{"line":19,"column":43}},"7":{"start":{"line":21,"column":16},"end":{"line":21,"column":51}},"8":{"start":{"line":25,"column":8},"end":{"line":28,"column":null}},"9":{"start":{"line":26,"column":12},"end":{"line":26,"column":47}},"10":{"start":{"line":27,"column":12},"end":{"line":27,"column":35}},"11":{"start":{"line":30,"column":8},"end":{"line":36,"column":null}},"12":{"start":{"line":32,"column":12},"end":{"line":32,"column":47}},"13":{"start":{"line":33,"column":12},"end":{"line":33,"column":35}},"14":{"start":{"line":35,"column":12},"end":{"line":35,"column":33}},"15":{"start":{"line":38,"column":8},"end":{"line":38,"column":31}},"16":{"start":{"line":5,"column":0},"end":{"line":5,"column":21}}},"fnMap":{"0":{"name":"(anonymous_1)","decl":{"start":{"line":6,"column":4},"end":{"line":6,"column":17}},"loc":{"start":{"line":6,"column":88},"end":{"line":39,"column":5}}}},"branchMap":{"0":{"loc":{"start":{"line":10,"column":12},"end":{"line":22,"column":null}},"type":"if","locations":[{"start":{"line":10,"column":12},"end":{"line":22,"column":null}}]},"1":{"loc":{"start":{"line":11,"column":16},"end":{"line":15,"column":45}},"type":"binary-expr","locations":[{"start":{"line":11,"column":17},"end":{"line":11,"column":115}},{"start":{"line":13,"column":17},"end":{"line":13,"column":115}},{"start":{"line":15,"column":16},"end":{"line":15,"column":45}}]},"2":{"loc":{"start":{"line":17,"column":16},"end":{"line":20,"column":null}},"type":"if","locations":[{"start":{"line":17,"column":16},"end":{"line":20,"column":null}}]},"3":{"loc":{"start":{"line":17,"column":19},"end":{"line":17,"column":80}},"type":"binary-expr","locations":[{"start":{"line":17,"column":19},"end":{"line":17,"column":48}},{"start":{"line":17,"column":52},"end":{"line":17,"column":80}}]},"4":{"loc":{"start":{"line":25,"column":8},"end":{"line":28,"column":null}},"type":"if","locations":[{"start":{"line":25,"column":8},"end":{"line":28,"column":null}}]},"5":{"loc":{"start":{"line":30,"column":8},"end":{"line":36,"column":null}},"type":"if","locations":[{"start":{"line":30,"column":8},"end":{"line":36,"column":null}},{"start":{"line":34,"column":15},"end":{"line":36,"column":null}}]},"6":{"loc":{"start":{"line":30,"column":11},"end":{"line":31,"column":36}},"type":"binary-expr","locations":[{"start":{"line":30,"column":11},"end":{"line":30,"column":91}},{"start":{"line":31,"column":11},"end":{"line":31,"column":36}}]}},"s":{"0":1,"1":239,"2":239,"3":2798,"4":150,"5":75,"6":75,"7":75,"8":164,"9":82,"10":82,"11":82,"12":2,"13":2,"14":80,"15":80,"16":1},"f":{"0":239},"b":{"0":[150],"1":[2798,1890,553],"2":[75],"3":[150,85],"4":[82],"5":[2,80],"6":[82,2]}}
,"C:\\Users\\Usuario\\Desktop\\BOOTCAMP\\BACKEND\\GITHUB\\ONION-CHESS\\src\\core\\Domain\\Logic\\Utils\\DownRightTrajectoryMapper.ts": {"path":"C:\\Users\\Usuario\\Desktop\\BOOTCAMP\\BACKEND\\GITHUB\\ONION-CHESS\\src\\core\\Domain\\Logic\\Utils\\DownRightTrajectoryMapper.ts","statementMap":{"0":{"start":{"line":2,"column":0},"end":{"line":2,"column":64}},"1":{"start":{"line":7,"column":16},"end":{"line":7,"column":17}},"2":{"start":{"line":9,"column":8},"end":{"line":23,"column":null}},"3":{"start":{"line":10,"column":12},"end":{"line":22,"column":null}},"4":{"start":{"line":17,"column":16},"end":{"line":20,"column":null}},"5":{"start":{"line":18,"column":20},"end":{"line":18,"column":41}},"6":{"start":{"line":19,"column":20},"end":{"line":19,"column":43}},"7":{"start":{"line":21,"column":16},"end":{"line":21,"column":51}},"8":{"start":{"line":25,"column":8},"end":{"line":28,"column":null}},"9":{"start":{"line":26,"column":12},"end":{"line":26,"column":47}},"10":{"start":{"line":27,"column":12},"end":{"line":27,"column":35}},"11":{"start":{"line":30,"column":8},"end":{"line":36,"column":null}},"12":{"start":{"line":32,"column":12},"end":{"line":32,"column":47}},"13":{"start":{"line":33,"column":12},"end":{"line":33,"column":35}},"14":{"start":{"line":35,"column":12},"end":{"line":35,"column":33}},"15":{"start":{"line":38,"column":8},"end":{"line":38,"column":31}},"16":{"start":{"line":5,"column":0},"end":{"line":5,"column":21}}},"fnMap":{"0":{"name":"(anonymous_1)","decl":{"start":{"line":6,"column":4},"end":{"line":6,"column":17}},"loc":{"start":{"line":6,"column":88},"end":{"line":39,"column":5}}}},"branchMap":{"0":{"loc":{"start":{"line":10,"column":12},"end":{"line":22,"column":null}},"type":"if","locations":[{"start":{"line":10,"column":12},"end":{"line":22,"column":null}}]},"1":{"loc":{"start":{"line":11,"column":16},"end":{"line":15,"column":45}},"type":"binary-expr","locations":[{"start":{"line":11,"column":17},"end":{"line":11,"column":115}},{"start":{"line":13,"column":17},"end":{"line":13,"column":115}},{"start":{"line":15,"column":16},"end":{"line":15,"column":45}}]},"2":{"loc":{"start":{"line":17,"column":16},"end":{"line":20,"column":null}},"type":"if","locations":[{"start":{"line":17,"column":16},"end":{"line":20,"column":null}}]},"3":{"loc":{"start":{"line":17,"column":19},"end":{"line":17,"column":80}},"type":"binary-expr","locations":[{"start":{"line":17,"column":19},"end":{"line":17,"column":48}},{"start":{"line":17,"column":52},"end":{"line":17,"column":80}}]},"4":{"loc":{"start":{"line":25,"column":8},"end":{"line":28,"column":null}},"type":"if","locations":[{"start":{"line":25,"column":8},"end":{"line":28,"column":null}}]},"5":{"loc":{"start":{"line":30,"column":8},"end":{"line":36,"column":null}},"type":"if","locations":[{"start":{"line":30,"column":8},"end":{"line":36,"column":null}},{"start":{"line":34,"column":15},"end":{"line":36,"column":null}}]},"6":{"loc":{"start":{"line":30,"column":11},"end":{"line":31,"column":36}},"type":"binary-expr","locations":[{"start":{"line":30,"column":11},"end":{"line":30,"column":91}},{"start":{"line":31,"column":11},"end":{"line":31,"column":36}}]}},"s":{"0":1,"1":321,"2":321,"3":2843,"4":241,"5":134,"6":134,"7":107,"8":187,"9":99,"10":99,"11":88,"12":8,"13":8,"14":80,"15":80,"16":1},"f":{"0":321},"b":{"0":[241],"1":[2843,1875,1356],"2":[134],"3":[241,164],"4":[99],"5":[8,80],"6":[88,8]}}
,"C:\\Users\\Usuario\\Desktop\\BOOTCAMP\\BACKEND\\GITHUB\\ONION-CHESS\\src\\core\\Domain\\Logic\\Utils\\DownTrajectoryMapper.ts": {"path":"C:\\Users\\Usuario\\Desktop\\BOOTCAMP\\BACKEND\\GITHUB\\ONION-CHESS\\src\\core\\Domain\\Logic\\Utils\\DownTrajectoryMapper.ts","statementMap":{"0":{"start":{"line":2,"column":0},"end":{"line":2,"column":64}},"1":{"start":{"line":7,"column":16},"end":{"line":7,"column":17}},"2":{"start":{"line":9,"column":8},"end":{"line":23,"column":null}},"3":{"start":{"line":10,"column":12},"end":{"line":22,"column":null}},"4":{"start":{"line":17,"column":16},"end":{"line":20,"column":null}},"5":{"start":{"line":18,"column":20},"end":{"line":18,"column":41}},"6":{"start":{"line":19,"column":20},"end":{"line":19,"column":43}},"7":{"start":{"line":21,"column":16},"end":{"line":21,"column":51}},"8":{"start":{"line":25,"column":8},"end":{"line":28,"column":null}},"9":{"start":{"line":26,"column":12},"end":{"line":26,"column":47}},"10":{"start":{"line":27,"column":12},"end":{"line":27,"column":35}},"11":{"start":{"line":30,"column":8},"end":{"line":36,"column":null}},"12":{"start":{"line":32,"column":12},"end":{"line":32,"column":47}},"13":{"start":{"line":33,"column":12},"end":{"line":33,"column":35}},"14":{"start":{"line":35,"column":12},"end":{"line":35,"column":33}},"15":{"start":{"line":38,"column":8},"end":{"line":38,"column":null}},"16":{"start":{"line":5,"column":0},"end":{"line":5,"column":21}}},"fnMap":{"0":{"name":"(anonymous_1)","decl":{"start":{"line":6,"column":4},"end":{"line":6,"column":17}},"loc":{"start":{"line":6,"column":88},"end":{"line":39,"column":5}}}},"branchMap":{"0":{"loc":{"start":{"line":10,"column":12},"end":{"line":22,"column":null}},"type":"if","locations":[{"start":{"line":10,"column":12},"end":{"line":22,"column":null}}]},"1":{"loc":{"start":{"line":11,"column":16},"end":{"line":15,"column":45}},"type":"binary-expr","locations":[{"start":{"line":11,"column":17},"end":{"line":11,"column":115}},{"start":{"line":13,"column":17},"end":{"line":13,"column":117}},{"start":{"line":15,"column":16},"end":{"line":15,"column":45}}]},"2":{"loc":{"start":{"line":17,"column":16},"end":{"line":20,"column":null}},"type":"if","locations":[{"start":{"line":17,"column":16},"end":{"line":20,"column":null}}]},"3":{"loc":{"start":{"line":17,"column":19},"end":{"line":17,"column":80}},"type":"binary-expr","locations":[{"start":{"line":17,"column":19},"end":{"line":17,"column":48}},{"start":{"line":17,"column":52},"end":{"line":17,"column":80}}]},"4":{"loc":{"start":{"line":25,"column":8},"end":{"line":28,"column":null}},"type":"if","locations":[{"start":{"line":25,"column":8},"end":{"line":28,"column":null}}]},"5":{"loc":{"start":{"line":30,"column":8},"end":{"line":36,"column":null}},"type":"if","locations":[{"start":{"line":30,"column":8},"end":{"line":36,"column":null}},{"start":{"line":34,"column":15},"end":{"line":36,"column":null}}]},"6":{"loc":{"start":{"line":30,"column":11},"end":{"line":31,"column":36}},"type":"binary-expr","locations":[{"start":{"line":30,"column":11},"end":{"line":30,"column":91}},{"start":{"line":31,"column":11},"end":{"line":31,"column":36}}]}},"s":{"0":1,"1":376,"2":376,"3":4236,"4":442,"5":276,"6":276,"7":166,"8":100,"9":43,"10":43,"11":57,"12":0,"13":0,"14":57,"15":57,"16":1},"f":{"0":376},"b":{"0":[442],"1":[4236,2974,442],"2":[276],"3":[442,276],"4":[43],"5":[0,57],"6":[57,0]}}
,"C:\\Users\\Usuario\\Desktop\\BOOTCAMP\\BACKEND\\GITHUB\\ONION-CHESS\\src\\core\\Domain\\Logic\\Utils\\LeftTrajectoryMapper.ts": {"path":"C:\\Users\\Usuario\\Desktop\\BOOTCAMP\\BACKEND\\GITHUB\\ONION-CHESS\\src\\core\\Domain\\Logic\\Utils\\LeftTrajectoryMapper.ts","statementMap":{"0":{"start":{"line":2,"column":0},"end":{"line":2,"column":64}},"1":{"start":{"line":7,"column":16},"end":{"line":7,"column":17}},"2":{"start":{"line":9,"column":8},"end":{"line":23,"column":null}},"3":{"start":{"line":10,"column":12},"end":{"line":22,"column":null}},"4":{"start":{"line":17,"column":16},"end":{"line":20,"column":null}},"5":{"start":{"line":18,"column":20},"end":{"line":18,"column":41}},"6":{"start":{"line":19,"column":20},"end":{"line":19,"column":43}},"7":{"start":{"line":21,"column":16},"end":{"line":21,"column":51}},"8":{"start":{"line":25,"column":8},"end":{"line":28,"column":null}},"9":{"start":{"line":26,"column":12},"end":{"line":26,"column":47}},"10":{"start":{"line":27,"column":12},"end":{"line":27,"column":35}},"11":{"start":{"line":30,"column":8},"end":{"line":36,"column":null}},"12":{"start":{"line":32,"column":12},"end":{"line":32,"column":47}},"13":{"start":{"line":33,"column":12},"end":{"line":33,"column":35}},"14":{"start":{"line":35,"column":12},"end":{"line":35,"column":33}},"15":{"start":{"line":38,"column":8},"end":{"line":38,"column":31}},"16":{"start":{"line":5,"column":0},"end":{"line":5,"column":21}}},"fnMap":{"0":{"name":"(anonymous_1)","decl":{"start":{"line":6,"column":4},"end":{"line":6,"column":17}},"loc":{"start":{"line":6,"column":88},"end":{"line":39,"column":5}}}},"branchMap":{"0":{"loc":{"start":{"line":10,"column":12},"end":{"line":22,"column":null}},"type":"if","locations":[{"start":{"line":10,"column":12},"end":{"line":22,"column":null}}]},"1":{"loc":{"start":{"line":11,"column":16},"end":{"line":15,"column":45}},"type":"binary-expr","locations":[{"start":{"line":11,"column":17},"end":{"line":11,"column":117}},{"start":{"line":13,"column":17},"end":{"line":13,"column":115}},{"start":{"line":15,"column":16},"end":{"line":15,"column":45}}]},"2":{"loc":{"start":{"line":17,"column":16},"end":{"line":20,"column":null}},"type":"if","locations":[{"start":{"line":17,"column":16},"end":{"line":20,"column":null}}]},"3":{"loc":{"start":{"line":17,"column":19},"end":{"line":17,"column":80}},"type":"binary-expr","locations":[{"start":{"line":17,"column":19},"end":{"line":17,"column":48}},{"start":{"line":17,"column":52},"end":{"line":17,"column":80}}]},"4":{"loc":{"start":{"line":25,"column":8},"end":{"line":28,"column":null}},"type":"if","locations":[{"start":{"line":25,"column":8},"end":{"line":28,"column":null}}]},"5":{"loc":{"start":{"line":30,"column":8},"end":{"line":36,"column":null}},"type":"if","locations":[{"start":{"line":30,"column":8},"end":{"line":36,"column":null}},{"start":{"line":34,"column":15},"end":{"line":36,"column":null}}]},"6":{"loc":{"start":{"line":30,"column":11},"end":{"line":31,"column":36}},"type":"binary-expr","locations":[{"start":{"line":30,"column":11},"end":{"line":30,"column":91}},{"start":{"line":31,"column":11},"end":{"line":31,"column":36}}]}},"s":{"0":1,"1":374,"2":374,"3":337,"4":337,"5":259,"6":259,"7":78,"8":115,"9":13,"10":13,"11":102,"12":0,"13":0,"14":102,"15":102,"16":1},"f":{"0":374},"b":{"0":[337],"1":[337,337,337],"2":[259],"3":[337,259],"4":[13],"5":[0,102],"6":[102,0]}}
,"C:\\Users\\Usuario\\Desktop\\BOOTCAMP\\BACKEND\\GITHUB\\ONION-CHESS\\src\\core\\Domain\\Logic\\Utils\\PieceMapper.ts": {"path":"C:\\Users\\Usuario\\Desktop\\BOOTCAMP\\BACKEND\\GITHUB\\ONION-CHESS\\src\\core\\Domain\\Logic\\Utils\\PieceMapper.ts","statementMap":{"0":{"start":{"line":6,"column":8},"end":{"line":8,"column":11}},"1":{"start":{"line":7,"column":12},"end":{"line":7,"column":86}},"2":{"start":{"line":4,"column":0},"end":{"line":4,"column":21}}},"fnMap":{"0":{"name":"(anonymous_0)","decl":{"start":{"line":5,"column":4},"end":{"line":5,"column":17}},"loc":{"start":{"line":5,"column":73},"end":{"line":9,"column":5}}},"1":{"name":"(anonymous_1)","decl":{"start":{"line":6,"column":32},"end":{"line":6,"column":37}},"loc":{"start":{"line":6,"column":40},"end":{"line":8,"column":9}}}},"branchMap":{"0":{"loc":{"start":{"line":7,"column":19},"end":{"line":7,"column":85}},"type":"binary-expr","locations":[{"start":{"line":7,"column":19},"end":{"line":7,"column":55}},{"start":{"line":7,"column":59},"end":{"line":7,"column":85}}]}},"s":{"0":9,"1":109,"2":1},"f":{"0":9,"1":109},"b":{"0":[109,13]}}
,"C:\\Users\\Usuario\\Desktop\\BOOTCAMP\\BACKEND\\GITHUB\\ONION-CHESS\\src\\core\\Domain\\Logic\\Utils\\RightTrajectoryMapper.ts": {"path":"C:\\Users\\Usuario\\Desktop\\BOOTCAMP\\BACKEND\\GITHUB\\ONION-CHESS\\src\\core\\Domain\\Logic\\Utils\\RightTrajectoryMapper.ts","statementMap":{"0":{"start":{"line":2,"column":0},"end":{"line":2,"column":64}},"1":{"start":{"line":7,"column":16},"end":{"line":7,"column":17}},"2":{"start":{"line":9,"column":8},"end":{"line":23,"column":null}},"3":{"start":{"line":10,"column":12},"end":{"line":22,"column":null}},"4":{"start":{"line":17,"column":16},"end":{"line":20,"column":null}},"5":{"start":{"line":18,"column":20},"end":{"line":18,"column":41}},"6":{"start":{"line":19,"column":20},"end":{"line":19,"column":43}},"7":{"start":{"line":21,"column":16},"end":{"line":21,"column":51}},"8":{"start":{"line":25,"column":8},"end":{"line":28,"column":null}},"9":{"start":{"line":26,"column":12},"end":{"line":26,"column":47}},"10":{"start":{"line":27,"column":12},"end":{"line":27,"column":35}},"11":{"start":{"line":30,"column":8},"end":{"line":36,"column":null}},"12":{"start":{"line":32,"column":12},"end":{"line":32,"column":47}},"13":{"start":{"line":33,"column":12},"end":{"line":33,"column":35}},"14":{"start":{"line":35,"column":12},"end":{"line":35,"column":33}},"15":{"start":{"line":38,"column":8},"end":{"line":38,"column":31}},"16":{"start":{"line":5,"column":0},"end":{"line":5,"column":21}}},"fnMap":{"0":{"name":"(anonymous_1)","decl":{"start":{"line":6,"column":4},"end":{"line":6,"column":17}},"loc":{"start":{"line":6,"column":88},"end":{"line":39,"column":5}}}},"branchMap":{"0":{"loc":{"start":{"line":10,"column":12},"end":{"line":22,"column":null}},"type":"if","locations":[{"start":{"line":10,"column":12},"end":{"line":22,"column":null}}]},"1":{"loc":{"start":{"line":11,"column":16},"end":{"line":15,"column":45}},"type":"binary-expr","locations":[{"start":{"line":11,"column":17},"end":{"line":11,"column":117}},{"start":{"line":13,"column":17},"end":{"line":13,"column":115}},{"start":{"line":15,"column":16},"end":{"line":15,"column":45}}]},"2":{"loc":{"start":{"line":17,"column":16},"end":{"line":20,"column":null}},"type":"if","locations":[{"start":{"line":17,"column":16},"end":{"line":20,"column":null}}]},"3":{"loc":{"start":{"line":17,"column":19},"end":{"line":17,"column":80}},"type":"binary-expr","locations":[{"start":{"line":17,"column":19},"end":{"line":17,"column":48}},{"start":{"line":17,"column":52},"end":{"line":17,"column":80}}]},"4":{"loc":{"start":{"line":25,"column":8},"end":{"line":28,"column":null}},"type":"if","locations":[{"start":{"line":25,"column":8},"end":{"line":28,"column":null}}]},"5":{"loc":{"start":{"line":30,"column":8},"end":{"line":36,"column":null}},"type":"if","locations":[{"start":{"line":30,"column":8},"end":{"line":36,"column":null}},{"start":{"line":34,"column":15},"end":{"line":36,"column":null}}]},"6":{"loc":{"start":{"line":30,"column":11},"end":{"line":31,"column":36}},"type":"binary-expr","locations":[{"start":{"line":30,"column":11},"end":{"line":30,"column":91}},{"start":{"line":31,"column":11},"end":{"line":31,"column":36}}]}},"s":{"0":1,"1":476,"2":476,"3":381,"4":381,"5":367,"6":367,"7":14,"8":109,"9":7,"10":7,"11":102,"12":0,"13":0,"14":102,"15":102,"16":1},"f":{"0":476},"b":{"0":[381],"1":[381,381,381],"2":[367],"3":[381,367],"4":[7],"5":[0,102],"6":[102,0]}}
,"C:\\Users\\Usuario\\Desktop\\BOOTCAMP\\BACKEND\\GITHUB\\ONION-CHESS\\src\\core\\Domain\\Logic\\Utils\\Trajectory.ts": {"path":"C:\\Users\\Usuario\\Desktop\\BOOTCAMP\\BACKEND\\GITHUB\\ONION-CHESS\\src\\core\\Domain\\Logic\\Utils\\Trajectory.ts","statementMap":{"0":{"start":{"line":3,"column":0},"end":{"line":3,"column":54}},"1":{"start":{"line":4,"column":0},"end":{"line":4,"column":64}},"2":{"start":{"line":5,"column":0},"end":{"line":5,"column":62}},"3":{"start":{"line":6,"column":0},"end":{"line":6,"column":66}},"4":{"start":{"line":7,"column":0},"end":{"line":7,"column":68}},"5":{"start":{"line":8,"column":0},"end":{"line":8,"column":60}},"6":{"start":{"line":9,"column":0},"end":{"line":9,"column":58}},"7":{"start":{"line":10,"column":0},"end":{"line":10,"column":54}},"8":{"start":{"line":11,"column":0},"end":{"line":11,"column":58}},"9":{"start":{"line":15,"column":35},"end":{"line":15,"column":59}},"10":{"start":{"line":17,"column":26},"end":{"line":17,"column":55}},"11":{"start":{"line":18,"column":26},"end":{"line":18,"column":55}},"12":{"start":{"line":20,"column":29},"end":{"line":20,"column":91}},"13":{"start":{"line":21,"column":29},"end":{"line":21,"column":91}},"14":{"start":{"line":23,"column":35},"end":{"line":25,"column":10}},"15":{"start":{"line":24,"column":12},"end":{"line":24,"column":78}},"16":{"start":{"line":27,"column":36},"end":{"line":29,"column":10}},"17":{"start":{"line":28,"column":12},"end":{"line":28,"column":92}},"18":{"start":{"line":31,"column":8},"end":{"line":34,"column":null}},"19":{"start":{"line":32,"column":12},"end":{"line":33,"column":73}},"20":{"start":{"line":35,"column":8},"end":{"line":38,"column":null}},"21":{"start":{"line":36,"column":12},"end":{"line":37,"column":73}},"22":{"start":{"line":39,"column":8},"end":{"line":43,"column":null}},"23":{"start":{"line":41,"column":12},"end":{"line":42,"column":73}},"24":{"start":{"line":44,"column":8},"end":{"line":47,"column":null}},"25":{"start":{"line":45,"column":12},"end":{"line":46,"column":73}},"26":{"start":{"line":48,"column":8},"end":{"line":51,"column":null}},"27":{"start":{"line":49,"column":12},"end":{"line":50,"column":73}},"28":{"start":{"line":52,"column":8},"end":{"line":55,"column":null}},"29":{"start":{"line":53,"column":12},"end":{"line":54,"column":73}},"30":{"start":{"line":56,"column":8},"end":{"line":59,"column":null}},"31":{"start":{"line":57,"column":12},"end":{"line":58,"column":73}},"32":{"start":{"line":60,"column":8},"end":{"line":63,"column":null}},"33":{"start":{"line":61,"column":12},"end":{"line":62,"column":73}},"34":{"start":{"line":65,"column":8},"end":{"line":65,"column":18}},"35":{"start":{"line":13,"column":0},"end":{"line":13,"column":21}}},"fnMap":{"0":{"name":"(anonymous_1)","decl":{"start":{"line":14,"column":4},"end":{"line":14,"column":17}},"loc":{"start":{"line":14,"column":88},"end":{"line":66,"column":5}}},"1":{"name":"(anonymous_2)","decl":{"start":{"line":23,"column":55},"end":{"line":23,"column":58}},"loc":{"start":{"line":23,"column":61},"end":{"line":25,"column":9}}},"2":{"name":"(anonymous_3)","decl":{"start":{"line":27,"column":56},"end":{"line":27,"column":59}},"loc":{"start":{"line":27,"column":62},"end":{"line":29,"column":9}}}},"branchMap":{"0":{"loc":{"start":{"line":24,"column":19},"end":{"line":24,"column":77}},"type":"binary-expr","locations":[{"start":{"line":24,"column":19},"end":{"line":24,"column":46}},{"start":{"line":24,"column":50},"end":{"line":24,"column":77}}]},"1":{"loc":{"start":{"line":28,"column":19},"end":{"line":28,"column":91}},"type":"binary-expr","locations":[{"start":{"line":28,"column":19},"end":{"line":28,"column":53}},{"start":{"line":28,"column":57},"end":{"line":28,"column":91}}]},"2":{"loc":{"start":{"line":31,"column":8},"end":{"line":34,"column":null}},"type":"if","locations":[{"start":{"line":31,"column":8},"end":{"line":34,"column":null}}]},"3":{"loc":{"start":{"line":31,"column":11},"end":{"line":31,"column":47}},"type":"binary-expr","locations":[{"start":{"line":31,"column":11},"end":{"line":31,"column":27}},{"start":{"line":31,"column":31},"end":{"line":31,"column":47}}]},"4":{"loc":{"start":{"line":35,"column":8},"end":{"line":38,"column":null}},"type":"if","locations":[{"start":{"line":35,"column":8},"end":{"line":38,"column":null}}]},"5":{"loc":{"start":{"line":35,"column":11},"end":{"line":35,"column":47}},"type":"binary-expr","locations":[{"start":{"line":35,"column":11},"end":{"line":35,"column":27}},{"start":{"line":35,"column":31},"end":{"line":35,"column":47}}]},"6":{"loc":{"start":{"line":39,"column":8},"end":{"line":43,"column":null}},"type":"if","locations":[{"start":{"line":39,"column":8},"end":{"line":43,"column":null}}]},"7":{"loc":{"start":{"line":39,"column":11},"end":{"line":39,"column":47}},"type":"binary-expr","locations":[{"start":{"line":39,"column":11},"end":{"line":39,"column":27}},{"start":{"line":39,"column":31},"end":{"line":39,"column":47}}]},"8":{"loc":{"start":{"line":44,"column":8},"end":{"line":47,"column":null}},"type":"if","locations":[{"start":{"line":44,"column":8},"end":{"line":47,"column":null}}]},"9":{"loc":{"start":{"line":44,"column":11},"end":{"line":44,"column":47}},"type":"binary-expr","locations":[{"start":{"line":44,"column":11},"end":{"line":44,"column":27}},{"start":{"line":44,"column":31},"end":{"line":44,"column":47}}]},"10":{"loc":{"start":{"line":48,"column":8},"end":{"line":51,"column":null}},"type":"if","locations":[{"start":{"line":48,"column":8},"end":{"line":51,"column":null}}]},"11":{"loc":{"start":{"line":48,"column":11},"end":{"line":48,"column":49}},"type":"binary-expr","locations":[{"start":{"line":48,"column":11},"end":{"line":48,"column":29}},{"start":{"line":48,"column":33},"end":{"line":48,"column":49}}]},"12":{"loc":{"start":{"line":52,"column":8},"end":{"line":55,"column":null}},"type":"if","locations":[{"start":{"line":52,"column":8},"end":{"line":55,"column":null}}]},"13":{"loc":{"start":{"line":52,"column":11},"end":{"line":52,"column":49}},"type":"binary-expr","locations":[{"start":{"line":52,"column":11},"end":{"line":52,"column":29}},{"start":{"line":52,"column":33},"end":{"line":52,"column":49}}]},"14":{"loc":{"start":{"line":56,"column":8},"end":{"line":59,"column":null}},"type":"if","locations":[{"start":{"line":56,"column":8},"end":{"line":59,"column":null}}]},"15":{"loc":{"start":{"line":56,"column":11},"end":{"line":56,"column":49}},"type":"binary-expr","locations":[{"start":{"line":56,"column":11},"end":{"line":56,"column":27}},{"start":{"line":56,"column":31},"end":{"line":56,"column":49}}]},"16":{"loc":{"start":{"line":60,"column":8},"end":{"line":63,"column":null}},"type":"if","locations":[{"start":{"line":60,"column":8},"end":{"line":63,"column":null}}]},"17":{"loc":{"start":{"line":60,"column":11},"end":{"line":60,"column":49}},"type":"binary-expr","locations":[{"start":{"line":60,"column":11},"end":{"line":60,"column":27}},{"start":{"line":60,"column":31},"end":{"line":60,"column":49}}]}},"s":{"0":1,"1":1,"2":1,"3":1,"4":1,"5":1,"6":1,"7":1,"8":1,"9":2747,"10":2747,"11":2747,"12":2747,"13":2747,"14":2747,"15":86831,"16":2747,"17":88523,"18":2747,"19":332,"20":2415,"21":248,"22":2167,"23":239,"24":1928,"25":321,"26":1607,"27":476,"28":1131,"29":374,"30":757,"31":381,"32":376,"33":376,"34":0,"35":1},"f":{"0":2747,"1":86831,"2":88523},"b":{"0":[86831,11991],"1":[88523,12803],"2":[332],"3":[2747,961],"4":[248],"5":[2415,629],"6":[239],"7":[2167,936],"8":[321],"9":[1928,697],"10":[476],"11":[1607,850],"12":[374],"13":[1131,374],"14":[381],"15":[757,381],"16":[376],"17":[376,376]}}
,"C:\\Users\\Usuario\\Desktop\\BOOTCAMP\\BACKEND\\GITHUB\\ONION-CHESS\\src\\core\\Domain\\Logic\\Utils\\UpLeftTrajectoryMapper.ts": {"path":"C:\\Users\\Usuario\\Desktop\\BOOTCAMP\\BACKEND\\GITHUB\\ONION-CHESS\\src\\core\\Domain\\Logic\\Utils\\UpLeftTrajectoryMapper.ts","statementMap":{"0":{"start":{"line":2,"column":0},"end":{"line":2,"column":64}},"1":{"start":{"line":7,"column":16},"end":{"line":7,"column":17}},"2":{"start":{"line":9,"column":8},"end":{"line":23,"column":null}},"3":{"start":{"line":10,"column":12},"end":{"line":22,"column":null}},"4":{"start":{"line":17,"column":16},"end":{"line":20,"column":null}},"5":{"start":{"line":18,"column":20},"end":{"line":18,"column":41}},"6":{"start":{"line":19,"column":20},"end":{"line":19,"column":43}},"7":{"start":{"line":21,"column":16},"end":{"line":21,"column":51}},"8":{"start":{"line":25,"column":8},"end":{"line":28,"column":null}},"9":{"start":{"line":26,"column":12},"end":{"line":26,"column":47}},"10":{"start":{"line":27,"column":12},"end":{"line":27,"column":35}},"11":{"start":{"line":30,"column":8},"end":{"line":36,"column":null}},"12":{"start":{"line":32,"column":12},"end":{"line":32,"column":47}},"13":{"start":{"line":33,"column":12},"end":{"line":33,"column":35}},"14":{"start":{"line":35,"column":12},"end":{"line":35,"column":33}},"15":{"start":{"line":38,"column":8},"end":{"line":38,"column":31}},"16":{"start":{"line":5,"column":0},"end":{"line":5,"column":21}}},"fnMap":{"0":{"name":"(anonymous_1)","decl":{"start":{"line":6,"column":4},"end":{"line":6,"column":17}},"loc":{"start":{"line":6,"column":88},"end":{"line":39,"column":5}}}},"branchMap":{"0":{"loc":{"start":{"line":10,"column":12},"end":{"line":22,"column":null}},"type":"if","locations":[{"start":{"line":10,"column":12},"end":{"line":22,"column":null}}]},"1":{"loc":{"start":{"line":11,"column":16},"end":{"line":15,"column":45}},"type":"binary-expr","locations":[{"start":{"line":11,"column":17},"end":{"line":11,"column":115}},{"start":{"line":13,"column":17},"end":{"line":13,"column":115}},{"start":{"line":15,"column":16},"end":{"line":15,"column":45}}]},"2":{"loc":{"start":{"line":17,"column":16},"end":{"line":20,"column":null}},"type":"if","locations":[{"start":{"line":17,"column":16},"end":{"line":20,"column":null}}]},"3":{"loc":{"start":{"line":17,"column":19},"end":{"line":17,"column":80}},"type":"binary-expr","locations":[{"start":{"line":17,"column":19},"end":{"line":17,"column":48}},{"start":{"line":17,"column":52},"end":{"line":17,"column":80}}]},"4":{"loc":{"start":{"line":25,"column":8},"end":{"line":28,"column":null}},"type":"if","locations":[{"start":{"line":25,"column":8},"end":{"line":28,"column":null}}]},"5":{"loc":{"start":{"line":30,"column":8},"end":{"line":36,"column":null}},"type":"if","locations":[{"start":{"line":30,"column":8},"end":{"line":36,"column":null}},{"start":{"line":34,"column":15},"end":{"line":36,"column":null}}]},"6":{"loc":{"start":{"line":30,"column":11},"end":{"line":31,"column":36}},"type":"binary-expr","locations":[{"start":{"line":30,"column":11},"end":{"line":30,"column":91}},{"start":{"line":31,"column":11},"end":{"line":31,"column":36}}]}},"s":{"0":1,"1":248,"2":248,"3":1966,"4":143,"5":110,"6":110,"7":33,"8":138,"9":73,"10":73,"11":65,"12":0,"13":0,"14":65,"15":65,"16":1},"f":{"0":248},"b":{"0":[143],"1":[1966,1158,908],"2":[110],"3":[143,115],"4":[73],"5":[0,65],"6":[65,0]}}
,"C:\\Users\\Usuario\\Desktop\\BOOTCAMP\\BACKEND\\GITHUB\\ONION-CHESS\\src\\core\\Domain\\Logic\\Utils\\UpRightTrajectoryMapper.ts": {"path":"C:\\Users\\Usuario\\Desktop\\BOOTCAMP\\BACKEND\\GITHUB\\ONION-CHESS\\src\\core\\Domain\\Logic\\Utils\\UpRightTrajectoryMapper.ts","statementMap":{"0":{"start":{"line":3,"column":0},"end":{"line":3,"column":64}},"1":{"start":{"line":7,"column":16},"end":{"line":7,"column":17}},"2":{"start":{"line":8,"column":8},"end":{"line":22,"column":null}},"3":{"start":{"line":9,"column":12},"end":{"line":21,"column":null}},"4":{"start":{"line":16,"column":16},"end":{"line":19,"column":null}},"5":{"start":{"line":17,"column":20},"end":{"line":17,"column":41}},"6":{"start":{"line":18,"column":20},"end":{"line":18,"column":43}},"7":{"start":{"line":20,"column":16},"end":{"line":20,"column":51}},"8":{"start":{"line":24,"column":8},"end":{"line":27,"column":null}},"9":{"start":{"line":25,"column":12},"end":{"line":25,"column":47}},"10":{"start":{"line":26,"column":12},"end":{"line":26,"column":35}},"11":{"start":{"line":29,"column":8},"end":{"line":35,"column":null}},"12":{"start":{"line":31,"column":12},"end":{"line":31,"column":47}},"13":{"start":{"line":32,"column":12},"end":{"line":32,"column":35}},"14":{"start":{"line":34,"column":12},"end":{"line":34,"column":33}},"15":{"start":{"line":37,"column":8},"end":{"line":37,"column":31}},"16":{"start":{"line":5,"column":0},"end":{"line":5,"column":21}}},"fnMap":{"0":{"name":"(anonymous_1)","decl":{"start":{"line":6,"column":4},"end":{"line":6,"column":17}},"loc":{"start":{"line":6,"column":88},"end":{"line":38,"column":5}}}},"branchMap":{"0":{"loc":{"start":{"line":9,"column":12},"end":{"line":21,"column":null}},"type":"if","locations":[{"start":{"line":9,"column":12},"end":{"line":21,"column":null}}]},"1":{"loc":{"start":{"line":10,"column":16},"end":{"line":14,"column":45}},"type":"binary-expr","locations":[{"start":{"line":10,"column":17},"end":{"line":10,"column":115}},{"start":{"line":12,"column":17},"end":{"line":12,"column":115}},{"start":{"line":14,"column":16},"end":{"line":14,"column":45}}]},"2":{"loc":{"start":{"line":16,"column":16},"end":{"line":19,"column":null}},"type":"if","locations":[{"start":{"line":16,"column":16},"end":{"line":19,"column":null}}]},"3":{"loc":{"start":{"line":16,"column":19},"end":{"line":16,"column":80}},"type":"binary-expr","locations":[{"start":{"line":16,"column":19},"end":{"line":16,"column":48}},{"start":{"line":16,"column":52},"end":{"line":16,"column":80}}]},"4":{"loc":{"start":{"line":24,"column":8},"end":{"line":27,"column":null}},"type":"if","locations":[{"start":{"line":24,"column":8},"end":{"line":27,"column":null}}]},"5":{"loc":{"start":{"line":29,"column":8},"end":{"line":35,"column":null}},"type":"if","locations":[{"start":{"line":29,"column":8},"end":{"line":35,"column":null}},{"start":{"line":33,"column":15},"end":{"line":35,"column":null}}]},"6":{"loc":{"start":{"line":29,"column":11},"end":{"line":30,"column":36}},"type":"binary-expr","locations":[{"start":{"line":29,"column":11},"end":{"line":29,"column":91}},{"start":{"line":30,"column":11},"end":{"line":30,"column":36}}]}},"s":{"0":1,"1":332,"2":332,"3":4336,"4":304,"5":136,"6":136,"7":168,"8":196,"9":123,"10":123,"11":73,"12":0,"13":0,"14":73,"15":73,"16":1},"f":{"0":332},"b":{"0":[304],"1":[4336,2988,1156],"2":[136],"3":[304,144],"4":[123],"5":[0,73],"6":[73,0]}}
,"C:\\Users\\Usuario\\Desktop\\BOOTCAMP\\BACKEND\\GITHUB\\ONION-CHESS\\src\\core\\Domain\\Logic\\Utils\\UpTrajectoryMapper.ts": {"path":"C:\\Users\\Usuario\\Desktop\\BOOTCAMP\\BACKEND\\GITHUB\\ONION-CHESS\\src\\core\\Domain\\Logic\\Utils\\UpTrajectoryMapper.ts","statementMap":{"0":{"start":{"line":2,"column":0},"end":{"line":2,"column":64}},"1":{"start":{"line":7,"column":16},"end":{"line":7,"column":17}},"2":{"start":{"line":9,"column":8},"end":{"line":23,"column":null}},"3":{"start":{"line":10,"column":12},"end":{"line":22,"column":null}},"4":{"start":{"line":17,"column":16},"end":{"line":20,"column":null}},"5":{"start":{"line":18,"column":20},"end":{"line":18,"column":41}},"6":{"start":{"line":19,"column":20},"end":{"line":19,"column":43}},"7":{"start":{"line":21,"column":16},"end":{"line":21,"column":51}},"8":{"start":{"line":25,"column":8},"end":{"line":28,"column":null}},"9":{"start":{"line":26,"column":12},"end":{"line":26,"column":47}},"10":{"start":{"line":27,"column":12},"end":{"line":27,"column":35}},"11":{"start":{"line":30,"column":38},"end":{"line":30,"column":85}},"12":{"start":{"line":32,"column":8},"end":{"line":38,"column":null}},"13":{"start":{"line":34,"column":12},"end":{"line":34,"column":47}},"14":{"start":{"line":35,"column":12},"end":{"line":35,"column":35}},"15":{"start":{"line":37,"column":12},"end":{"line":37,"column":33}},"16":{"start":{"line":40,"column":8},"end":{"line":40,"column":31}},"17":{"start":{"line":5,"column":0},"end":{"line":5,"column":21}}},"fnMap":{"0":{"name":"(anonymous_1)","decl":{"start":{"line":6,"column":4},"end":{"line":6,"column":17}},"loc":{"start":{"line":6,"column":88},"end":{"line":41,"column":5}}}},"branchMap":{"0":{"loc":{"start":{"line":10,"column":12},"end":{"line":22,"column":null}},"type":"if","locations":[{"start":{"line":10,"column":12},"end":{"line":22,"column":null}}]},"1":{"loc":{"start":{"line":11,"column":16},"end":{"line":15,"column":45}},"type":"binary-expr","locations":[{"start":{"line":11,"column":17},"end":{"line":11,"column":115}},{"start":{"line":13,"column":17},"end":{"line":13,"column":117}},{"start":{"line":15,"column":16},"end":{"line":15,"column":45}}]},"2":{"loc":{"start":{"line":17,"column":16},"end":{"line":20,"column":null}},"type":"if","locations":[{"start":{"line":17,"column":16},"end":{"line":20,"column":null}}]},"3":{"loc":{"start":{"line":17,"column":19},"end":{"line":17,"column":80}},"type":"binary-expr","locations":[{"start":{"line":17,"column":19},"end":{"line":17,"column":48}},{"start":{"line":17,"column":52},"end":{"line":17,"column":80}}]},"4":{"loc":{"start":{"line":25,"column":8},"end":{"line":28,"column":null}},"type":"if","locations":[{"start":{"line":25,"column":8},"end":{"line":28,"column":null}}]},"5":{"loc":{"start":{"line":32,"column":8},"end":{"line":38,"column":null}},"type":"if","locations":[{"start":{"line":32,"column":8},"end":{"line":38,"column":null}},{"start":{"line":36,"column":15},"end":{"line":38,"column":null}}]},"6":{"loc":{"start":{"line":32,"column":11},"end":{"line":33,"column":36}},"type":"binary-expr","locations":[{"start":{"line":32,"column":11},"end":{"line":32,"column":65}},{"start":{"line":33,"column":11},"end":{"line":33,"column":36}}]}},"s":{"0":1,"1":381,"2":381,"3":4867,"4":506,"5":264,"6":264,"7":242,"8":117,"9":47,"10":47,"11":70,"12":70,"13":0,"14":0,"15":70,"16":70,"17":1},"f":{"0":381},"b":{"0":[506],"1":[4867,3478,506],"2":[264],"3":[506,264],"4":[47],"5":[0,70],"6":[70,1]}}
,"C:\\Users\\Usuario\\Desktop\\BOOTCAMP\\BACKEND\\GITHUB\\ONION-CHESS\\src\\core\\Domain\\abstracts\\Piece.ts": {"path":"C:\\Users\\Usuario\\Desktop\\BOOTCAMP\\BACKEND\\GITHUB\\ONION-CHESS\\src\\core\\Domain\\abstracts\\Piece.ts","statementMap":{"0":{"start":{"line":8,"column":18},"end":{"line":8,"column":33}},"1":{"start":{"line":9,"column":18},"end":{"line":9,"column":30}},"2":{"start":{"line":10,"column":18},"end":{"line":10,"column":31}},"3":{"start":{"line":11,"column":18},"end":{"line":11,"column":36}},"4":{"start":{"line":5,"column":14},"end":{"line":5,"column":28}},"5":{"start":{"line":15,"column":8},"end":{"line":15,"column":33}},"6":{"start":{"line":19,"column":8},"end":{"line":19,"column":29}},"7":{"start":{"line":23,"column":8},"end":{"line":23,"column":25}},"8":{"start":{"line":27,"column":8},"end":{"line":27,"column":23}},"9":{"start":{"line":31,"column":8},"end":{"line":31,"column":29}},"10":{"start":{"line":35,"column":8},"end":{"line":35,"column":26}},"11":{"start":{"line":39,"column":8},"end":{"line":39,"column":27}},"12":{"start":{"line":4,"column":0},"end":{"line":4,"column":30}}},"fnMap":{"0":{"name":"(anonymous_0)","decl":{"start":{"line":7,"column":4},"end":{"line":7,"column":null}},"loc":{"start":{"line":11,"column":36},"end":{"line":12,"column":8}}},"1":{"name":"(anonymous_1)","decl":{"start":{"line":14,"column":4},"end":{"line":14,"column":10}},"loc":{"start":{"line":14,"column":29},"end":{"line":16,"column":5}}},"2":{"name":"(anonymous_2)","decl":{"start":{"line":18,"column":4},"end":{"line":18,"column":12}},"loc":{"start":{"line":18,"column":12},"end":{"line":20,"column":5}}},"3":{"name":"(anonymous_3)","decl":{"start":{"line":22,"column":4},"end":{"line":22,"column":11}},"loc":{"start":{"line":22,"column":11},"end":{"line":24,"column":5}}},"4":{"name":"(anonymous_4)","decl":{"start":{"line":26,"column":4},"end":{"line":26,"column":9}},"loc":{"start":{"line":26,"column":9},"end":{"line":28,"column":5}}},"5":{"name":"(anonymous_5)","decl":{"start":{"line":30,"column":4},"end":{"line":30,"column":15}},"loc":{"start":{"line":30,"column":15},"end":{"line":32,"column":5}}},"6":{"name":"(anonymous_6)","decl":{"start":{"line":34,"column":4},"end":{"line":34,"column":12}},"loc":{"start":{"line":34,"column":12},"end":{"line":36,"column":5}}},"7":{"name":"(anonymous_7)","decl":{"start":{"line":38,"column":4},"end":{"line":38,"column":12}},"loc":{"start":{"line":38,"column":27},"end":{"line":40,"column":5}}}},"branchMap":{},"s":{"0":38,"1":38,"2":38,"3":38,"4":38,"5":17,"6":2465,"7":2246,"8":301,"9":56963,"10":14,"11":1,"12":7},"f":{"0":38,"1":17,"2":2465,"3":2246,"4":301,"5":56963,"6":14,"7":1},"b":{}}
,"C:\\Users\\Usuario\\Desktop\\BOOTCAMP\\BACKEND\\GITHUB\\ONION-CHESS\\src\\core\\Domain\\abstracts\\TrajectoryMapper.ts": {"path":"C:\\Users\\Usuario\\Desktop\\BOOTCAMP\\BACKEND\\GITHUB\\ONION-CHESS\\src\\core\\Domain\\abstracts\\TrajectoryMapper.ts","statementMap":{"0":{"start":{"line":4,"column":0},"end":{"line":4,"column":67}},"1":{"start":{"line":11,"column":18},"end":{"line":11,"column":51}},"2":{"start":{"line":12,"column":18},"end":{"line":12,"column":49}},"3":{"start":{"line":8,"column":14},"end":{"line":8,"column":81}},"4":{"start":{"line":14,"column":8},"end":{"line":14,"column":29}},"5":{"start":{"line":18,"column":8},"end":{"line":21,"column":11}},"6":{"start":{"line":19,"column":12},"end":{"line":20,"column":null}},"7":{"start":{"line":6,"column":0},"end":{"line":6,"column":30}}},"fnMap":{"0":{"name":"(anonymous_1)","decl":{"start":{"line":10,"column":4},"end":{"line":10,"column":null}},"loc":{"start":{"line":12,"column":49},"end":{"line":15,"column":5}}},"1":{"name":"(anonymous_2)","decl":{"start":{"line":17,"column":4},"end":{"line":17,"column":24}},"loc":{"start":{"line":17,"column":60},"end":{"line":22,"column":5}}},"2":{"name":"(anonymous_3)","decl":{"start":{"line":18,"column":27},"end":{"line":18,"column":32}},"loc":{"start":{"line":18,"column":35},"end":{"line":21,"column":9}}}},"branchMap":{"0":{"loc":{"start":{"line":19,"column":19},"end":{"line":20,"column":67}},"type":"binary-expr","locations":[{"start":{"line":19,"column":19},"end":{"line":19,"column":71}},{"start":{"line":20,"column":15},"end":{"line":20,"column":67}}]}},"s":{"0":1,"1":2747,"2":2747,"3":2747,"4":2747,"5":639,"6":10999,"7":1},"f":{"0":2747,"1":639,"2":10999},"b":{"0":[10999,2390]}}
}
