TN:
SF:src\core\Domain\Logic\Game.ts
FN:17,(anonymous_1)
FN:21,(anonymous_2)
FN:25,(anonymous_3)
FN:30,(anonymous_4)
FN:31,(anonymous_5)
FN:35,(anonymous_6)
FN:41,(anonymous_7)
FN:115,(anonymous_8)
FNF:8
FNH:6
FNDA:1,(anonymous_1)
FNDA:0,(anonymous_2)
FNDA:1,(anonymous_3)
FNDA:15,(anonymous_4)
FNDA:218,(anonymous_5)
FNDA:386,(anonymous_6)
FNDA:467,(anonymous_7)
FNDA:0,(anonymous_8)
DA:4,1
DA:6,1
DA:7,1
DA:8,1
DA:9,1
DA:11,1
DA:12,1
DA:13,1
DA:14,1
DA:15,1
DA:18,1
DA:22,0
DA:26,1
DA:27,1
DA:31,15
DA:32,218
DA:35,15
DA:36,386
DA:41,15
DA:42,467
DA:45,15
DA:48,15
DA:49,0
DA:50,0
DA:54,15
DA:55,0
DA:56,0
DA:60,15
DA:61,1
DA:62,1
DA:66,14
DA:67,14
DA:68,0
DA:69,0
DA:73,14
DA:79,14
DA:80,3
DA:81,3
DA:86,11
DA:95,1
DA:96,1
DA:100,10
DA:104,10
DA:105,10
DA:106,10
DA:107,10
DA:110,10
DA:112,10
DA:116,0
DA:117,0
LF:50
LH:41
BRDA:36,0,0,386
BRDA:36,0,1,55
BRDA:42,1,0,467
BRDA:42,1,1,65
BRDA:48,2,0,0
BRDA:48,3,0,15
BRDA:48,3,1,15
BRDA:54,4,0,0
BRDA:60,5,0,1
BRDA:67,6,0,0
BRDA:79,7,0,3
BRDA:86,8,0,1
BRF:12
BRH:9
end_of_record
TN:
SF:src\core\Domain\Logic\Populator.ts
FN:13,(anonymous_1)
FN:18,(anonymous_2)
FN:26,(anonymous_3)
FN:28,(anonymous_4)
FN:34,(anonymous_5)
FNF:5
FNH:4
FNDA:1,(anonymous_1)
FNDA:0,(anonymous_2)
FNDA:1,(anonymous_3)
FNDA:64,(anonymous_4)
FNDA:1,(anonymous_5)
DA:1,1
DA:2,1
DA:3,1
DA:4,1
DA:5,1
DA:6,1
DA:7,1
DA:12,1
DA:14,1
DA:15,1
DA:19,0
DA:20,0
DA:21,0
DA:22,0
DA:23,0
DA:27,1
DA:28,8
DA:29,64
DA:36,1
DA:37,1
DA:39,1
DA:40,1
DA:42,1
DA:43,1
DA:45,1
DA:46,1
DA:48,1
DA:49,1
DA:51,1
DA:52,1
DA:54,1
DA:55,1
DA:57,1
DA:58,1
DA:60,1
DA:61,1
DA:63,1
DA:64,1
DA:66,1
DA:67,1
DA:69,1
DA:70,1
DA:72,1
DA:73,1
DA:75,1
DA:76,1
DA:78,1
DA:79,1
DA:81,1
DA:82,1
DA:85,1
DA:86,1
DA:88,1
DA:89,1
DA:91,1
DA:92,1
DA:94,1
DA:95,1
DA:97,1
DA:98,1
DA:100,1
DA:101,1
DA:103,1
DA:104,1
DA:106,1
DA:107,1
DA:109,1
DA:110,1
DA:112,1
DA:113,1
DA:115,1
DA:116,1
DA:118,1
DA:119,1
DA:121,1
DA:122,1
DA:124,1
DA:125,1
DA:127,1
DA:128,1
DA:130,1
DA:131,1
LF:82
LH:77
BRF:0
BRH:0
end_of_record
TN:
SF:src\core\Domain\Logic\Position.ts
FN:9,(anonymous_0)
FN:14,(anonymous_1)
FN:18,(anonymous_2)
FN:22,(anonymous_3)
FN:26,(anonymous_4)
FN:30,(anonymous_5)
FN:34,(anonymous_6)
FN:38,(anonymous_7)
FNF:8
FNH:6
FNDA:126,(anonymous_0)
FNDA:597275,(anonymous_1)
FNDA:159283,(anonymous_2)
FNDA:0,(anonymous_3)
FNDA:6535,(anonymous_4)
FNDA:0,(anonymous_5)
FNDA:74,(anonymous_6)
FNDA:1854,(anonymous_7)
DA:3,7
DA:4,126
DA:10,126
DA:11,126
DA:15,597275
DA:19,159283
DA:23,0
DA:27,6535
DA:31,0
DA:35,74
DA:39,1854
LF:11
LH:9
BRF:0
BRH:0
end_of_record
TN:
SF:src\core\Domain\Logic\Pieces\Bishop.ts
FN:6,(anonymous_1)
FN:10,(anonymous_2)
FNF:2
FNH:2
FNDA:5,(anonymous_1)
FNDA:8453,(anonymous_2)
DA:1,2
DA:5,2
DA:7,5
DA:11,8453
DA:14,8453
DA:16,8453
LF:6
LH:6
BRDA:14,0,0,8453
BRDA:14,0,1,673
BRDA:16,1,0,8453
BRDA:16,1,1,1266
BRF:4
BRH:4
end_of_record
TN:
SF:src\core\Domain\Logic\Pieces\King.ts
FN:8,(anonymous_1)
FN:12,(anonymous_2)
FN:16,(anonymous_3)
FNF:3
FNH:2
FNDA:3,(anonymous_1)
FNDA:0,(anonymous_2)
FNDA:2943,(anonymous_3)
DA:1,2
DA:5,2
DA:6,3
DA:9,3
DA:13,0
DA:17,2943
DA:19,2943
DA:22,2943
LF:8
LH:7
BRDA:17,0,0,2943
BRDA:17,0,1,434
BRDA:19,1,0,2943
BRDA:19,1,1,926
BRDA:22,2,0,2943
BRDA:22,2,1,611
BRF:6
BRH:6
end_of_record
TN:
SF:src\core\Domain\Logic\Pieces\Knight.ts
FN:6,(anonymous_1)
FN:10,(anonymous_2)
FNF:2
FNH:2
FNDA:5,(anonymous_1)
FNDA:6580,(anonymous_2)
DA:1,2
DA:5,2
DA:7,5
DA:11,6580
DA:16,6580
DA:18,6580
LF:6
LH:6
BRDA:11,0,0,6580
BRDA:11,0,1,1057
BRDA:13,1,0,6580
BRDA:13,1,1,1793
BRDA:16,2,0,6580
BRDA:16,2,1,673
BRDA:18,3,0,6580
BRDA:18,3,1,487
BRF:8
BRH:8
end_of_record
TN:
SF:src\core\Domain\Logic\Pieces\Pawn.ts
FN:6,(anonymous_1)
FN:10,(anonymous_2)
FN:73,(anonymous_3)
FNF:3
FNH:3
FNDA:17,(anonymous_1)
FNDA:16,(anonymous_2)
FNDA:4,(anonymous_3)
DA:1,2
DA:5,2
DA:7,17
DA:11,16
DA:13,16
DA:14,12
DA:15,11
DA:31,1
DA:42,4
DA:43,4
DA:59,0
DA:74,4
DA:75,4
DA:76,4
DA:78,0
DA:79,0
DA:82,0
LF:17
LH:13
BRDA:11,0,0,16
BRDA:11,0,1,1
BRDA:13,1,0,12
BRDA:13,1,1,4
BRDA:14,2,0,11
BRDA:14,2,1,1
BRDA:15,3,0,11
BRDA:15,3,1,5
BRDA:15,3,2,6
BRDA:15,3,3,2
BRDA:15,3,4,4
BRDA:15,3,5,7
BRDA:31,4,0,1
BRDA:31,4,1,1
BRDA:31,4,2,0
BRDA:31,4,3,1
BRDA:42,5,0,4
BRDA:42,5,1,0
BRDA:43,6,0,4
BRDA:43,6,1,3
BRDA:43,6,2,1
BRDA:43,6,3,1
BRDA:43,6,4,0
BRDA:43,6,5,4
BRDA:59,7,0,0
BRDA:59,7,1,0
BRDA:59,7,2,0
BRDA:59,7,3,0
BRDA:74,8,0,4
BRDA:78,9,0,0
BRDA:78,9,1,0
BRDA:79,10,0,0
BRDA:79,10,1,0
BRDA:82,11,0,0
BRDA:82,11,1,0
BRF:35
BRH:22
end_of_record
TN:
SF:src\core\Domain\Logic\Pieces\Queen.ts
FN:6,(anonymous_1)
FN:10,(anonymous_2)
FNF:2
FNH:2
FNDA:3,(anonymous_1)
FNDA:4062,(anonymous_2)
DA:1,2
DA:5,2
DA:7,3
DA:11,4062
DA:14,4062
DA:17,4062
DA:19,4062
LF:7
LH:7
BRDA:17,0,0,4062
BRDA:17,0,1,552
BRDA:19,1,0,4062
BRDA:19,1,1,1723
BRF:4
BRH:4
end_of_record
TN:
SF:src\core\Domain\Logic\Pieces\Rook.ts
FN:6,(anonymous_1)
FN:10,(anonymous_2)
FNF:2
FNH:2
FNDA:5,(anonymous_1)
FNDA:6886,(anonymous_2)
DA:1,2
DA:5,2
DA:7,5
DA:11,6886
DA:13,6886
DA:16,6886
LF:6
LH:6
BRDA:11,0,0,6886
BRDA:11,0,1,1282
BRDA:13,1,0,6886
BRDA:13,1,1,5604
BRDA:16,2,0,6886
BRDA:16,2,1,2769
BRF:6
BRH:6
end_of_record
TN:
SF:src\core\Domain\Logic\Restrictions\BlockingRestriction.ts
FN:7,(anonymous_1)
FN:11,(anonymous_2)
FNF:2
FNH:2
FNDA:3,(anonymous_1)
FNDA:3399,(anonymous_2)
DA:5,1
DA:7,1
DA:8,3
DA:9,3
DA:12,3399
DA:14,3399
DA:15,675
DA:18,2724
LF:8
LH:8
BRDA:14,0,0,675
BRF:1
BRH:1
end_of_record
TN:
SF:src\core\Domain\Logic\Restrictions\KingCheckRestriction.ts
FN:6,(anonymous_1)
FN:10,(anonymous_2)
FNF:2
FNH:2
FNDA:1,(anonymous_1)
FNDA:11,(anonymous_2)
DA:3,1
DA:4,1
DA:6,1
DA:7,1
DA:8,1
DA:11,11
DA:12,11
DA:14,11
DA:15,11
DA:17,11
DA:18,11
DA:19,11
DA:21,11
DA:23,11
DA:24,6
DA:27,1
DA:30,5
DA:33,0
DA:37,0
DA:38,0
DA:40,0
DA:41,0
DA:44,10
LF:23
LH:18
BRDA:11,0,0,11
BRDA:11,0,1,0
BRDA:23,1,0,6
BRDA:23,1,1,5
BRDA:24,2,0,1
BRDA:24,3,0,6
BRDA:24,3,1,5
BRDA:30,4,0,0
BRDA:30,5,0,5
BRDA:30,5,1,5
BRDA:37,6,0,0
BRDA:37,7,0,0
BRDA:37,7,1,0
BRDA:37,7,2,0
BRDA:40,8,0,0
BRDA:40,9,0,0
BRDA:40,9,1,0
BRDA:40,9,2,0
BRF:18
BRH:8
end_of_record
TN:
SF:src\core\Domain\Logic\Restrictions\TakesRestriction.ts
FN:6,(anonymous_0)
FN:21,(anonymous_1)
FN:22,(anonymous_2)
FNF:3
FNH:3
FNDA:10,(anonymous_0)
FNDA:4,(anonymous_1)
FNDA:35,(anonymous_2)
DA:5,1
DA:7,10
DA:8,4
DA:9,4
DA:10,1
DA:12,1
DA:13,1
DA:15,0
DA:22,4
DA:23,35
LF:10
LH:9
BRDA:7,0,0,4
BRDA:7,1,0,10
BRDA:7,1,1,10
BRDA:9,2,0,1
BRDA:12,3,0,1
BRDA:12,3,1,0
BRDA:23,4,0,35
BRDA:23,4,1,8
BRF:8
BRH:7
end_of_record
TN:
SF:src\core\Domain\Logic\Utils\AttackMapping.ts
FN:7,(anonymous_1)
FN:10,(anonymous_2)
FN:13,(anonymous_3)
FN:20,(anonymous_4)
FN:21,(anonymous_5)
FN:39,(anonymous_6)
FN:40,(anonymous_7)
FN:55,(anonymous_8)
FN:59,(anonymous_9)
FN:82,(anonymous_10)
FN:83,(anonymous_11)
FNF:11
FNH:11
FNDA:2,(anonymous_1)
FNDA:21,(anonymous_2)
FNDA:672,(anonymous_3)
FNDA:10752,(anonymous_4)
FNDA:10752,(anonymous_5)
FNDA:10752,(anonymous_6)
FNDA:10752,(anonymous_7)
FNDA:21504,(anonymous_8)
FNDA:1164,(anonymous_9)
FNDA:21,(anonymous_10)
FNDA:1344,(anonymous_11)
DA:4,1
DA:7,1
DA:8,2
DA:11,21
DA:13,21
DA:14,672
DA:15,336
DA:16,168
DA:17,168
DA:18,168
DA:20,10752
DA:21,10752
DA:23,168
DA:24,0
DA:25,168
DA:26,0
DA:29,168
DA:30,0
DA:31,168
DA:32,0
DA:35,168
DA:36,168
DA:37,168
DA:39,10752
DA:40,10752
DA:42,168
DA:43,0
DA:44,168
DA:45,0
DA:48,168
DA:49,0
DA:50,168
DA:51,0
DA:55,336
DA:56,21504
DA:57,3385
DA:58,3385
DA:59,664
DA:60,1164
DA:61,553
DA:62,246
DA:64,307
DA:65,0
DA:69,611
DA:70,206
DA:71,405
DA:72,58
DA:83,21
DA:84,1344
LF:49
LH:40
BRDA:14,0,0,336
BRDA:14,0,1,336
BRDA:15,1,0,168
BRDA:15,1,1,168
BRDA:20,2,0,10752
BRDA:20,2,1,0
BRDA:21,3,0,10752
BRDA:21,3,1,0
BRDA:23,4,0,0
BRDA:23,4,1,168
BRDA:25,5,0,0
BRDA:29,6,0,0
BRDA:29,6,1,168
BRDA:31,7,0,0
BRDA:39,8,0,10752
BRDA:39,8,1,0
BRDA:40,9,0,10752
BRDA:40,9,1,0
BRDA:42,10,0,0
BRDA:42,10,1,168
BRDA:44,11,0,0
BRDA:48,12,0,0
BRDA:48,12,1,168
BRDA:50,13,0,0
BRDA:56,14,0,3385
BRDA:58,15,0,664
BRDA:60,16,0,553
BRDA:60,16,1,611
BRDA:61,17,0,246
BRDA:61,17,1,307
BRDA:64,18,0,0
BRDA:69,19,0,206
BRDA:69,19,1,405
BRDA:71,20,0,58
BRF:34
BRH:21
end_of_record
TN:
SF:src\core\Domain\Logic\Utils\DistanceCalculator.ts
FN:6,(anonymous_0)
FN:10,(anonymous_1)
FN:14,(anonymous_2)
FNF:3
FNH:2
FNDA:30960,(anonymous_0)
FNDA:22706,(anonymous_1)
FNDA:0,(anonymous_2)
DA:5,1
DA:7,30960
DA:11,22706
DA:15,0
DA:20,0
LF:5
LH:3
BRF:0
BRH:0
end_of_record
TN:
SF:src\core\Domain\Logic\Utils\DownLeftTrajectoryMapper.ts
FN:6,(anonymous_1)
FNF:1
FNH:1
FNDA:305,(anonymous_1)
DA:2,1
DA:5,1
DA:7,305
DA:9,305
DA:10,3784
DA:17,208
DA:18,87
DA:19,87
DA:21,121
DA:25,218
DA:26,122
DA:27,122
DA:30,96
DA:32,0
DA:33,0
DA:35,96
DA:38,96
LF:17
LH:15
BRDA:10,0,0,208
BRDA:11,1,0,3784
BRDA:11,1,1,2574
BRDA:11,1,2,937
BRDA:17,2,0,87
BRDA:17,3,0,208
BRDA:17,3,1,97
BRDA:25,4,0,122
BRDA:30,5,0,0
BRDA:30,5,1,96
BRDA:30,6,0,96
BRDA:30,6,1,0
BRF:12
BRH:10
end_of_record
TN:
SF:src\core\Domain\Logic\Utils\DownRightTrajectoryMapper.ts
FN:6,(anonymous_1)
FNF:1
FNH:1
FNDA:401,(anonymous_1)
DA:2,1
DA:5,1
DA:7,401
DA:9,401
DA:10,3575
DA:17,313
DA:18,164
DA:19,164
DA:21,149
DA:25,237
DA:26,125
DA:27,125
DA:30,112
DA:32,14
DA:33,14
DA:35,98
DA:38,98
LF:17
LH:17
BRDA:10,0,0,313
BRDA:11,1,0,3575
BRDA:11,1,1,2396
BRDA:11,1,2,1734
BRDA:17,2,0,164
BRDA:17,3,0,313
BRDA:17,3,1,202
BRDA:25,4,0,125
BRDA:30,5,0,14
BRDA:30,5,1,98
BRDA:30,6,0,112
BRDA:30,6,1,14
BRF:12
BRH:12
end_of_record
TN:
SF:src\core\Domain\Logic\Utils\DownTrajectoryMapper.ts
FN:6,(anonymous_1)
FNF:1
FNH:1
FNDA:465,(anonymous_1)
DA:2,1
DA:5,1
DA:7,465
DA:9,465
DA:10,5557
DA:17,580
DA:18,334
DA:19,334
DA:21,246
DA:25,131
DA:26,62
DA:27,62
DA:30,69
DA:32,4
DA:33,4
DA:35,65
DA:38,65
LF:17
LH:17
BRDA:10,0,0,580
BRDA:11,1,0,5557
BRDA:11,1,1,3992
BRDA:11,1,2,580
BRDA:17,2,0,334
BRDA:17,3,0,580
BRDA:17,3,1,334
BRDA:25,4,0,62
BRDA:30,5,0,4
BRDA:30,5,1,65
BRDA:30,6,0,69
BRDA:30,6,1,4
BRF:12
BRH:12
end_of_record
TN:
SF:src\core\Domain\Logic\Utils\LeftTrajectoryMapper.ts
FN:6,(anonymous_1)
FNF:1
FNH:1
FNDA:462,(anonymous_1)
DA:2,1
DA:5,1
DA:7,462
DA:9,462
DA:10,443
DA:17,443
DA:18,311
DA:19,311
DA:21,132
DA:25,151
DA:26,25
DA:27,25
DA:30,126
DA:32,0
DA:33,0
DA:35,126
DA:38,126
LF:17
LH:15
BRDA:10,0,0,443
BRDA:11,1,0,443
BRDA:11,1,1,443
BRDA:11,1,2,443
BRDA:17,2,0,311
BRDA:17,3,0,443
BRDA:17,3,1,311
BRDA:25,4,0,25
BRDA:30,5,0,0
BRDA:30,5,1,126
BRDA:30,6,0,126
BRDA:30,6,1,0
BRF:12
BRH:10
end_of_record
TN:
SF:src\core\Domain\Logic\Utils\PieceMapper.ts
FN:5,(anonymous_0)
FN:6,(anonymous_1)
FNF:2
FNH:2
FNDA:11,(anonymous_0)
FNDA:135,(anonymous_1)
DA:4,1
DA:6,11
DA:7,135
LF:3
LH:3
BRDA:7,0,0,135
BRDA:7,0,1,16
BRF:2
BRH:2
end_of_record
TN:
SF:src\core\Domain\Logic\Utils\RightTrajectoryMapper.ts
FN:6,(anonymous_1)
FNF:1
FNH:1
FNDA:588,(anonymous_1)
DA:2,1
DA:5,1
DA:7,588
DA:9,588
DA:10,473
DA:17,473
DA:18,449
DA:19,449
DA:21,24
DA:25,139
DA:26,13
DA:27,13
DA:30,126
DA:32,0
DA:33,0
DA:35,126
DA:38,126
LF:17
LH:15
BRDA:10,0,0,473
BRDA:11,1,0,473
BRDA:11,1,1,473
BRDA:11,1,2,473
BRDA:17,2,0,449
BRDA:17,3,0,473
BRDA:17,3,1,449
BRDA:25,4,0,13
BRDA:30,5,0,0
BRDA:30,5,1,126
BRDA:30,6,0,126
BRDA:30,6,1,0
BRF:12
BRH:10
end_of_record
TN:
SF:src\core\Domain\Logic\Utils\Trajectory.ts
FN:14,(anonymous_1)
FN:23,(anonymous_2)
FN:27,(anonymous_3)
FNF:3
FNH:3
FNDA:3399,(anonymous_1)
FNDA:108295,(anonymous_2)
FNDA:109684,(anonymous_3)
DA:3,1
DA:4,1
DA:5,1
DA:6,1
DA:7,1
DA:8,1
DA:9,1
DA:10,1
DA:11,1
DA:13,1
DA:15,3399
DA:17,3399
DA:18,3399
DA:20,3399
DA:21,3399
DA:23,3399
DA:24,108295
DA:27,3399
DA:28,109684
DA:31,3399
DA:32,399
DA:35,3000
DA:36,310
DA:39,2690
DA:41,305
DA:44,2385
DA:45,401
DA:48,1984
DA:49,588
DA:52,1396
DA:53,462
DA:56,934
DA:57,469
DA:60,465
DA:61,465
DA:65,0
LF:36
LH:35
BRDA:24,0,0,108295
BRDA:24,0,1,14911
BRDA:28,1,0,109684
BRDA:28,1,1,15860
BRDA:31,2,0,399
BRDA:31,3,0,3399
BRDA:31,3,1,1178
BRDA:35,4,0,310
BRDA:35,5,0,3000
BRDA:35,5,1,779
BRDA:39,6,0,305
BRDA:39,7,0,2690
BRDA:39,7,1,1171
BRDA:44,8,0,401
BRDA:44,9,0,2385
BRDA:44,9,1,866
BRDA:48,10,0,588
BRDA:48,11,0,1984
BRDA:48,11,1,1050
BRDA:52,12,0,462
BRDA:52,13,0,1396
BRDA:52,13,1,462
BRDA:56,14,0,469
BRDA:56,15,0,934
BRDA:56,15,1,469
BRDA:60,16,0,465
BRDA:60,17,0,465
BRDA:60,17,1,465
BRF:28
BRH:28
end_of_record
TN:
SF:src\core\Domain\Logic\Utils\UpLeftTrajectoryMapper.ts
FN:6,(anonymous_1)
FNF:1
FNH:1
FNDA:310,(anonymous_1)
DA:2,1
DA:5,1
DA:7,310
DA:9,310
DA:10,2478
DA:17,179
DA:18,134
DA:19,134
DA:21,45
DA:25,176
DA:26,93
DA:27,93
DA:30,83
DA:32,4
DA:33,4
DA:35,79
DA:38,79
LF:17
LH:17
BRDA:10,0,0,179
BRDA:11,1,0,2478
BRDA:11,1,1,1514
BRDA:11,1,2,1194
BRDA:17,2,0,134
BRDA:17,3,0,179
BRDA:17,3,1,141
BRDA:25,4,0,93
BRDA:30,5,0,4
BRDA:30,5,1,79
BRDA:30,6,0,83
BRDA:30,6,1,4
BRF:12
BRH:12
end_of_record
TN:
SF:src\core\Domain\Logic\Utils\UpRightTrajectoryMapper.ts
FN:6,(anonymous_1)
FNF:1
FNH:1
FNDA:399,(anonymous_1)
DA:3,1
DA:5,1
DA:7,399
DA:8,399
DA:9,5164
DA:16,356
DA:17,158
DA:18,158
DA:20,198
DA:24,241
DA:25,151
DA:26,151
DA:29,90
DA:31,3
DA:32,3
DA:34,87
DA:37,87
LF:17
LH:17
BRDA:9,0,0,356
BRDA:10,1,0,5164
BRDA:10,1,1,3537
BRDA:10,1,2,1386
BRDA:16,2,0,158
BRDA:16,3,0,356
BRDA:16,3,1,166
BRDA:24,4,0,151
BRDA:29,5,0,3
BRDA:29,5,1,87
BRDA:29,6,0,90
BRDA:29,6,1,3
BRF:12
BRH:12
end_of_record
TN:
SF:src\core\Domain\Logic\Utils\UpTrajectoryMapper.ts
FN:6,(anonymous_1)
FNF:1
FNH:1
FNDA:469,(anonymous_1)
DA:2,1
DA:5,1
DA:7,469
DA:9,469
DA:10,6087
DA:17,634
DA:18,324
DA:19,324
DA:21,310
DA:25,145
DA:26,59
DA:27,59
DA:30,86
DA:32,86
DA:34,0
DA:35,0
DA:37,86
DA:40,86
LF:18
LH:16
BRDA:10,0,0,634
BRDA:11,1,0,6087
BRDA:11,1,1,4378
BRDA:11,1,2,634
BRDA:17,2,0,324
BRDA:17,3,0,634
BRDA:17,3,1,324
BRDA:25,4,0,59
BRDA:32,5,0,0
BRDA:32,5,1,86
BRDA:32,6,0,86
BRDA:32,6,1,1
BRF:12
BRH:11
end_of_record
TN:
SF:src\core\Domain\abstracts\Piece.ts
FN:7,(anonymous_0)
FN:14,(anonymous_1)
FN:18,(anonymous_2)
FN:22,(anonymous_3)
FN:26,(anonymous_4)
FN:30,(anonymous_5)
FN:34,(anonymous_6)
FN:38,(anonymous_7)
FNF:8
FNH:8
FNDA:38,(anonymous_0)
FNDA:21,(anonymous_1)
FNDA:3139,(anonymous_2)
FNDA:2743,(anonymous_3)
FNDA:353,(anonymous_4)
FNDA:71500,(anonymous_5)
FNDA:15,(anonymous_6)
FNDA:1,(anonymous_7)
DA:4,7
DA:5,38
DA:8,38
DA:9,38
DA:10,38
DA:11,38
DA:15,21
DA:19,3139
DA:23,2743
DA:27,353
DA:31,71500
DA:35,15
DA:39,1
LF:13
LH:13
BRF:0
BRH:0
end_of_record
TN:
SF:src\core\Domain\abstracts\TrajectoryMapper.ts
FN:10,(anonymous_1)
FN:17,(anonymous_2)
FN:18,(anonymous_3)
FNF:3
FNH:3
FNDA:3399,(anonymous_1)
FNDA:788,(anonymous_2)
FNDA:13509,(anonymous_3)
DA:4,1
DA:6,1
DA:8,3399
DA:11,3399
DA:12,3399
DA:14,3399
DA:18,788
DA:19,13509
LF:8
LH:8
BRDA:19,0,0,13509
BRDA:19,0,1,2812
BRF:2
BRH:2
end_of_record
