TN:
SF:src\core\Domain\Logic\Game.ts
FN:17,(anonymous_1)
FN:21,(anonymous_2)
FN:25,(anonymous_3)
FN:30,(anonymous_4)
FN:31,(anonymous_5)
FN:35,(anonymous_6)
FN:41,(anonymous_7)
FN:115,(anonymous_8)
FNF:8
FNH:6
FNDA:1,(anonymous_1)
FNDA:0,(anonymous_2)
FNDA:1,(anonymous_3)
FNDA:14,(anonymous_4)
FNDA:192,(anonymous_5)
FNDA:308,(anonymous_6)
FNDA:361,(anonymous_7)
FNDA:0,(anonymous_8)
DA:4,1
DA:6,1
DA:7,1
DA:8,1
DA:9,1
DA:11,1
DA:12,1
DA:13,1
DA:14,1
DA:15,1
DA:18,1
DA:22,0
DA:26,1
DA:27,1
DA:31,14
DA:32,192
DA:35,14
DA:36,308
DA:41,14
DA:42,361
DA:45,14
DA:48,14
DA:49,0
DA:50,0
DA:54,14
DA:55,0
DA:56,0
DA:60,14
DA:61,1
DA:62,1
DA:66,13
DA:67,13
DA:68,1
DA:69,1
DA:73,12
DA:79,12
DA:80,3
DA:81,3
DA:86,9
DA:95,1
DA:96,1
DA:100,8
DA:104,8
DA:105,8
DA:106,8
DA:107,8
DA:110,8
DA:112,8
DA:116,0
DA:117,0
LF:50
LH:43
BRDA:36,0,0,308
BRDA:36,0,1,46
BRDA:42,1,0,361
BRDA:42,1,1,53
BRDA:48,2,0,0
BRDA:48,3,0,14
BRDA:48,3,1,14
BRDA:54,4,0,0
BRDA:60,5,0,1
BRDA:67,6,0,1
BRDA:79,7,0,3
BRDA:86,8,0,1
BRF:12
BRH:10
end_of_record
TN:
SF:src\core\Domain\Logic\Populator.ts
FN:13,(anonymous_1)
FN:18,(anonymous_2)
FN:26,(anonymous_3)
FN:28,(anonymous_4)
FN:34,(anonymous_5)
FNF:5
FNH:4
FNDA:1,(anonymous_1)
FNDA:0,(anonymous_2)
FNDA:1,(anonymous_3)
FNDA:64,(anonymous_4)
FNDA:1,(anonymous_5)
DA:1,1
DA:2,1
DA:3,1
DA:4,1
DA:5,1
DA:6,1
DA:7,1
DA:12,1
DA:14,1
DA:15,1
DA:19,0
DA:20,0
DA:21,0
DA:22,0
DA:23,0
DA:27,1
DA:28,8
DA:29,64
DA:36,1
DA:37,1
DA:39,1
DA:40,1
DA:42,1
DA:43,1
DA:45,1
DA:46,1
DA:48,1
DA:49,1
DA:51,1
DA:52,1
DA:54,1
DA:55,1
DA:57,1
DA:58,1
DA:60,1
DA:61,1
DA:63,1
DA:64,1
DA:66,1
DA:67,1
DA:69,1
DA:70,1
DA:72,1
DA:73,1
DA:75,1
DA:76,1
DA:78,1
DA:79,1
DA:81,1
DA:82,1
DA:85,1
DA:86,1
DA:88,1
DA:89,1
DA:91,1
DA:92,1
DA:94,1
DA:95,1
DA:97,1
DA:98,1
DA:100,1
DA:101,1
DA:103,1
DA:104,1
DA:106,1
DA:107,1
DA:109,1
DA:110,1
DA:112,1
DA:113,1
DA:115,1
DA:116,1
DA:118,1
DA:119,1
DA:121,1
DA:122,1
DA:124,1
DA:125,1
DA:127,1
DA:128,1
DA:130,1
DA:131,1
LF:82
LH:77
BRF:0
BRH:0
end_of_record
TN:
SF:src\core\Domain\Logic\Position.ts
FN:9,(anonymous_0)
FN:14,(anonymous_1)
FN:18,(anonymous_2)
FN:22,(anonymous_3)
FN:26,(anonymous_4)
FN:30,(anonymous_5)
FN:34,(anonymous_6)
FN:38,(anonymous_7)
FNF:8
FNH:6
FNDA:125,(anonymous_0)
FNDA:479731,(anonymous_1)
FNDA:127085,(anonymous_2)
FNDA:0,(anonymous_3)
FNDA:5042,(anonymous_4)
FNDA:0,(anonymous_5)
FNDA:66,(anonymous_6)
FNDA:1480,(anonymous_7)
DA:3,7
DA:4,125
DA:10,125
DA:11,125
DA:15,479731
DA:19,127085
DA:23,0
DA:27,5042
DA:31,0
DA:35,66
DA:39,1480
LF:11
LH:9
BRF:0
BRH:0
end_of_record
TN:
SF:src\core\Domain\Logic\Pieces\Bishop.ts
FN:6,(anonymous_1)
FN:10,(anonymous_2)
FNF:2
FNH:2
FNDA:5,(anonymous_1)
FNDA:6630,(anonymous_2)
DA:1,2
DA:5,2
DA:7,5
DA:11,6630
DA:14,6630
DA:16,6630
LF:6
LH:6
BRDA:14,0,0,6630
BRDA:14,0,1,545
BRDA:16,1,0,6630
BRDA:16,1,1,1024
BRF:4
BRH:4
end_of_record
TN:
SF:src\core\Domain\Logic\Pieces\King.ts
FN:8,(anonymous_1)
FN:12,(anonymous_2)
FN:16,(anonymous_3)
FNF:3
FNH:2
FNDA:3,(anonymous_1)
FNDA:0,(anonymous_2)
FNDA:2377,(anonymous_3)
DA:1,2
DA:5,2
DA:6,3
DA:9,3
DA:13,0
DA:17,2377
DA:19,2377
DA:22,2377
LF:8
LH:7
BRDA:17,0,0,2377
BRDA:17,0,1,350
BRDA:19,1,0,2377
BRDA:19,1,1,744
BRDA:22,2,0,2377
BRDA:22,2,1,489
BRF:6
BRH:6
end_of_record
TN:
SF:src\core\Domain\Logic\Pieces\Knight.ts
FN:6,(anonymous_1)
FN:10,(anonymous_2)
FNF:2
FNH:2
FNDA:5,(anonymous_1)
FNDA:5294,(anonymous_2)
DA:1,2
DA:5,2
DA:7,5
DA:11,5294
DA:16,5294
DA:18,5294
LF:6
LH:6
BRDA:11,0,0,5294
BRDA:11,0,1,828
BRDA:13,1,0,5294
BRDA:13,1,1,1408
BRDA:16,2,0,5294
BRDA:16,2,1,545
BRDA:18,3,0,5294
BRDA:18,3,1,386
BRF:8
BRH:8
end_of_record
TN:
SF:src\core\Domain\Logic\Pieces\Pawn.ts
FN:6,(anonymous_1)
FN:10,(anonymous_2)
FN:73,(anonymous_3)
FNF:3
FNH:3
FNDA:17,(anonymous_1)
FNDA:16,(anonymous_2)
FNDA:5,(anonymous_3)
DA:1,2
DA:5,2
DA:7,17
DA:11,16
DA:13,16
DA:14,13
DA:15,11
DA:31,2
DA:42,3
DA:43,3
DA:59,0
DA:74,5
DA:75,4
DA:76,4
DA:78,1
DA:79,1
DA:82,0
LF:17
LH:15
BRDA:11,0,0,16
BRDA:11,0,1,2
BRDA:13,1,0,13
BRDA:13,1,1,3
BRDA:14,2,0,11
BRDA:14,2,1,2
BRDA:15,3,0,11
BRDA:15,3,1,5
BRDA:15,3,2,6
BRDA:15,3,3,2
BRDA:15,3,4,4
BRDA:15,3,5,7
BRDA:31,4,0,2
BRDA:31,4,1,1
BRDA:31,4,2,1
BRDA:31,4,3,1
BRDA:42,5,0,3
BRDA:42,5,1,0
BRDA:43,6,0,3
BRDA:43,6,1,2
BRDA:43,6,2,1
BRDA:43,6,3,1
BRDA:43,6,4,0
BRDA:43,6,5,3
BRDA:59,7,0,0
BRDA:59,7,1,0
BRDA:59,7,2,0
BRDA:59,7,3,0
BRDA:74,8,0,4
BRDA:78,9,0,1
BRDA:78,9,1,0
BRDA:79,10,0,1
BRDA:79,10,1,0
BRDA:82,11,0,0
BRDA:82,11,1,0
BRF:35
BRH:25
end_of_record
TN:
SF:src\core\Domain\Logic\Pieces\Queen.ts
FN:6,(anonymous_1)
FN:10,(anonymous_2)
FNF:2
FNH:2
FNDA:3,(anonymous_1)
FNDA:3254,(anonymous_2)
DA:1,2
DA:5,2
DA:7,3
DA:11,3254
DA:14,3254
DA:17,3254
DA:19,3254
LF:7
LH:7
BRDA:17,0,0,3254
BRDA:17,0,1,444
BRDA:19,1,0,3254
BRDA:19,1,1,1379
BRF:4
BRH:4
end_of_record
TN:
SF:src\core\Domain\Logic\Pieces\Rook.ts
FN:6,(anonymous_1)
FN:10,(anonymous_2)
FNF:2
FNH:2
FNDA:5,(anonymous_1)
FNDA:5530,(anonymous_2)
DA:1,2
DA:5,2
DA:7,5
DA:11,5530
DA:13,5530
DA:16,5530
LF:6
LH:6
BRDA:11,0,0,5530
BRDA:11,0,1,1020
BRDA:13,1,0,5530
BRDA:13,1,1,4510
BRDA:16,2,0,5530
BRDA:16,2,1,2197
BRF:6
BRH:6
end_of_record
TN:
SF:src\core\Domain\Logic\Restrictions\BlockingRestriction.ts
FN:7,(anonymous_1)
FN:11,(anonymous_2)
FNF:2
FNH:2
FNDA:3,(anonymous_1)
FNDA:2747,(anonymous_2)
DA:5,1
DA:7,1
DA:8,3
DA:9,3
DA:12,2747
DA:14,2747
DA:15,497
DA:18,2250
LF:8
LH:8
BRDA:14,0,0,497
BRF:1
BRH:1
end_of_record
TN:
SF:src\core\Domain\Logic\Restrictions\KingCheckRestriction.ts
FN:7,(anonymous_1)
FN:11,(anonymous_2)
FNF:2
FNH:2
FNDA:1,(anonymous_1)
FNDA:9,(anonymous_2)
DA:3,1
DA:5,1
DA:7,1
DA:8,1
DA:9,1
DA:12,9
DA:13,9
DA:15,9
DA:16,9
DA:18,9
DA:19,9
DA:20,9
DA:22,9
DA:24,9
DA:25,5
DA:28,1
DA:31,4
DA:34,0
DA:38,0
DA:39,0
DA:41,0
DA:42,0
DA:45,8
LF:23
LH:18
BRDA:12,0,0,9
BRDA:12,0,1,0
BRDA:24,1,0,5
BRDA:24,1,1,4
BRDA:25,2,0,1
BRDA:25,3,0,5
BRDA:25,3,1,4
BRDA:31,4,0,0
BRDA:31,5,0,4
BRDA:31,5,1,4
BRDA:38,6,0,0
BRDA:38,7,0,0
BRDA:38,7,1,0
BRDA:38,7,2,0
BRDA:41,8,0,0
BRDA:41,9,0,0
BRDA:41,9,1,0
BRDA:41,9,2,0
BRF:18
BRH:8
end_of_record
TN:
SF:src\core\Domain\Logic\Restrictions\TakesRestriction.ts
FN:6,(anonymous_0)
FN:21,(anonymous_1)
FN:22,(anonymous_2)
FNF:3
FNH:3
FNDA:8,(anonymous_0)
FNDA:3,(anonymous_1)
FNDA:40,(anonymous_2)
DA:5,1
DA:7,8
DA:8,3
DA:9,3
DA:10,1
DA:12,1
DA:13,1
DA:15,0
DA:22,3
DA:23,40
LF:10
LH:9
BRDA:7,0,0,3
BRDA:7,1,0,8
BRDA:7,1,1,8
BRDA:9,2,0,1
BRDA:12,3,0,1
BRDA:12,3,1,0
BRDA:23,4,0,40
BRDA:23,4,1,8
BRF:8
BRH:7
end_of_record
TN:
SF:src\core\Domain\Logic\Utils\AttackMapping.ts
FN:7,(anonymous_1)
FN:10,(anonymous_2)
FN:13,(anonymous_3)
FN:20,(anonymous_4)
FN:21,(anonymous_5)
FN:39,(anonymous_6)
FN:40,(anonymous_7)
FN:55,(anonymous_8)
FN:59,(anonymous_9)
FN:82,(anonymous_10)
FN:83,(anonymous_11)
FNF:11
FNH:11
FNDA:2,(anonymous_1)
FNDA:17,(anonymous_2)
FNDA:544,(anonymous_3)
FNDA:8704,(anonymous_4)
FNDA:8704,(anonymous_5)
FNDA:8704,(anonymous_6)
FNDA:8704,(anonymous_7)
FNDA:17408,(anonymous_8)
FNDA:860,(anonymous_9)
FNDA:17,(anonymous_10)
FNDA:1088,(anonymous_11)
DA:4,1
DA:7,1
DA:8,2
DA:11,17
DA:13,17
DA:14,544
DA:15,272
DA:16,136
DA:17,136
DA:18,136
DA:20,8704
DA:21,8704
DA:23,136
DA:24,0
DA:25,136
DA:26,0
DA:29,136
DA:30,0
DA:31,136
DA:32,0
DA:35,136
DA:36,136
DA:37,136
DA:39,8704
DA:40,8704
DA:42,136
DA:43,0
DA:44,136
DA:45,0
DA:48,136
DA:49,0
DA:50,136
DA:51,0
DA:55,272
DA:56,17408
DA:57,2735
DA:58,2735
DA:59,488
DA:60,860
DA:61,413
DA:62,190
DA:64,223
DA:65,0
DA:69,447
DA:70,148
DA:71,299
DA:72,54
DA:83,17
DA:84,1088
LF:49
LH:40
BRDA:14,0,0,272
BRDA:14,0,1,272
BRDA:15,1,0,136
BRDA:15,1,1,136
BRDA:20,2,0,8704
BRDA:20,2,1,0
BRDA:21,3,0,8704
BRDA:21,3,1,0
BRDA:23,4,0,0
BRDA:23,4,1,136
BRDA:25,5,0,0
BRDA:29,6,0,0
BRDA:29,6,1,136
BRDA:31,7,0,0
BRDA:39,8,0,8704
BRDA:39,8,1,0
BRDA:40,9,0,8704
BRDA:40,9,1,0
BRDA:42,10,0,0
BRDA:42,10,1,136
BRDA:44,11,0,0
BRDA:48,12,0,0
BRDA:48,12,1,136
BRDA:50,13,0,0
BRDA:56,14,0,2735
BRDA:58,15,0,488
BRDA:60,16,0,413
BRDA:60,16,1,447
BRDA:61,17,0,190
BRDA:61,17,1,223
BRDA:64,18,0,0
BRDA:69,19,0,148
BRDA:69,19,1,299
BRDA:71,20,0,54
BRF:34
BRH:21
end_of_record
TN:
SF:src\core\Domain\Logic\Utils\DistanceCalculator.ts
FN:6,(anonymous_0)
FN:10,(anonymous_1)
FN:14,(anonymous_2)
FNF:3
FNH:2
FNDA:24511,(anonymous_0)
FNDA:17828,(anonymous_1)
FNDA:0,(anonymous_2)
DA:5,1
DA:7,24511
DA:11,17828
DA:15,0
DA:20,0
LF:5
LH:3
BRF:0
BRH:0
end_of_record
TN:
SF:src\core\Domain\Logic\Utils\DownLeftTrajectoryMapper.ts
FN:6,(anonymous_1)
FNF:1
FNH:1
FNDA:239,(anonymous_1)
DA:2,1
DA:5,1
DA:7,239
DA:9,239
DA:10,2798
DA:17,150
DA:18,75
DA:19,75
DA:21,75
DA:25,164
DA:26,82
DA:27,82
DA:30,82
DA:32,2
DA:33,2
DA:35,80
DA:38,80
LF:17
LH:17
BRDA:10,0,0,150
BRDA:11,1,0,2798
BRDA:11,1,1,1890
BRDA:11,1,2,553
BRDA:17,2,0,75
BRDA:17,3,0,150
BRDA:17,3,1,85
BRDA:25,4,0,82
BRDA:30,5,0,2
BRDA:30,5,1,80
BRDA:30,6,0,82
BRDA:30,6,1,2
BRF:12
BRH:12
end_of_record
TN:
SF:src\core\Domain\Logic\Utils\DownRightTrajectoryMapper.ts
FN:6,(anonymous_1)
FNF:1
FNH:1
FNDA:321,(anonymous_1)
DA:2,1
DA:5,1
DA:7,321
DA:9,321
DA:10,2843
DA:17,241
DA:18,134
DA:19,134
DA:21,107
DA:25,187
DA:26,99
DA:27,99
DA:30,88
DA:32,8
DA:33,8
DA:35,80
DA:38,80
LF:17
LH:17
BRDA:10,0,0,241
BRDA:11,1,0,2843
BRDA:11,1,1,1875
BRDA:11,1,2,1356
BRDA:17,2,0,134
BRDA:17,3,0,241
BRDA:17,3,1,164
BRDA:25,4,0,99
BRDA:30,5,0,8
BRDA:30,5,1,80
BRDA:30,6,0,88
BRDA:30,6,1,8
BRF:12
BRH:12
end_of_record
TN:
SF:src\core\Domain\Logic\Utils\DownTrajectoryMapper.ts
FN:6,(anonymous_1)
FNF:1
FNH:1
FNDA:376,(anonymous_1)
DA:2,1
DA:5,1
DA:7,376
DA:9,376
DA:10,4236
DA:17,442
DA:18,276
DA:19,276
DA:21,166
DA:25,100
DA:26,43
DA:27,43
DA:30,57
DA:32,0
DA:33,0
DA:35,57
DA:38,57
LF:17
LH:15
BRDA:10,0,0,442
BRDA:11,1,0,4236
BRDA:11,1,1,2974
BRDA:11,1,2,442
BRDA:17,2,0,276
BRDA:17,3,0,442
BRDA:17,3,1,276
BRDA:25,4,0,43
BRDA:30,5,0,0
BRDA:30,5,1,57
BRDA:30,6,0,57
BRDA:30,6,1,0
BRF:12
BRH:10
end_of_record
TN:
SF:src\core\Domain\Logic\Utils\LeftTrajectoryMapper.ts
FN:6,(anonymous_1)
FNF:1
FNH:1
FNDA:374,(anonymous_1)
DA:2,1
DA:5,1
DA:7,374
DA:9,374
DA:10,337
DA:17,337
DA:18,259
DA:19,259
DA:21,78
DA:25,115
DA:26,13
DA:27,13
DA:30,102
DA:32,0
DA:33,0
DA:35,102
DA:38,102
LF:17
LH:15
BRDA:10,0,0,337
BRDA:11,1,0,337
BRDA:11,1,1,337
BRDA:11,1,2,337
BRDA:17,2,0,259
BRDA:17,3,0,337
BRDA:17,3,1,259
BRDA:25,4,0,13
BRDA:30,5,0,0
BRDA:30,5,1,102
BRDA:30,6,0,102
BRDA:30,6,1,0
BRF:12
BRH:10
end_of_record
TN:
SF:src\core\Domain\Logic\Utils\PieceMapper.ts
FN:5,(anonymous_0)
FN:6,(anonymous_1)
FNF:2
FNH:2
FNDA:9,(anonymous_0)
FNDA:109,(anonymous_1)
DA:4,1
DA:6,9
DA:7,109
LF:3
LH:3
BRDA:7,0,0,109
BRDA:7,0,1,13
BRF:2
BRH:2
end_of_record
TN:
SF:src\core\Domain\Logic\Utils\RightTrajectoryMapper.ts
FN:6,(anonymous_1)
FNF:1
FNH:1
FNDA:476,(anonymous_1)
DA:2,1
DA:5,1
DA:7,476
DA:9,476
DA:10,381
DA:17,381
DA:18,367
DA:19,367
DA:21,14
DA:25,109
DA:26,7
DA:27,7
DA:30,102
DA:32,0
DA:33,0
DA:35,102
DA:38,102
LF:17
LH:15
BRDA:10,0,0,381
BRDA:11,1,0,381
BRDA:11,1,1,381
BRDA:11,1,2,381
BRDA:17,2,0,367
BRDA:17,3,0,381
BRDA:17,3,1,367
BRDA:25,4,0,7
BRDA:30,5,0,0
BRDA:30,5,1,102
BRDA:30,6,0,102
BRDA:30,6,1,0
BRF:12
BRH:10
end_of_record
TN:
SF:src\core\Domain\Logic\Utils\Trajectory.ts
FN:14,(anonymous_1)
FN:23,(anonymous_2)
FN:27,(anonymous_3)
FNF:3
FNH:3
FNDA:2747,(anonymous_1)
FNDA:86831,(anonymous_2)
FNDA:88523,(anonymous_3)
DA:3,1
DA:4,1
DA:5,1
DA:6,1
DA:7,1
DA:8,1
DA:9,1
DA:10,1
DA:11,1
DA:13,1
DA:15,2747
DA:17,2747
DA:18,2747
DA:20,2747
DA:21,2747
DA:23,2747
DA:24,86831
DA:27,2747
DA:28,88523
DA:31,2747
DA:32,332
DA:35,2415
DA:36,248
DA:39,2167
DA:41,239
DA:44,1928
DA:45,321
DA:48,1607
DA:49,476
DA:52,1131
DA:53,374
DA:56,757
DA:57,381
DA:60,376
DA:61,376
DA:65,0
LF:36
LH:35
BRDA:24,0,0,86831
BRDA:24,0,1,11991
BRDA:28,1,0,88523
BRDA:28,1,1,12803
BRDA:31,2,0,332
BRDA:31,3,0,2747
BRDA:31,3,1,961
BRDA:35,4,0,248
BRDA:35,5,0,2415
BRDA:35,5,1,629
BRDA:39,6,0,239
BRDA:39,7,0,2167
BRDA:39,7,1,936
BRDA:44,8,0,321
BRDA:44,9,0,1928
BRDA:44,9,1,697
BRDA:48,10,0,476
BRDA:48,11,0,1607
BRDA:48,11,1,850
BRDA:52,12,0,374
BRDA:52,13,0,1131
BRDA:52,13,1,374
BRDA:56,14,0,381
BRDA:56,15,0,757
BRDA:56,15,1,381
BRDA:60,16,0,376
BRDA:60,17,0,376
BRDA:60,17,1,376
BRF:28
BRH:28
end_of_record
TN:
SF:src\core\Domain\Logic\Utils\UpLeftTrajectoryMapper.ts
FN:6,(anonymous_1)
FNF:1
FNH:1
FNDA:248,(anonymous_1)
DA:2,1
DA:5,1
DA:7,248
DA:9,248
DA:10,1966
DA:17,143
DA:18,110
DA:19,110
DA:21,33
DA:25,138
DA:26,73
DA:27,73
DA:30,65
DA:32,0
DA:33,0
DA:35,65
DA:38,65
LF:17
LH:15
BRDA:10,0,0,143
BRDA:11,1,0,1966
BRDA:11,1,1,1158
BRDA:11,1,2,908
BRDA:17,2,0,110
BRDA:17,3,0,143
BRDA:17,3,1,115
BRDA:25,4,0,73
BRDA:30,5,0,0
BRDA:30,5,1,65
BRDA:30,6,0,65
BRDA:30,6,1,0
BRF:12
BRH:10
end_of_record
TN:
SF:src\core\Domain\Logic\Utils\UpRightTrajectoryMapper.ts
FN:6,(anonymous_1)
FNF:1
FNH:1
FNDA:332,(anonymous_1)
DA:3,1
DA:5,1
DA:7,332
DA:8,332
DA:9,4336
DA:16,304
DA:17,136
DA:18,136
DA:20,168
DA:24,196
DA:25,123
DA:26,123
DA:29,73
DA:31,0
DA:32,0
DA:34,73
DA:37,73
LF:17
LH:15
BRDA:9,0,0,304
BRDA:10,1,0,4336
BRDA:10,1,1,2988
BRDA:10,1,2,1156
BRDA:16,2,0,136
BRDA:16,3,0,304
BRDA:16,3,1,144
BRDA:24,4,0,123
BRDA:29,5,0,0
BRDA:29,5,1,73
BRDA:29,6,0,73
BRDA:29,6,1,0
BRF:12
BRH:10
end_of_record
TN:
SF:src\core\Domain\Logic\Utils\UpTrajectoryMapper.ts
FN:6,(anonymous_1)
FNF:1
FNH:1
FNDA:381,(anonymous_1)
DA:2,1
DA:5,1
DA:7,381
DA:9,381
DA:10,4867
DA:17,506
DA:18,264
DA:19,264
DA:21,242
DA:25,117
DA:26,47
DA:27,47
DA:30,70
DA:32,70
DA:34,0
DA:35,0
DA:37,70
DA:40,70
LF:18
LH:16
BRDA:10,0,0,506
BRDA:11,1,0,4867
BRDA:11,1,1,3478
BRDA:11,1,2,506
BRDA:17,2,0,264
BRDA:17,3,0,506
BRDA:17,3,1,264
BRDA:25,4,0,47
BRDA:32,5,0,0
BRDA:32,5,1,70
BRDA:32,6,0,70
BRDA:32,6,1,1
BRF:12
BRH:11
end_of_record
TN:
SF:src\core\Domain\abstracts\Piece.ts
FN:7,(anonymous_0)
FN:14,(anonymous_1)
FN:18,(anonymous_2)
FN:22,(anonymous_3)
FN:26,(anonymous_4)
FN:30,(anonymous_5)
FN:34,(anonymous_6)
FN:38,(anonymous_7)
FNF:8
FNH:8
FNDA:38,(anonymous_0)
FNDA:17,(anonymous_1)
FNDA:2465,(anonymous_2)
FNDA:2246,(anonymous_3)
FNDA:301,(anonymous_4)
FNDA:56963,(anonymous_5)
FNDA:14,(anonymous_6)
FNDA:1,(anonymous_7)
DA:4,7
DA:5,38
DA:8,38
DA:9,38
DA:10,38
DA:11,38
DA:15,17
DA:19,2465
DA:23,2246
DA:27,301
DA:31,56963
DA:35,14
DA:39,1
LF:13
LH:13
BRF:0
BRH:0
end_of_record
TN:
SF:src\core\Domain\abstracts\TrajectoryMapper.ts
FN:10,(anonymous_1)
FN:17,(anonymous_2)
FN:18,(anonymous_3)
FNF:3
FNH:3
FNDA:2747,(anonymous_1)
FNDA:639,(anonymous_2)
FNDA:10999,(anonymous_3)
DA:4,1
DA:6,1
DA:8,2747
DA:11,2747
DA:12,2747
DA:14,2747
DA:18,639
DA:19,10999
LF:8
LH:8
BRDA:19,0,0,10999
BRDA:19,0,1,2390
BRF:2
BRH:2
end_of_record
