<?xml version="1.0" encoding="UTF-8"?>
<coverage generated="1651089988841" clover="3.2.0">
  <project timestamp="1651089988841" name="All files">
    <metrics statements="54" coveredstatements="49" conditionals="48" coveredconditionals="36" methods="18" coveredmethods="17" elements="120" coveredelements="102" complexity="0" loc="54" ncloc="54" packages="1" files="8" classes="8"/>
    <file name="bishop.ts" path="C:\Users\Usuario\Desktop\BOOTCAMP\BACKEND\GITHUB\CHESS\src\bishop.ts">
      <metrics statements="6" coveredstatements="6" conditionals="4" coveredconditionals="4" methods="2" coveredmethods="2"/>
      <line num="1" count="1" type="stmt"/>
      <line num="5" count="1" type="stmt"/>
      <line num="7" count="1" type="stmt"/>
      <line num="11" count="6" type="stmt"/>
      <line num="14" count="6" type="cond" truecount="2" falsecount="0"/>
      <line num="16" count="6" type="cond" truecount="2" falsecount="0"/>
    </file>
    <file name="king.ts" path="C:\Users\Usuario\Desktop\BOOTCAMP\BACKEND\GITHUB\CHESS\src\king.ts">
      <metrics statements="6" coveredstatements="6" conditionals="6" coveredconditionals="6" methods="2" coveredmethods="2"/>
      <line num="1" count="1" type="stmt"/>
      <line num="5" count="1" type="stmt"/>
      <line num="7" count="1" type="stmt"/>
      <line num="11" count="7" type="cond" truecount="2" falsecount="0"/>
      <line num="13" count="7" type="cond" truecount="2" falsecount="0"/>
      <line num="16" count="7" type="cond" truecount="2" falsecount="0"/>
    </file>
    <file name="knight.ts" path="C:\Users\Usuario\Desktop\BOOTCAMP\BACKEND\GITHUB\CHESS\src\knight.ts">
      <metrics statements="6" coveredstatements="6" conditionals="8" coveredconditionals="8" methods="2" coveredmethods="2"/>
      <line num="1" count="1" type="stmt"/>
      <line num="5" count="1" type="stmt"/>
      <line num="7" count="1" type="stmt"/>
      <line num="11" count="10" type="cond" truecount="2" falsecount="0"/>
      <line num="16" count="10" type="cond" truecount="2" falsecount="0"/>
      <line num="18" count="10" type="cond" truecount="2" falsecount="0"/>
    </file>
    <file name="pawn.ts" path="C:\Users\Usuario\Desktop\BOOTCAMP\BACKEND\GITHUB\CHESS\src\pawn.ts">
      <metrics statements="12" coveredstatements="8" conditionals="20" coveredconditionals="8" methods="2" coveredmethods="2"/>
      <line num="1" count="1" type="stmt"/>
      <line num="5" count="1" type="stmt"/>
      <line num="9" count="1" type="stmt"/>
      <line num="10" count="1" type="cond" truecount="1" falsecount="1"/>
      <line num="14" count="6" type="cond" truecount="2" falsecount="0"/>
      <line num="16" count="6" type="cond" truecount="1" falsecount="1"/>
      <line num="17" count="6" type="cond" truecount="1" falsecount="1"/>
      <line num="18" count="6" type="cond" truecount="3" falsecount="0"/>
      <line num="21" count="0" type="cond" truecount="0" falsecount="2"/>
      <line num="24" count="0" type="cond" truecount="0" falsecount="2"/>
      <line num="25" count="0" type="cond" truecount="0" falsecount="3"/>
      <line num="28" count="0" type="cond" truecount="0" falsecount="2"/>
    </file>
    <file name="piece.ts" path="C:\Users\Usuario\Desktop\BOOTCAMP\BACKEND\GITHUB\CHESS\src\piece.ts">
      <metrics statements="6" coveredstatements="5" conditionals="0" coveredconditionals="0" methods="3" coveredmethods="2"/>
      <line num="1" count="6" type="stmt"/>
      <line num="5" count="6" type="stmt"/>
      <line num="10" count="6" type="stmt"/>
      <line num="14" count="6" type="stmt"/>
      <line num="18" count="0" type="stmt"/>
      <line num="22" count="6" type="stmt"/>
    </file>
    <file name="position.ts" path="C:\Users\Usuario\Desktop\BOOTCAMP\BACKEND\GITHUB\CHESS\src\position.ts">
      <metrics statements="5" coveredstatements="5" conditionals="0" coveredconditionals="0" methods="3" coveredmethods="3"/>
      <line num="3" count="6" type="stmt"/>
      <line num="5" count="47" type="stmt"/>
      <line num="6" count="47" type="stmt"/>
      <line num="10" count="212" type="stmt"/>
      <line num="14" count="92" type="stmt"/>
    </file>
    <file name="queen.ts" path="C:\Users\Usuario\Desktop\BOOTCAMP\BACKEND\GITHUB\CHESS\src\queen.ts">
      <metrics statements="7" coveredstatements="7" conditionals="4" coveredconditionals="4" methods="2" coveredmethods="2"/>
      <line num="1" count="1" type="stmt"/>
      <line num="5" count="1" type="stmt"/>
      <line num="7" count="1" type="stmt"/>
      <line num="11" count="6" type="stmt"/>
      <line num="14" count="6" type="stmt"/>
      <line num="17" count="6" type="cond" truecount="2" falsecount="0"/>
      <line num="19" count="6" type="cond" truecount="2" falsecount="0"/>
    </file>
    <file name="rook.ts" path="C:\Users\Usuario\Desktop\BOOTCAMP\BACKEND\GITHUB\CHESS\src\rook.ts">
      <metrics statements="6" coveredstatements="6" conditionals="6" coveredconditionals="6" methods="2" coveredmethods="2"/>
      <line num="1" count="1" type="stmt"/>
      <line num="5" count="1" type="stmt"/>
      <line num="7" count="1" type="stmt"/>
      <line num="11" count="6" type="cond" truecount="2" falsecount="0"/>
      <line num="13" count="6" type="cond" truecount="2" falsecount="0"/>
      <line num="16" count="6" type="cond" truecount="2" falsecount="0"/>
    </file>
  </project>
</coverage>
