{"C:\\Users\\Usuario\\Desktop\\BOOTCAMP\\BACKEND\\GITHUB\\CHESS\\src\\bishop.ts": {"path":"C:\\Users\\Usuario\\Desktop\\BOOTCAMP\\BACKEND\\GITHUB\\CHESS\\src\\bishop.ts","statementMap":{"0":{"start":{"line":1,"column":0},"end":{"line":1,"column":28}},"1":{"start":{"line":7,"column":8},"end":{"line":7,"column":34}},"2":{"start":{"line":11,"column":31},"end":{"line":12,"column":98}},"3":{"start":{"line":14,"column":29},"end":{"line":14,"column":125}},"4":{"start":{"line":16,"column":8},"end":{"line":16,"column":46}},"5":{"start":{"line":5,"column":0},"end":{"line":5,"column":21}}},"fnMap":{"0":{"name":"(anonymous_1)","decl":{"start":{"line":6,"column":4},"end":{"line":6,"column":16}},"loc":{"start":{"line":6,"column":54},"end":{"line":8,"column":5}}},"1":{"name":"(anonymous_2)","decl":{"start":{"line":10,"column":4},"end":{"line":10,"column":13}},"loc":{"start":{"line":10,"column":32},"end":{"line":17,"column":5}}}},"branchMap":{"0":{"loc":{"start":{"line":14,"column":29},"end":{"line":14,"column":125}},"type":"binary-expr","locations":[{"start":{"line":14,"column":29},"end":{"line":14,"column":72}},{"start":{"line":14,"column":76},"end":{"line":14,"column":125}}]},"1":{"loc":{"start":{"line":16,"column":15},"end":{"line":16,"column":45}},"type":"binary-expr","locations":[{"start":{"line":16,"column":15},"end":{"line":16,"column":29}},{"start":{"line":16,"column":33},"end":{"line":16,"column":45}}]}},"s":{"0":1,"1":1,"2":6,"3":6,"4":6,"5":1},"f":{"0":1,"1":6},"b":{"0":[6,1],"1":[6,5]}}
,"C:\\Users\\Usuario\\Desktop\\BOOTCAMP\\BACKEND\\GITHUB\\CHESS\\src\\king.ts": {"path":"C:\\Users\\Usuario\\Desktop\\BOOTCAMP\\BACKEND\\GITHUB\\CHESS\\src\\king.ts","statementMap":{"0":{"start":{"line":1,"column":0},"end":{"line":1,"column":28}},"1":{"start":{"line":7,"column":8},"end":{"line":7,"column":34}},"2":{"start":{"line":11,"column":29},"end":{"line":11,"column":125}},"3":{"start":{"line":13,"column":29},"end":{"line":14,"column":112}},"4":{"start":{"line":16,"column":8},"end":{"line":16,"column":44}},"5":{"start":{"line":5,"column":0},"end":{"line":5,"column":21}}},"fnMap":{"0":{"name":"(anonymous_1)","decl":{"start":{"line":6,"column":4},"end":{"line":6,"column":16}},"loc":{"start":{"line":6,"column":54},"end":{"line":8,"column":5}}},"1":{"name":"(anonymous_2)","decl":{"start":{"line":10,"column":4},"end":{"line":10,"column":13}},"loc":{"start":{"line":10,"column":32},"end":{"line":17,"column":5}}}},"branchMap":{"0":{"loc":{"start":{"line":11,"column":29},"end":{"line":11,"column":125}},"type":"binary-expr","locations":[{"start":{"line":11,"column":29},"end":{"line":11,"column":72}},{"start":{"line":11,"column":76},"end":{"line":11,"column":125}}]},"1":{"loc":{"start":{"line":13,"column":29},"end":{"line":14,"column":112}},"type":"binary-expr","locations":[{"start":{"line":13,"column":29},"end":{"line":13,"column":86}},{"start":{"line":14,"column":11},"end":{"line":14,"column":112}}]},"2":{"loc":{"start":{"line":16,"column":15},"end":{"line":16,"column":43}},"type":"binary-expr","locations":[{"start":{"line":16,"column":15},"end":{"line":16,"column":27}},{"start":{"line":16,"column":31},"end":{"line":16,"column":43}}]}},"s":{"0":1,"1":1,"2":7,"3":7,"4":7,"5":1},"f":{"0":1,"1":7},"b":{"0":[7,3],"1":[7,6],"2":[7,6]}}
,"C:\\Users\\Usuario\\Desktop\\BOOTCAMP\\BACKEND\\GITHUB\\CHESS\\src\\knight.ts": {"path":"C:\\Users\\Usuario\\Desktop\\BOOTCAMP\\BACKEND\\GITHUB\\CHESS\\src\\knight.ts","statementMap":{"0":{"start":{"line":1,"column":0},"end":{"line":1,"column":28}},"1":{"start":{"line":7,"column":8},"end":{"line":7,"column":34}},"2":{"start":{"line":11,"column":31},"end":{"line":14,"column":111}},"3":{"start":{"line":16,"column":29},"end":{"line":16,"column":125}},"4":{"start":{"line":18,"column":8},"end":{"line":18,"column":46}},"5":{"start":{"line":5,"column":0},"end":{"line":5,"column":21}}},"fnMap":{"0":{"name":"(anonymous_1)","decl":{"start":{"line":6,"column":4},"end":{"line":6,"column":16}},"loc":{"start":{"line":6,"column":54},"end":{"line":8,"column":5}}},"1":{"name":"(anonymous_2)","decl":{"start":{"line":10,"column":4},"end":{"line":10,"column":13}},"loc":{"start":{"line":10,"column":32},"end":{"line":19,"column":5}}}},"branchMap":{"0":{"loc":{"start":{"line":11,"column":34},"end":{"line":12,"column":103}},"type":"binary-expr","locations":[{"start":{"line":11,"column":34},"end":{"line":11,"column":92}},{"start":{"line":12,"column":11},"end":{"line":12,"column":103}}]},"1":{"loc":{"start":{"line":13,"column":12},"end":{"line":14,"column":103}},"type":"binary-expr","locations":[{"start":{"line":13,"column":12},"end":{"line":13,"column":70}},{"start":{"line":14,"column":11},"end":{"line":14,"column":103}}]},"2":{"loc":{"start":{"line":16,"column":29},"end":{"line":16,"column":125}},"type":"binary-expr","locations":[{"start":{"line":16,"column":29},"end":{"line":16,"column":72}},{"start":{"line":16,"column":76},"end":{"line":16,"column":125}}]},"3":{"loc":{"start":{"line":18,"column":15},"end":{"line":18,"column":45}},"type":"binary-expr","locations":[{"start":{"line":18,"column":15},"end":{"line":18,"column":29}},{"start":{"line":18,"column":33},"end":{"line":18,"column":45}}]}},"s":{"0":1,"1":1,"2":10,"3":10,"4":10,"5":1},"f":{"0":1,"1":10},"b":{"0":[10,4],"1":[10,4],"2":[10,1],"3":[10,8]}}
,"C:\\Users\\Usuario\\Desktop\\BOOTCAMP\\BACKEND\\GITHUB\\CHESS\\src\\pawn.ts": {"path":"C:\\Users\\Usuario\\Desktop\\BOOTCAMP\\BACKEND\\GITHUB\\CHESS\\src\\pawn.ts","statementMap":{"0":{"start":{"line":1,"column":0},"end":{"line":1,"column":28}},"1":{"start":{"line":9,"column":8},"end":{"line":9,"column":34}},"2":{"start":{"line":10,"column":8},"end":{"line":10,"column":52}},"3":{"start":{"line":14,"column":29},"end":{"line":14,"column":125}},"4":{"start":{"line":16,"column":8},"end":{"line":30,"column":null}},"5":{"start":{"line":17,"column":12},"end":{"line":22,"column":null}},"6":{"start":{"line":18,"column":16},"end":{"line":19,"column":85}},"7":{"start":{"line":21,"column":16},"end":{"line":21,"column":88}},"8":{"start":{"line":24,"column":12},"end":{"line":29,"column":null}},"9":{"start":{"line":25,"column":16},"end":{"line":26,"column":86}},"10":{"start":{"line":28,"column":16},"end":{"line":28,"column":89}},"11":{"start":{"line":5,"column":0},"end":{"line":5,"column":21}}},"fnMap":{"0":{"name":"(anonymous_1)","decl":{"start":{"line":8,"column":4},"end":{"line":8,"column":16}},"loc":{"start":{"line":8,"column":54},"end":{"line":11,"column":5}}},"1":{"name":"(anonymous_2)","decl":{"start":{"line":13,"column":4},"end":{"line":13,"column":13}},"loc":{"start":{"line":13,"column":32},"end":{"line":31,"column":5}}}},"branchMap":{"0":{"loc":{"start":{"line":10,"column":24},"end":{"line":10,"column":51}},"type":"cond-expr","locations":[{"start":{"line":10,"column":46},"end":{"line":10,"column":47}},{"start":{"line":10,"column":50},"end":{"line":10,"column":51}}]},"1":{"loc":{"start":{"line":14,"column":29},"end":{"line":14,"column":125}},"type":"binary-expr","locations":[{"start":{"line":14,"column":29},"end":{"line":14,"column":72}},{"start":{"line":14,"column":76},"end":{"line":14,"column":125}}]},"2":{"loc":{"start":{"line":16,"column":8},"end":{"line":30,"column":null}},"type":"if","locations":[{"start":{"line":16,"column":8},"end":{"line":30,"column":null}},{"start":{"line":23,"column":15},"end":{"line":30,"column":null}}]},"3":{"loc":{"start":{"line":17,"column":12},"end":{"line":22,"column":null}},"type":"if","locations":[{"start":{"line":17,"column":12},"end":{"line":22,"column":null}},{"start":{"line":20,"column":19},"end":{"line":22,"column":null}}]},"4":{"loc":{"start":{"line":18,"column":23},"end":{"line":19,"column":84}},"type":"binary-expr","locations":[{"start":{"line":18,"column":24},"end":{"line":18,"column":72}},{"start":{"line":19,"column":19},"end":{"line":19,"column":67}},{"start":{"line":19,"column":72},"end":{"line":19,"column":84}}]},"5":{"loc":{"start":{"line":21,"column":23},"end":{"line":21,"column":87}},"type":"binary-expr","locations":[{"start":{"line":21,"column":23},"end":{"line":21,"column":71}},{"start":{"line":21,"column":75},"end":{"line":21,"column":87}}]},"6":{"loc":{"start":{"line":24,"column":12},"end":{"line":29,"column":null}},"type":"if","locations":[{"start":{"line":24,"column":12},"end":{"line":29,"column":null}},{"start":{"line":27,"column":19},"end":{"line":29,"column":null}}]},"7":{"loc":{"start":{"line":25,"column":23},"end":{"line":26,"column":85}},"type":"binary-expr","locations":[{"start":{"line":25,"column":24},"end":{"line":25,"column":73}},{"start":{"line":26,"column":19},"end":{"line":26,"column":68}},{"start":{"line":26,"column":73},"end":{"line":26,"column":85}}]},"8":{"loc":{"start":{"line":28,"column":23},"end":{"line":28,"column":88}},"type":"binary-expr","locations":[{"start":{"line":28,"column":23},"end":{"line":28,"column":72}},{"start":{"line":28,"column":76},"end":{"line":28,"column":88}}]}},"s":{"0":1,"1":1,"2":1,"3":6,"4":6,"5":6,"6":6,"7":0,"8":0,"9":0,"10":0,"11":1},"f":{"0":1,"1":6},"b":{"0":[1,0],"1":[6,1],"2":[6,0],"3":[6,0],"4":[6,5,2],"5":[0,0],"6":[0,0],"7":[0,0,0],"8":[0,0]}}
,"C:\\Users\\Usuario\\Desktop\\BOOTCAMP\\BACKEND\\GITHUB\\CHESS\\src\\piece.ts": {"path":"C:\\Users\\Usuario\\Desktop\\BOOTCAMP\\BACKEND\\GITHUB\\CHESS\\src\\piece.ts","statementMap":{"0":{"start":{"line":1,"column":0},"end":{"line":1,"column":34}},"1":{"start":{"line":10,"column":25},"end":{"line":10,"column":37}},"2":{"start":{"line":14,"column":8},"end":{"line":14,"column":50}},"3":{"start":{"line":18,"column":8},"end":{"line":18,"column":33}},"4":{"start":{"line":22,"column":8},"end":{"line":22,"column":26}},"5":{"start":{"line":5,"column":0},"end":{"line":5,"column":30}}},"fnMap":{"0":{"name":"(anonymous_1)","decl":{"start":{"line":9,"column":4},"end":{"line":9,"column":null}},"loc":{"start":{"line":12,"column":22},"end":{"line":15,"column":5}}},"1":{"name":"(anonymous_2)","decl":{"start":{"line":17,"column":4},"end":{"line":17,"column":10}},"loc":{"start":{"line":17,"column":29},"end":{"line":19,"column":5}}},"2":{"name":"(anonymous_3)","decl":{"start":{"line":21,"column":4},"end":{"line":21,"column":12}},"loc":{"start":{"line":21,"column":12},"end":{"line":23,"column":5}}}},"branchMap":{},"s":{"0":6,"1":6,"2":6,"3":0,"4":6,"5":6},"f":{"0":6,"1":0,"2":6},"b":{}}
,"C:\\Users\\Usuario\\Desktop\\BOOTCAMP\\BACKEND\\GITHUB\\CHESS\\src\\position.ts": {"path":"C:\\Users\\Usuario\\Desktop\\BOOTCAMP\\BACKEND\\GITHUB\\CHESS\\src\\position.ts","statementMap":{"0":{"start":{"line":5,"column":16},"end":{"line":5,"column":24}},"1":{"start":{"line":6,"column":16},"end":{"line":6,"column":30}},"2":{"start":{"line":10,"column":8},"end":{"line":10,"column":24}},"3":{"start":{"line":14,"column":8},"end":{"line":14,"column":27}},"4":{"start":{"line":3,"column":0},"end":{"line":3,"column":21}}},"fnMap":{"0":{"name":"(anonymous_0)","decl":{"start":{"line":4,"column":4},"end":{"line":4,"column":null}},"loc":{"start":{"line":6,"column":30},"end":{"line":7,"column":8}}},"1":{"name":"(anonymous_1)","decl":{"start":{"line":9,"column":4},"end":{"line":9,"column":10}},"loc":{"start":{"line":9,"column":10},"end":{"line":11,"column":5}}},"2":{"name":"(anonymous_2)","decl":{"start":{"line":13,"column":4},"end":{"line":13,"column":13}},"loc":{"start":{"line":13,"column":13},"end":{"line":15,"column":5}}}},"branchMap":{},"s":{"0":47,"1":47,"2":212,"3":92,"4":6},"f":{"0":47,"1":212,"2":92},"b":{}}
,"C:\\Users\\Usuario\\Desktop\\BOOTCAMP\\BACKEND\\GITHUB\\CHESS\\src\\queen.ts": {"path":"C:\\Users\\Usuario\\Desktop\\BOOTCAMP\\BACKEND\\GITHUB\\CHESS\\src\\queen.ts","statementMap":{"0":{"start":{"line":1,"column":0},"end":{"line":1,"column":28}},"1":{"start":{"line":7,"column":8},"end":{"line":7,"column":34}},"2":{"start":{"line":11,"column":31},"end":{"line":12,"column":93}},"3":{"start":{"line":14,"column":29},"end":{"line":15,"column":101}},"4":{"start":{"line":17,"column":29},"end":{"line":17,"column":125}},"5":{"start":{"line":19,"column":8},"end":{"line":19,"column":71}},"6":{"start":{"line":5,"column":0},"end":{"line":5,"column":21}}},"fnMap":{"0":{"name":"(anonymous_1)","decl":{"start":{"line":6,"column":4},"end":{"line":6,"column":16}},"loc":{"start":{"line":6,"column":54},"end":{"line":8,"column":5}}},"1":{"name":"(anonymous_2)","decl":{"start":{"line":10,"column":4},"end":{"line":10,"column":13}},"loc":{"start":{"line":10,"column":32},"end":{"line":20,"column":5}}}},"branchMap":{"0":{"loc":{"start":{"line":17,"column":29},"end":{"line":17,"column":125}},"type":"binary-expr","locations":[{"start":{"line":17,"column":29},"end":{"line":17,"column":72}},{"start":{"line":17,"column":76},"end":{"line":17,"column":125}}]},"1":{"loc":{"start":{"line":19,"column":15},"end":{"line":19,"column":70}},"type":"binary-expr","locations":[{"start":{"line":19,"column":15},"end":{"line":19,"column":54}},{"start":{"line":19,"column":58},"end":{"line":19,"column":70}}]}},"s":{"0":1,"1":1,"2":6,"3":6,"4":6,"5":6,"6":1},"f":{"0":1,"1":6},"b":{"0":[6,2],"1":[6,5]}}
,"C:\\Users\\Usuario\\Desktop\\BOOTCAMP\\BACKEND\\GITHUB\\CHESS\\src\\rook.ts": {"path":"C:\\Users\\Usuario\\Desktop\\BOOTCAMP\\BACKEND\\GITHUB\\CHESS\\src\\rook.ts","statementMap":{"0":{"start":{"line":1,"column":0},"end":{"line":1,"column":28}},"1":{"start":{"line":7,"column":8},"end":{"line":7,"column":34}},"2":{"start":{"line":11,"column":29},"end":{"line":11,"column":125}},"3":{"start":{"line":13,"column":29},"end":{"line":14,"column":93}},"4":{"start":{"line":16,"column":8},"end":{"line":16,"column":44}},"5":{"start":{"line":5,"column":0},"end":{"line":5,"column":21}}},"fnMap":{"0":{"name":"(anonymous_1)","decl":{"start":{"line":6,"column":4},"end":{"line":6,"column":16}},"loc":{"start":{"line":6,"column":54},"end":{"line":8,"column":5}}},"1":{"name":"(anonymous_2)","decl":{"start":{"line":10,"column":4},"end":{"line":10,"column":13}},"loc":{"start":{"line":10,"column":32},"end":{"line":17,"column":5}}}},"branchMap":{"0":{"loc":{"start":{"line":11,"column":29},"end":{"line":11,"column":125}},"type":"binary-expr","locations":[{"start":{"line":11,"column":29},"end":{"line":11,"column":72}},{"start":{"line":11,"column":76},"end":{"line":11,"column":125}}]},"1":{"loc":{"start":{"line":13,"column":29},"end":{"line":14,"column":93}},"type":"binary-expr","locations":[{"start":{"line":13,"column":29},"end":{"line":13,"column":77}},{"start":{"line":14,"column":11},"end":{"line":14,"column":93}}]},"2":{"loc":{"start":{"line":16,"column":15},"end":{"line":16,"column":43}},"type":"binary-expr","locations":[{"start":{"line":16,"column":15},"end":{"line":16,"column":27}},{"start":{"line":16,"column":31},"end":{"line":16,"column":43}}]}},"s":{"0":1,"1":1,"2":6,"3":6,"4":6,"5":1},"f":{"0":1,"1":6},"b":{"0":[6,3],"1":[6,3],"2":[6,5]}}
}
