TN:
SF:src\bishop.ts
FN:6,(anonymous_1)
FN:10,(anonymous_2)
FNF:2
FNH:2
FNDA:1,(anonymous_1)
FNDA:6,(anonymous_2)
DA:1,1
DA:5,1
DA:7,1
DA:11,6
DA:14,6
DA:16,6
LF:6
LH:6
BRDA:14,0,0,6
BRDA:14,0,1,1
BRDA:16,1,0,6
BRDA:16,1,1,5
BRF:4
BRH:4
end_of_record
TN:
SF:src\king.ts
FN:6,(anonymous_1)
FN:10,(anonymous_2)
FNF:2
FNH:2
FNDA:1,(anonymous_1)
FNDA:7,(anonymous_2)
DA:1,1
DA:5,1
DA:7,1
DA:11,7
DA:13,7
DA:16,7
LF:6
LH:6
BRDA:11,0,0,7
BRDA:11,0,1,3
BRDA:13,1,0,7
BRDA:13,1,1,6
BRDA:16,2,0,7
BRDA:16,2,1,6
BRF:6
BRH:6
end_of_record
TN:
SF:src\knight.ts
FN:6,(anonymous_1)
FN:10,(anonymous_2)
FNF:2
FNH:2
FNDA:1,(anonymous_1)
FNDA:10,(anonymous_2)
DA:1,1
DA:5,1
DA:7,1
DA:11,10
DA:16,10
DA:18,10
LF:6
LH:6
BRDA:11,0,0,10
BRDA:11,0,1,4
BRDA:13,1,0,10
BRDA:13,1,1,4
BRDA:16,2,0,10
BRDA:16,2,1,1
BRDA:18,3,0,10
BRDA:18,3,1,8
BRF:8
BRH:8
end_of_record
TN:
SF:src\pawn.ts
FN:8,(anonymous_1)
FN:13,(anonymous_2)
FNF:2
FNH:2
FNDA:1,(anonymous_1)
FNDA:6,(anonymous_2)
DA:1,1
DA:5,1
DA:9,1
DA:10,1
DA:14,6
DA:16,6
DA:17,6
DA:18,6
DA:21,0
DA:24,0
DA:25,0
DA:28,0
LF:12
LH:8
BRDA:10,0,0,1
BRDA:10,0,1,0
BRDA:14,1,0,6
BRDA:14,1,1,1
BRDA:16,2,0,6
BRDA:16,2,1,0
BRDA:17,3,0,6
BRDA:17,3,1,0
BRDA:18,4,0,6
BRDA:18,4,1,5
BRDA:18,4,2,2
BRDA:21,5,0,0
BRDA:21,5,1,0
BRDA:24,6,0,0
BRDA:24,6,1,0
BRDA:25,7,0,0
BRDA:25,7,1,0
BRDA:25,7,2,0
BRDA:28,8,0,0
BRDA:28,8,1,0
BRF:20
BRH:8
end_of_record
TN:
SF:src\piece.ts
FN:9,(anonymous_1)
FN:17,(anonymous_2)
FN:21,(anonymous_3)
FNF:3
FNH:2
FNDA:6,(anonymous_1)
FNDA:0,(anonymous_2)
FNDA:6,(anonymous_3)
DA:1,6
DA:5,6
DA:10,6
DA:14,6
DA:18,0
DA:22,6
LF:6
LH:5
BRF:0
BRH:0
end_of_record
TN:
SF:src\position.ts
FN:4,(anonymous_0)
FN:9,(anonymous_1)
FN:13,(anonymous_2)
FNF:3
FNH:3
FNDA:47,(anonymous_0)
FNDA:212,(anonymous_1)
FNDA:92,(anonymous_2)
DA:3,6
DA:5,47
DA:6,47
DA:10,212
DA:14,92
LF:5
LH:5
BRF:0
BRH:0
end_of_record
TN:
SF:src\queen.ts
FN:6,(anonymous_1)
FN:10,(anonymous_2)
FNF:2
FNH:2
FNDA:1,(anonymous_1)
FNDA:6,(anonymous_2)
DA:1,1
DA:5,1
DA:7,1
DA:11,6
DA:14,6
DA:17,6
DA:19,6
LF:7
LH:7
BRDA:17,0,0,6
BRDA:17,0,1,2
BRDA:19,1,0,6
BRDA:19,1,1,5
BRF:4
BRH:4
end_of_record
TN:
SF:src\rook.ts
FN:6,(anonymous_1)
FN:10,(anonymous_2)
FNF:2
FNH:2
FNDA:1,(anonymous_1)
FNDA:6,(anonymous_2)
DA:1,1
DA:5,1
DA:7,1
DA:11,6
DA:13,6
DA:16,6
LF:6
LH:6
BRDA:11,0,0,6
BRDA:11,0,1,3
BRDA:13,1,0,6
BRDA:13,1,1,3
BRDA:16,2,0,6
BRDA:16,2,1,5
BRF:6
BRH:6
end_of_record
